2023-07-15 10:12:15,849 [INFO] Activator:176 - 


2023-07-15 10:12:15,854 [INFO] Activator:177 - !SESSION log4j initialized
2023-07-15 10:12:22,549 [INFO] LogOutputStream:77 - [STDOUT_REDIRECT] 
2023-07-15 10:12:50,628 [ERROR] LogOutputStream:75 - [STDERR_REDIRECT] SLF4J: Failed to load class "org.slf4j.impl.StaticLoggerBinder".
2023-07-15 10:12:50,629 [ERROR] LogOutputStream:75 - [STDERR_REDIRECT] SLF4J: Defaulting to no-operation (NOP) logger implementation
2023-07-15 10:12:50,630 [ERROR] LogOutputStream:75 - [STDERR_REDIRECT] SLF4J: See http://www.slf4j.org/codes.html#StaticLoggerBinder for further details.
2023-07-15 12:13:17,354 [INFO] ApplicationProperties:184 - Using Application install path: C:\ST\STM32CubeIDE_1.12.1\STM32CubeIDE\plugins\com.st.stm32cube.common.mx_6.8.1.202304191431
2023-07-15 12:13:17,370 [INFO] DbMcusXml:78 - Set database path to: C:\ST\STM32CubeIDE_1.12.1\STM32CubeIDE\plugins\com.st.stm32cube.common.mx_6.8.1.202304191431\\db\/mcu/
2023-07-15 12:13:17,370 [INFO] ApiDb:274 - Set plugin database path to: C:\ST\STM32CubeIDE_1.12.1\STM32CubeIDE\plugins\com.st.stm32cube.common.mx_6.8.1.202304191431\\db\/plugins/boardmanager/
2023-07-15 12:13:17,371 [WARN] ApiDb:259 - Overriding images path with different value:  => C:\ST\STM32CubeIDE_1.12.1\STM32CubeIDE\plugins\com.st.stm32cube.common.mx_6.8.1.202304191431\\db\/plugins/mcufinder/images/
2023-07-15 12:13:17,382 [INFO] ApiDb:250 - Set database path to: C:\Users\GAMING\.stmcufinder\plugins\mcufinder//mcu/
2023-07-15 12:13:17,383 [INFO] DbMcusAds:125 - Set database path to: C:\Users\GAMING\.stmcufinder\plugins\mcufinder//mcu/
2023-07-15 12:13:17,790 [INFO] CrossReferenceDbSqlite:203 - Set database path to: C:\Users\GAMING\.stmcufinder\plugins\mcufinder//mcu/cs/
2023-07-15 12:13:17,885 [INFO] RulesReader:64 - Compatibility file has been processed (293 Rules)
2023-07-15 12:13:17,949 [INFO] DbMcusXml:78 - Set database path to: C:\ST\STM32CubeIDE_1.12.1\STM32CubeIDE\plugins\com.st.stm32cube.common.mx_6.8.1.202304191431\\db\/mcu/
2023-07-15 12:13:17,950 [INFO] ApiDb:274 - Set plugin database path to: C:\ST\STM32CubeIDE_1.12.1\STM32CubeIDE\plugins\com.st.stm32cube.common.mx_6.8.1.202304191431\\db\/plugins/boardmanager/
2023-07-15 12:13:17,950 [INFO] ApiDb:261 - Set plugin images path to: C:\ST\STM32CubeIDE_1.12.1\STM32CubeIDE\plugins\com.st.stm32cube.common.mx_6.8.1.202304191431\\db\/plugins/mcufinder/images/
2023-07-15 12:13:17,950 [WARN] DbFile:41 - Overriding database path with different value: C:\Users\GAMING\.stmcufinder\plugins\mcufinder/ => C:\Users\GAMING\.stmcufinder\plugins\mcufinder
2023-07-15 12:13:17,950 [INFO] ApiDb:250 - Set database path to: C:\Users\GAMING\.stmcufinder\plugins\mcufinder//mcu/
2023-07-15 12:13:17,950 [WARN] DbFile:41 - Overriding database path with different value: C:\Users\GAMING\.stmcufinder\plugins\mcufinder/ => C:\Users\GAMING\.stmcufinder\plugins\mcufinder
2023-07-15 12:13:17,950 [INFO] DbMcusAds:125 - Set database path to: C:\Users\GAMING\.stmcufinder\plugins\mcufinder//mcu/
2023-07-15 12:13:17,950 [WARN] DbFile:41 - Overriding database path with different value: C:\Users\GAMING\.stmcufinder\plugins\mcufinder/ => C:\Users\GAMING\.stmcufinder\plugins\mcufinder
2023-07-15 12:13:17,950 [WARN] DbFile:41 - Overriding database path with different value: C:\Users\GAMING\.stmcufinder\plugins\mcufinder/ => C:\Users\GAMING\.stmcufinder\plugins\mcufinder
2023-07-15 12:13:17,950 [INFO] CrossReferenceDbSqlite:203 - Set database path to: C:\Users\GAMING\.stmcufinder\plugins\mcufinder//mcu/cs/
2023-07-15 12:13:18,006 [INFO] MainPanel:253 - HeapMemory: 516947968
2023-07-15 12:13:18,084 [INFO] DbMcusXml:78 - Set database path to: C:\ST\STM32CubeIDE_1.12.1\STM32CubeIDE\plugins\com.st.stm32cube.common.mx_6.8.1.202304191431\\db\/mcu/
2023-07-15 12:13:18,084 [INFO] ApiDb:274 - Set plugin database path to: C:\ST\STM32CubeIDE_1.12.1\STM32CubeIDE\plugins\com.st.stm32cube.common.mx_6.8.1.202304191431\\db\/plugins/boardmanager/
2023-07-15 12:13:18,084 [INFO] ApiDb:261 - Set plugin images path to: C:\ST\STM32CubeIDE_1.12.1\STM32CubeIDE\plugins\com.st.stm32cube.common.mx_6.8.1.202304191431\\db\/plugins/mcufinder/images/
2023-07-15 12:13:18,084 [WARN] DbFile:41 - Overriding database path with different value: C:\Users\GAMING\.stmcufinder\plugins\mcufinder/ => C:\Users\GAMING\.stmcufinder\plugins\mcufinder
2023-07-15 12:13:18,084 [INFO] ApiDb:250 - Set database path to: C:\Users\GAMING\.stmcufinder\plugins\mcufinder//mcu/
2023-07-15 12:13:18,084 [WARN] DbFile:41 - Overriding database path with different value: C:\Users\GAMING\.stmcufinder\plugins\mcufinder/ => C:\Users\GAMING\.stmcufinder\plugins\mcufinder
2023-07-15 12:13:18,084 [INFO] DbMcusAds:125 - Set database path to: C:\Users\GAMING\.stmcufinder\plugins\mcufinder//mcu/
2023-07-15 12:13:18,084 [WARN] DbFile:41 - Overriding database path with different value: C:\Users\GAMING\.stmcufinder\plugins\mcufinder/ => C:\Users\GAMING\.stmcufinder\plugins\mcufinder
2023-07-15 12:13:18,084 [WARN] DbFile:41 - Overriding database path with different value: C:\Users\GAMING\.stmcufinder\plugins\mcufinder/ => C:\Users\GAMING\.stmcufinder\plugins\mcufinder
2023-07-15 12:13:18,085 [INFO] CrossReferenceDbSqlite:203 - Set database path to: C:\Users\GAMING\.stmcufinder\plugins\mcufinder//mcu/cs/
2023-07-15 12:13:18,100 [INFO] ApplicationProperties:184 - Using Application install path: C:\ST\STM32CubeIDE_1.12.1\STM32CubeIDE\plugins\com.st.stm32cube.common.mx_6.8.1.202304191431
2023-07-15 12:13:18,101 [INFO] PluginManage:196 - Search for loadable plugins [exclusion list=, ]
2023-07-15 12:13:18,102 [INFO] PluginManage:310 - Check plugin analytics
2023-07-15 12:13:22,775 [INFO] AnalyticsPlugin:253 - Accepted Software Licenses: 
2023-07-15 12:13:22,775 [INFO] AnalyticsPlugin:255 - Accepted CMSIS Pack Licenses: 
2023-07-15 12:13:22,776 [INFO] AnalyticsPlugin:257 - Accepted Firmware Licenses: 
2023-07-15 12:13:22,778 [INFO] PluginManage:359 - Loaded plugin analytics (category:tool,tabindex:-1)
2023-07-15 12:13:22,779 [INFO] PluginManage:310 - Check plugin cadmodel
2023-07-15 12:13:22,790 [INFO] CADModel:105 - Init CAD model plugin
2023-07-15 12:13:22,790 [INFO] PluginManage:359 - Loaded plugin cadmodel (category:power,tabindex:5)
2023-07-15 12:13:22,790 [INFO] PluginManage:310 - Check plugin clock
2023-07-15 12:13:22,806 [INFO] PluginManage:359 - Loaded plugin clock (category:base,tabindex:2)
2023-07-15 12:13:22,806 [INFO] PluginManage:310 - Check plugin ddr
2023-07-15 12:13:22,808 [INFO] PluginManage:359 - Loaded plugin ddr (category:tool,tabindex:6)
2023-07-15 12:13:22,809 [INFO] PluginManage:310 - Check plugin filemanager
2023-07-15 12:13:22,916 [INFO] PluginManage:359 - Loaded plugin filemanager (category:base,tabindex:10)
2023-07-15 12:13:22,916 [INFO] PluginManage:310 - Check plugin ipmanager
2023-07-15 12:13:22,922 [INFO] PluginManage:359 - Loaded plugin ipmanager (category:base,tabindex:5)
2023-07-15 12:13:22,922 [INFO] PluginManage:310 - Check plugin lpbam
2023-07-15 12:13:22,936 [INFO] PluginManage:359 - Loaded plugin lpbam (category:base,tabindex:0)
2023-07-15 12:13:22,936 [INFO] PluginManage:310 - Check plugin pinoutandconfiguration
2023-07-15 12:13:22,949 [INFO] PluginManage:359 - Loaded plugin pinoutandconfiguration (category:base,tabindex:1)
2023-07-15 12:13:22,949 [INFO] PluginManage:310 - Check plugin pinoutconfig
2023-07-15 12:13:23,035 [WARN] SupportedApi:132 - Cannot load RTOS API schema: s4s-elt-must-match.1: The content of 'definitions' must match (annotation?, (simpleType | complexType)?, (unique | key | keyref)*)). A problem was found starting at: attribute.
2023-07-15 12:13:23,152 [INFO] PluginManage:359 - Loaded plugin pinoutconfig (category:base,tabindex:0)
2023-07-15 12:13:23,152 [INFO] PluginManage:310 - Check plugin power
2023-07-15 12:13:23,168 [INFO] PluginManage:359 - Loaded plugin power (category:power,tabindex:4)
2023-07-15 12:13:23,168 [INFO] PluginManage:310 - Check plugin projectmanager
2023-07-15 12:13:23,180 [INFO] PluginManage:359 - Loaded plugin projectmanager (category:projectmanager,tabindex:3)
2023-07-15 12:13:23,180 [INFO] PluginManage:310 - Check plugin thirdparty
2023-07-15 12:13:23,349 [INFO] PluginManage:359 - Loaded plugin thirdparty (category:base,tabindex:-1)
2023-07-15 12:13:23,349 [WARN] IntegrityCheckThread:84 - waiting for thirdparty lock release [integrity check]
2023-07-15 12:13:23,349 [INFO] PluginManage:310 - Check plugin tools
2023-07-15 12:13:23,349 [INFO] IntegrityCheckThread:86 - entering critical section [integrity check]
2023-07-15 12:13:23,350 [INFO] ThirdPartyUpdaterWithRetryManager:70 - Updater plugin not ready yet. [1/15]
2023-07-15 12:13:23,370 [INFO] PluginManage:359 - Loaded plugin tools (category:base,tabindex:7)
2023-07-15 12:13:23,370 [INFO] PluginManage:310 - Check plugin tutovideos
2023-07-15 12:13:23,566 [INFO] PluginManage:359 - Loaded plugin tutovideos (category:base,tabindex:-1)
2023-07-15 12:13:23,566 [INFO] PluginManage:310 - Check plugin updater
2023-07-15 12:13:23,578 [INFO] PluginManage:359 - Loaded plugin updater (category:base,tabindex:12)
2023-07-15 12:13:23,579 [INFO] PluginManage:283 - PluginManage : Loaded plugins [15]
2023-07-15 12:13:23,773 [INFO] PinOutPanel:1499 - setPackage(No Configuration,No Configuration)
2023-07-15 12:13:23,825 [INFO] CADModel:165 - CPN selected for project level
2023-07-15 12:13:23,825 [INFO] CADModel:114 - Register for checkConnection events
2023-07-15 12:13:23,846 [INFO] IPUIPlugin:80 - create IPUIPlugin
2023-07-15 12:13:23,846 [INFO] PluginManager:220 - loadIPPluginJar : add adc
2023-07-15 12:13:23,871 [INFO] IPUIPlugin:80 - create IPUIPlugin
2023-07-15 12:13:23,872 [INFO] PluginManager:220 - loadIPPluginJar : add aes
2023-07-15 12:13:23,899 [INFO] IPUIPlugin:80 - create IPUIPlugin
2023-07-15 12:13:23,899 [INFO] PluginManager:220 - loadIPPluginJar : add can
2023-07-15 12:13:23,915 [INFO] IPUIPlugin:80 - create IPUIPlugin
2023-07-15 12:13:23,915 [INFO] PluginManager:220 - loadIPPluginJar : add comp
2023-07-15 12:13:23,939 [INFO] IPUIPlugin:80 - create IPUIPlugin
2023-07-15 12:13:23,939 [INFO] PluginManager:220 - loadIPPluginJar : add cryp
2023-07-15 12:13:23,960 [INFO] IPUIPlugin:80 - create IPUIPlugin
2023-07-15 12:13:23,960 [INFO] PluginManager:220 - loadIPPluginJar : add dfsdm
2023-07-15 12:13:23,971 [INFO] IPUIPlugin:80 - create IPUIPlugin
2023-07-15 12:13:23,971 [INFO] PluginManager:220 - loadIPPluginJar : add dma
2023-07-15 12:13:24,001 [INFO] IPUIPlugin:80 - create IPUIPlugin
2023-07-15 12:13:24,001 [INFO] PluginManager:220 - loadIPPluginJar : add dma3
2023-07-15 12:13:24,015 [INFO] IPUIPlugin:80 - create IPUIPlugin
2023-07-15 12:13:24,015 [INFO] PluginManager:220 - loadIPPluginJar : add fatfs
2023-07-15 12:13:24,047 [INFO] IPUIPlugin:80 - create IPUIPlugin
2023-07-15 12:13:24,047 [INFO] PluginManager:220 - loadIPPluginJar : add fmc
2023-07-15 12:13:24,058 [INFO] IPUIPlugin:80 - create IPUIPlugin
2023-07-15 12:13:24,059 [INFO] PluginManager:220 - loadIPPluginJar : add freertos
2023-07-15 12:13:24,073 [INFO] IPUIPlugin:80 - create IPUIPlugin
2023-07-15 12:13:24,073 [INFO] PluginManager:220 - loadIPPluginJar : add genericplugin
2023-07-15 12:13:24,133 [INFO] IPUIPlugin:80 - create IPUIPlugin
2023-07-15 12:13:24,133 [INFO] PluginManager:220 - loadIPPluginJar : add gfxmmu
2023-07-15 12:13:24,221 [INFO] IPUIPlugin:80 - create IPUIPlugin
2023-07-15 12:13:24,222 [INFO] PluginManager:220 - loadIPPluginJar : add gic
2023-07-15 12:13:24,231 [INFO] IPUIPlugin:80 - create IPUIPlugin
2023-07-15 12:13:24,231 [INFO] PluginManager:220 - loadIPPluginJar : add gpio
2023-07-15 12:13:24,291 [INFO] IPUIPlugin:80 - create IPUIPlugin
2023-07-15 12:13:24,291 [INFO] PluginManager:220 - loadIPPluginJar : add gtzc
2023-07-15 12:13:24,314 [INFO] IPUIPlugin:80 - create IPUIPlugin
2023-07-15 12:13:24,314 [INFO] PluginManager:220 - loadIPPluginJar : add hash
2023-07-15 12:13:24,349 [INFO] IPUIPlugin:80 - create IPUIPlugin
2023-07-15 12:13:24,349 [INFO] PluginManager:220 - loadIPPluginJar : add i2c
2023-07-15 12:13:24,375 [INFO] IPUIPlugin:80 - create IPUIPlugin
2023-07-15 12:13:24,376 [INFO] PluginManager:220 - loadIPPluginJar : add i2s
2023-07-15 12:13:24,404 [INFO] IPUIPlugin:80 - create IPUIPlugin
2023-07-15 12:13:24,404 [INFO] PluginManager:220 - loadIPPluginJar : add i3c
2023-07-15 12:13:24,478 [INFO] IPUIPlugin:80 - create IPUIPlugin
2023-07-15 12:13:24,478 [INFO] PluginManager:220 - loadIPPluginJar : add ipddr
2023-07-15 12:13:24,540 [INFO] IPUIPlugin:80 - create IPUIPlugin
2023-07-15 12:13:24,540 [INFO] PluginManager:220 - loadIPPluginJar : add linkedlist
2023-07-15 12:13:24,565 [INFO] IPUIPlugin:80 - create IPUIPlugin
2023-07-15 12:13:24,566 [INFO] PluginManager:220 - loadIPPluginJar : add lorawan
2023-07-15 12:13:24,590 [INFO] IPUIPlugin:80 - create IPUIPlugin
2023-07-15 12:13:24,591 [INFO] PluginManager:220 - loadIPPluginJar : add ltdc
2023-07-15 12:13:24,601 [INFO] IPUIPlugin:80 - create IPUIPlugin
2023-07-15 12:13:24,601 [INFO] PluginManager:220 - loadIPPluginJar : add mdma
2023-07-15 12:13:24,610 [INFO] IPUIPlugin:80 - create IPUIPlugin
2023-07-15 12:13:24,610 [INFO] PluginManager:220 - loadIPPluginJar : add nvic
2023-07-15 12:13:24,634 [INFO] IPUIPlugin:80 - create IPUIPlugin
2023-07-15 12:13:24,634 [INFO] PluginManager:220 - loadIPPluginJar : add opamp
2023-07-15 12:13:24,674 [INFO] IPUIPlugin:80 - create IPUIPlugin
2023-07-15 12:13:24,676 [INFO] PluginManager:220 - loadIPPluginJar : add openamp
2023-07-15 12:13:24,705 [INFO] IPUIPlugin:80 - create IPUIPlugin
2023-07-15 12:13:24,705 [INFO] PluginManager:220 - loadIPPluginJar : add pdm2pcm
2023-07-15 12:13:24,717 [INFO] IPUIPlugin:80 - create IPUIPlugin
2023-07-15 12:13:24,719 [INFO] PluginManager:220 - loadIPPluginJar : add plateformsettings
2023-07-15 12:13:24,734 [INFO] IPUIPlugin:80 - create IPUIPlugin
2023-07-15 12:13:24,734 [INFO] PluginManager:220 - loadIPPluginJar : add quadspi
2023-07-15 12:13:24,744 [INFO] IPUIPlugin:80 - create IPUIPlugin
2023-07-15 12:13:24,744 [INFO] PluginManager:220 - loadIPPluginJar : add resmgrutility
2023-07-15 12:13:24,776 [INFO] IPUIPlugin:80 - create IPUIPlugin
2023-07-15 12:13:24,776 [INFO] PluginManager:220 - loadIPPluginJar : add sai
2023-07-15 12:13:24,801 [INFO] IPUIPlugin:80 - create IPUIPlugin
2023-07-15 12:13:24,801 [INFO] PluginManager:220 - loadIPPluginJar : add spi
2023-07-15 12:13:24,840 [INFO] IPUIPlugin:80 - create IPUIPlugin
2023-07-15 12:13:24,840 [INFO] PluginManager:220 - loadIPPluginJar : add stm32_wpan
2023-07-15 12:13:24,856 [INFO] IPUIPlugin:80 - create IPUIPlugin
2023-07-15 12:13:24,856 [INFO] PluginManager:220 - loadIPPluginJar : add tim
2023-07-15 12:13:24,901 [INFO] IPUIPlugin:80 - create IPUIPlugin
2023-07-15 12:13:24,902 [INFO] PluginManager:220 - loadIPPluginJar : add touchsensing
2023-07-15 12:13:24,920 [INFO] IPUIPlugin:80 - create IPUIPlugin
2023-07-15 12:13:24,921 [INFO] PluginManager:220 - loadIPPluginJar : add tracer_emb
2023-07-15 12:13:24,939 [INFO] IPUIPlugin:80 - create IPUIPlugin
2023-07-15 12:13:24,939 [INFO] PluginManager:220 - loadIPPluginJar : add ts
2023-07-15 12:13:24,957 [INFO] IPUIPlugin:80 - create IPUIPlugin
2023-07-15 12:13:24,957 [INFO] PluginManager:220 - loadIPPluginJar : add tsc
2023-07-15 12:13:24,974 [INFO] IPUIPlugin:80 - create IPUIPlugin
2023-07-15 12:13:24,974 [INFO] PluginManager:220 - loadIPPluginJar : add ucpd
2023-07-15 12:13:25,007 [INFO] IPUIPlugin:80 - create IPUIPlugin
2023-07-15 12:13:25,007 [INFO] PluginManager:220 - loadIPPluginJar : add usart
2023-07-15 12:13:25,038 [INFO] IPUIPlugin:80 - create IPUIPlugin
2023-07-15 12:13:25,039 [INFO] PluginManager:220 - loadIPPluginJar : add usbx
2023-07-15 12:13:25,180 [INFO] CADModel:165 - CPN selected for project level
2023-07-15 12:13:25,180 [INFO] CADModel:114 - Register for checkConnection events
2023-07-15 12:13:25,180 [FATAL] Updater:308 - Updater called before beeing initialized
2023-07-15 12:13:25,181 [ERROR] CADModel:125 - Updater not yet initialized, retry later 
2023-07-15 12:13:25,294 [INFO] CADModel:165 - CPN selected for project level
2023-07-15 12:13:25,294 [INFO] CADModel:114 - Register for checkConnection events
2023-07-15 12:13:25,294 [FATAL] Updater:308 - Updater called before beeing initialized
2023-07-15 12:13:25,294 [ERROR] CADModel:125 - Updater not yet initialized, retry later 
2023-07-15 12:13:25,298 [FATAL] Updater:308 - Updater called before beeing initialized
2023-07-15 12:13:25,381 [FATAL] Updater:308 - Updater called before beeing initialized
2023-07-15 12:13:25,390 [INFO] DbMcusAds:53 - JSON generation date=Tue Mar 07 00:50:55 PST 2023 (1678179055114)
2023-07-15 12:13:25,391 [FATAL] Updater:308 - Updater called before beeing initialized
2023-07-15 12:13:25,448 [WARN] DetailPanel:346 - Failed to get advertising image, set to default
2023-07-15 12:13:25,534 [FATAL] Updater:308 - Updater called before beeing initialized
2023-07-15 12:13:25,536 [FATAL] Updater:308 - Updater called before beeing initialized
2023-07-15 12:13:25,536 [FATAL] Updater:308 - Updater called before beeing initialized
2023-07-15 12:13:25,536 [WARN] DetailPanel:346 - Failed to get advertising image, set to default
2023-07-15 12:13:25,537 [FATAL] Updater:308 - Updater called before beeing initialized
2023-07-15 12:13:25,582 [ERROR] Updater:1120 - MainUpdater not yet initialized. External WinMGr cannot be set.
2023-07-15 12:13:25,589 [INFO] Updater:1056 - Updater Version found : 6.8.1
2023-07-15 12:13:25,604 [INFO] ApplicationProperties:184 - Using Application install path: C:\ST\STM32CubeIDE_1.12.1\STM32CubeIDE\plugins\com.st.stm32cube.common.mx_6.8.1.202304191431
2023-07-15 12:13:26,313 [INFO] MainUpdater:2854 - connection check result : 10
2023-07-15 12:13:26,316 [INFO] MainUpdater:283 - Updater Check For Update Now.
2023-07-15 12:13:26,316 [INFO] MicroXplorer:498 - Change Database Version : DB.6.0.81
2023-07-15 12:13:26,364 [WARN] MainUpdater:1187 - Updater busy. Cannot search thirdparties
2023-07-15 12:13:26,364 [INFO] ThirdPartyUpdaterWithRetryManager:96 - Updater plugin is busy. [1/15]
2023-07-15 12:13:26,485 [INFO] CheckServerUpdateThread:120 - End of CheckServer Thread
2023-07-15 12:13:26,545 [INFO] MainUpdater:2854 - connection check result : 10
2023-07-15 12:13:26,941 [INFO] ApiDb:581 - Connected to CubeFinder SQLite database (C:\Users\GAMING\.stmcufinder\plugins\mcufinder\mcu\cube-finder-db.db)
2023-07-15 12:13:27,002 [INFO] ApiDb:668 - CubeFinder database Data Model version=2.1
2023-07-15 12:13:27,002 [INFO] ApiDb:669 - CubeFinder database Configuration version=3.0.37
2023-07-15 12:13:27,003 [INFO] ApiDb:670 - CubeFinder database generation date=2023-06-26 (1687786131)
2023-07-15 12:13:27,003 [INFO] ApiDb:671 - CubeFinder database FW Pack versions=[FP-ATR-ASTRA1_V2.0.0, FP-SNS-FLIGHT1_V5.0.1, FP-SNS-MOTENV1_V4.3.1, STM32Cube_FW_C0_V1.1.0, STM32Cube_FW_F4_V1.27.1, STM32Cube_FW_F7_V1.17.0, STM32Cube_FW_G0_V1.6.1, STM32Cube_FW_G4_V1.5.1, STM32Cube_FW_H5_V0.5.1, STM32Cube_FW_H5_V1.1.0, STM32Cube_FW_H7_V1.11.0, STM32Cube_FW_L0_V1.12.2, STM32Cube_FW_L5_V1.5.0, STM32Cube_FW_U5_V1.3.0, STM32Cube_FW_U5_V1.3.0RC4, STM32Cube_FW_WBA_V1.0.0RC1, STM32Cube_FW_WBA_V1.1.0, STM32Cube_FW_WBA_V1.1.0RC1, STM32Cube_FW_WB_V1.15.0RC1, STM32Cube_FW_WB_V1.16.0, STM32Cube_FW_WB_V1.16.0RC2, STM32Cube_FW_WB_V1.17.0, STM32Cube_FW_WL_V1.3.0, X-CUBE-ALGOBUILD_V1.3.0, X-CUBE-ALS_V1.0.1, X-CUBE-AZRTOS-F4_V1.1.0, X-CUBE-AZRTOS-F7_V1.1.0, X-CUBE-AZRTOS-G0_V1.1.0, X-CUBE-AZRTOS-G4_V2.0.0, X-CUBE-AZRTOS-H7_V3.1.0, X-CUBE-AZRTOS-L4_V1.0.0, X-CUBE-AZRTOS-L4_V2.0.0, X-CUBE-AZRTOS-L5_V1.1.0, X-CUBE-AZRTOS-WB_V1.1.0, X-CUBE-AZRTOS-WL_V2.0.0, X-CUBE-BLE1_V6.2.4, X-CUBE-BLE2_V3.3.0, X-CUBE-BLEMGR_V2.0.0, X-CUBE-EEPRMA1_V4.1.0, X-CUBE-FREERTOS_V1.0.1, X-CUBE-GNSS1_V6.0.0, X-CUBE-MEMS1_V9.1.0, X-CUBE-MEMS1_V9.4.0, X-CUBE-MEMS1_V9.6.0, X-CUBE-NFC4_V3.0.0, X-CUBE-NFC7_V1.0.0, X-CUBE-SFXS2LP1_V4.0.0, X-CUBE-SUBG2_V5.0.0]
2023-07-15 12:13:27,113 [INFO] DbBoardsSqlite:226 - include board P-NUCLEO-WB55-NUCLEO as a kit item of type 'Nucleo-64'
2023-07-15 12:13:27,113 [INFO] DbBoardsSqlite:226 - include board P-NUCLEO-WB55-USBDONGLE as a kit item of type 'Nucleo USB Dongle'
2023-07-15 12:13:27,114 [INFO] DbBoardsSqlite:226 - include board STEVAL-IDP005V1 as a kit item of type 'Evaluation Board'
2023-07-15 12:13:27,114 [INFO] DbBoardsSqlite:226 - include board STEVAL-IDP005V2 as a kit item of type 'Evaluation Board'
2023-07-15 12:13:27,387 [INFO] ApiDb:240 - Found 297 in-development CPN: [B-G473E-ZEST1S, B-WB1M-WPAN1, B-WL5M-SUBG1, NUCLEO-C031C6, NUCLEO-H503RB, NUCLEO-H563ZI, NUCLEO-U545RE-Q, NUCLEO-U5A5ZJ-Q, NUCLEO-WBA52CG, STEVAL-PROTEUS1, STEVAL-STWINBX1, STM320518-EVAL, STM32C0116-DK, STM32C011D6Y3TR, STM32C011D6Y6TR, STM32C011F4P3, STM32C011F4P6, STM32C011F4U3, STM32C011F4U6TR, STM32C011F6P3, STM32C011F6P6, STM32C011F6U3, STM32C011F6U6TR, STM32C011J4M3, STM32C011J4M6, STM32C011J6M3, STM32C011J6M6, STM32C0316-DK, STM32C031C4T3, STM32C031C4T6, STM32C031C4U3, STM32C031C4U6, STM32C031C6T3, STM32C031C6T6, STM32C031C6U3, STM32C031C6U6, STM32C031F4P3, STM32C031F4P6, STM32C031F6P3, STM32C031F6P6, STM32C031G4U3, STM32C031G4U6, STM32C031G6U3, STM32C031G6U6, STM32C031K4T3, STM32C031K4T6, STM32C031K4U3, STM32C031K4U6, STM32C031K6T3, STM32C031K6T6, STM32C031K6U3, STM32C031K6U6, STM32G071K8TXN, STM32G071K8UXN, STM32G081GBU6N, STM32G081KBT6N, STM32G081KBUXN, STM32G0B1CCT6N, STM32G0B1KCT6, STM32G0B1NEY6TR, STM32G0B1RCT6N, STM32G0C1CCT6, STM32G0C1CCT6N, STM32G0C1CCU6N, STM32G0C1CET6N, STM32G0C1CEU6N, STM32G0C1KCT6, STM32G0C1NEY6TR, STM32G0C1RCI6N, STM32G0C1RCT6N, STM32G0C1REI6N, STM32G0C1RET6N, STM32G0C1VCI6, STM32G0C1VEI6, STM32G471CCT6, STM32G471CCU6, STM32G471CET3, STM32G471CET6, STM32G471CEU3, STM32G471CEU6, STM32G471MCT6, STM32G471MET3, STM32G471MET6, STM32G471MEY6TR, STM32G471QCT6, STM32G471QET3, STM32G471RCT6, STM32G471RET3, STM32G471RET6, STM32G471VCH6, STM32G471VCI6, STM32G471VCT6, STM32G471VEH3, STM32G471VEH6, STM32G471VEI3, STM32G471VEI6, STM32G471VET3, STM32G471VET6, STM32G474CCT6, STM32H503CBT6, STM32H503CBU6, STM32H503EBY6TR, STM32H503KBU6, STM32H503RBT6, STM32H562AGI6, STM32H562AII6, STM32H562IGK6, STM32H562IGT6, STM32H562IIK6, STM32H562IIT6, STM32H562RGT6, STM32H562RGV6, STM32H562RIT6, STM32H562RIV6, STM32H562VGT6, STM32H562VIT6, STM32H562ZGT6, STM32H562ZIT6, STM32H563AGI6, STM32H563AII3Q, STM32H563AII6, STM32H563IGK6, STM32H563IGT6, STM32H563IIK3Q, STM32H563IIK6, STM32H563IIT3Q, STM32H563IIT6, STM32H563MIY3QTR, STM32H563RGT6, STM32H563RGV6, STM32H563RIT6, STM32H563RIV6, STM32H563VGT6, STM32H563VIT3Q, STM32H563VIT6, STM32H563ZGT6, STM32H563ZIT3Q, STM32H563ZIT6, STM32H573AII3Q, STM32H573AII6, STM32H573I-DK, STM32H573IIK3Q, STM32H573IIK6, STM32H573IIT3Q, STM32H573IIT6, STM32H573MIY3QTR, STM32H573RIT6, STM32H573RIV6, STM32H573VIT3Q, STM32H573VIT6, STM32H573ZIT3Q, STM32H573ZIT6, STM32L4R5QGI6STR, STM32MP131AAE3, STM32MP131AAF3, STM32MP131AAG3, STM32MP131CAE3, STM32MP131CAF3, STM32MP131CAG3, STM32MP131DAE7, STM32MP131DAF7, STM32MP131DAG7, STM32MP131FAE7, STM32MP131FAF7, STM32MP131FAG7, STM32MP133AAE3, STM32MP133AAF3, STM32MP133AAG3, STM32MP133CAE3, STM32MP133CAF3, STM32MP133CAG3, STM32MP133DAE7, STM32MP133DAF7, STM32MP133DAG7, STM32MP133FAE7, STM32MP133FAF7, STM32MP133FAG7, STM32MP135AAE3, STM32MP135AAF3, STM32MP135AAG3, STM32MP135CAE3, STM32MP135CAF3, STM32MP135CAG3, STM32MP135DAE7, STM32MP135DAF7, STM32MP135DAG7, STM32MP135F-DK, STM32MP135FAE7, STM32MP135FAF7, STM32MP135FAF7T, STM32MP135FAF7U, STM32MP135FAG7, STM32U535CBT6, STM32U535CBT6Q, STM32U535CBU6, STM32U535CBU6Q, STM32U535CCT6, STM32U535CCT6Q, STM32U535CCU6, STM32U535CCU6Q, STM32U535CET6, STM32U535CET6Q, STM32U535CEU6, STM32U535CEU6Q, STM32U535JEY6QTR, STM32U535NCY6QTR, STM32U535NEY6QTR, STM32U535RBI6, STM32U535RBI6Q, STM32U535RBT6, STM32U535RBT6Q, STM32U535RCI6, STM32U535RCI6Q, STM32U535RCT6, STM32U535RCT6Q, STM32U535REI6, STM32U535REI6Q, STM32U535RET6, STM32U535RET6Q, STM32U535VCI6, STM32U535VCI6Q, STM32U535VCT6, STM32U535VCT6Q, STM32U535VEI6, STM32U535VEI6Q, STM32U535VET6, STM32U535VET6Q, STM32U545CET6, STM32U545CET6Q, STM32U545CEU6, STM32U545CEU6Q, STM32U545JEY6QTR, STM32U545NEY6QTR, STM32U545REI6, STM32U545REI6Q, STM32U545RET6, STM32U545RET6Q, STM32U545VEI6, STM32U545VEI6Q, STM32U545VET6, STM32U545VET6Q, STM32U595AIH6, STM32U595AIH6Q, STM32U595AJH6, STM32U595AJH6Q, STM32U595QII6, STM32U595QII6Q, STM32U595QJI6, STM32U595QJI6Q, STM32U595RIT6, STM32U595RIT6Q, STM32U595RJT6, STM32U595RJT6Q, STM32U595VIT6, STM32U595VIT6Q, STM32U595VJT6, STM32U595VJT6Q, STM32U595ZIT6, STM32U595ZIT6Q, STM32U595ZIY6QTR, STM32U595ZJT6, STM32U595ZJT6Q, STM32U595ZJY6QTR, STM32U599BJY6QTR, STM32U599NIH6Q, STM32U599NJH6Q, STM32U599VIT6Q, STM32U599VJT6, STM32U599VJT6Q, STM32U599ZIT6Q, STM32U599ZIY6QTR, STM32U599ZJT6Q, STM32U599ZJY6QTR, STM32U5A5AJH6, STM32U5A5AJH6Q, STM32U5A5QJI6, STM32U5A5QJI6Q, STM32U5A5RJT6, STM32U5A5RJT6Q, STM32U5A5VJT6, STM32U5A5VJT6Q, STM32U5A5ZJT6, STM32U5A5ZJT6Q, STM32U5A5ZJY6QTR, STM32U5A9BJY6QTR, STM32U5A9J-DK, STM32U5A9NJH6Q, STM32U5A9VJT6Q, STM32U5A9ZJT6Q, STM32U5A9ZJY6QTR, STM32WB1MMCH6, STM32WBA52CEU6, STM32WBA52CEU6T, STM32WBA52CGU6, STM32WBA52CGU6T, STM32WL5MOCH6, STM32WL5MOCH6TR]
2023-07-15 12:13:27,391 [INFO] ApiDb:668 - CubeFinder database Data Model version=2.1
2023-07-15 12:13:27,391 [INFO] ApiDb:669 - CubeFinder database Configuration version=3.0.37
2023-07-15 12:13:27,391 [INFO] ApiDb:670 - CubeFinder database generation date=2023-06-26 (1687786131)
2023-07-15 12:13:27,391 [INFO] ApiDb:671 - CubeFinder database FW Pack versions=[FP-ATR-ASTRA1_V2.0.0, FP-SNS-FLIGHT1_V5.0.1, FP-SNS-MOTENV1_V4.3.1, STM32Cube_FW_C0_V1.1.0, STM32Cube_FW_F4_V1.27.1, STM32Cube_FW_F7_V1.17.0, STM32Cube_FW_G0_V1.6.1, STM32Cube_FW_G4_V1.5.1, STM32Cube_FW_H5_V0.5.1, STM32Cube_FW_H5_V1.1.0, STM32Cube_FW_H7_V1.11.0, STM32Cube_FW_L0_V1.12.2, STM32Cube_FW_L5_V1.5.0, STM32Cube_FW_U5_V1.3.0, STM32Cube_FW_U5_V1.3.0RC4, STM32Cube_FW_WBA_V1.0.0RC1, STM32Cube_FW_WBA_V1.1.0, STM32Cube_FW_WBA_V1.1.0RC1, STM32Cube_FW_WB_V1.15.0RC1, STM32Cube_FW_WB_V1.16.0, STM32Cube_FW_WB_V1.16.0RC2, STM32Cube_FW_WB_V1.17.0, STM32Cube_FW_WL_V1.3.0, X-CUBE-ALGOBUILD_V1.3.0, X-CUBE-ALS_V1.0.1, X-CUBE-AZRTOS-F4_V1.1.0, X-CUBE-AZRTOS-F7_V1.1.0, X-CUBE-AZRTOS-G0_V1.1.0, X-CUBE-AZRTOS-G4_V2.0.0, X-CUBE-AZRTOS-H7_V3.1.0, X-CUBE-AZRTOS-L4_V1.0.0, X-CUBE-AZRTOS-L4_V2.0.0, X-CUBE-AZRTOS-L5_V1.1.0, X-CUBE-AZRTOS-WB_V1.1.0, X-CUBE-AZRTOS-WL_V2.0.0, X-CUBE-BLE1_V6.2.4, X-CUBE-BLE2_V3.3.0, X-CUBE-BLEMGR_V2.0.0, X-CUBE-EEPRMA1_V4.1.0, X-CUBE-FREERTOS_V1.0.1, X-CUBE-GNSS1_V6.0.0, X-CUBE-MEMS1_V9.1.0, X-CUBE-MEMS1_V9.4.0, X-CUBE-MEMS1_V9.6.0, X-CUBE-NFC4_V3.0.0, X-CUBE-NFC7_V1.0.0, X-CUBE-SFXS2LP1_V4.0.0, X-CUBE-SUBG2_V5.0.0]
2023-07-15 12:13:28,837 [INFO] ApiDb:240 - Found 297 in-development CPN: [B-G473E-ZEST1S, B-WB1M-WPAN1, B-WL5M-SUBG1, NUCLEO-C031C6, NUCLEO-H503RB, NUCLEO-H563ZI, NUCLEO-U545RE-Q, NUCLEO-U5A5ZJ-Q, NUCLEO-WBA52CG, STEVAL-PROTEUS1, STEVAL-STWINBX1, STM320518-EVAL, STM32C0116-DK, STM32C011D6Y3TR, STM32C011D6Y6TR, STM32C011F4P3, STM32C011F4P6, STM32C011F4U3, STM32C011F4U6TR, STM32C011F6P3, STM32C011F6P6, STM32C011F6U3, STM32C011F6U6TR, STM32C011J4M3, STM32C011J4M6, STM32C011J6M3, STM32C011J6M6, STM32C0316-DK, STM32C031C4T3, STM32C031C4T6, STM32C031C4U3, STM32C031C4U6, STM32C031C6T3, STM32C031C6T6, STM32C031C6U3, STM32C031C6U6, STM32C031F4P3, STM32C031F4P6, STM32C031F6P3, STM32C031F6P6, STM32C031G4U3, STM32C031G4U6, STM32C031G6U3, STM32C031G6U6, STM32C031K4T3, STM32C031K4T6, STM32C031K4U3, STM32C031K4U6, STM32C031K6T3, STM32C031K6T6, STM32C031K6U3, STM32C031K6U6, STM32G071K8TXN, STM32G071K8UXN, STM32G081GBU6N, STM32G081KBT6N, STM32G081KBUXN, STM32G0B1CCT6N, STM32G0B1KCT6, STM32G0B1NEY6TR, STM32G0B1RCT6N, STM32G0C1CCT6, STM32G0C1CCT6N, STM32G0C1CCU6N, STM32G0C1CET6N, STM32G0C1CEU6N, STM32G0C1KCT6, STM32G0C1NEY6TR, STM32G0C1RCI6N, STM32G0C1RCT6N, STM32G0C1REI6N, STM32G0C1RET6N, STM32G0C1VCI6, STM32G0C1VEI6, STM32G471CCT6, STM32G471CCU6, STM32G471CET3, STM32G471CET6, STM32G471CEU3, STM32G471CEU6, STM32G471MCT6, STM32G471MET3, STM32G471MET6, STM32G471MEY6TR, STM32G471QCT6, STM32G471QET3, STM32G471RCT6, STM32G471RET3, STM32G471RET6, STM32G471VCH6, STM32G471VCI6, STM32G471VCT6, STM32G471VEH3, STM32G471VEH6, STM32G471VEI3, STM32G471VEI6, STM32G471VET3, STM32G471VET6, STM32G474CCT6, STM32H503CBT6, STM32H503CBU6, STM32H503EBY6TR, STM32H503KBU6, STM32H503RBT6, STM32H562AGI6, STM32H562AII6, STM32H562IGK6, STM32H562IGT6, STM32H562IIK6, STM32H562IIT6, STM32H562RGT6, STM32H562RGV6, STM32H562RIT6, STM32H562RIV6, STM32H562VGT6, STM32H562VIT6, STM32H562ZGT6, STM32H562ZIT6, STM32H563AGI6, STM32H563AII3Q, STM32H563AII6, STM32H563IGK6, STM32H563IGT6, STM32H563IIK3Q, STM32H563IIK6, STM32H563IIT3Q, STM32H563IIT6, STM32H563MIY3QTR, STM32H563RGT6, STM32H563RGV6, STM32H563RIT6, STM32H563RIV6, STM32H563VGT6, STM32H563VIT3Q, STM32H563VIT6, STM32H563ZGT6, STM32H563ZIT3Q, STM32H563ZIT6, STM32H573AII3Q, STM32H573AII6, STM32H573I-DK, STM32H573IIK3Q, STM32H573IIK6, STM32H573IIT3Q, STM32H573IIT6, STM32H573MIY3QTR, STM32H573RIT6, STM32H573RIV6, STM32H573VIT3Q, STM32H573VIT6, STM32H573ZIT3Q, STM32H573ZIT6, STM32L4R5QGI6STR, STM32MP131AAE3, STM32MP131AAF3, STM32MP131AAG3, STM32MP131CAE3, STM32MP131CAF3, STM32MP131CAG3, STM32MP131DAE7, STM32MP131DAF7, STM32MP131DAG7, STM32MP131FAE7, STM32MP131FAF7, STM32MP131FAG7, STM32MP133AAE3, STM32MP133AAF3, STM32MP133AAG3, STM32MP133CAE3, STM32MP133CAF3, STM32MP133CAG3, STM32MP133DAE7, STM32MP133DAF7, STM32MP133DAG7, STM32MP133FAE7, STM32MP133FAF7, STM32MP133FAG7, STM32MP135AAE3, STM32MP135AAF3, STM32MP135AAG3, STM32MP135CAE3, STM32MP135CAF3, STM32MP135CAG3, STM32MP135DAE7, STM32MP135DAF7, STM32MP135DAG7, STM32MP135F-DK, STM32MP135FAE7, STM32MP135FAF7, STM32MP135FAF7T, STM32MP135FAF7U, STM32MP135FAG7, STM32U535CBT6, STM32U535CBT6Q, STM32U535CBU6, STM32U535CBU6Q, STM32U535CCT6, STM32U535CCT6Q, STM32U535CCU6, STM32U535CCU6Q, STM32U535CET6, STM32U535CET6Q, STM32U535CEU6, STM32U535CEU6Q, STM32U535JEY6QTR, STM32U535NCY6QTR, STM32U535NEY6QTR, STM32U535RBI6, STM32U535RBI6Q, STM32U535RBT6, STM32U535RBT6Q, STM32U535RCI6, STM32U535RCI6Q, STM32U535RCT6, STM32U535RCT6Q, STM32U535REI6, STM32U535REI6Q, STM32U535RET6, STM32U535RET6Q, STM32U535VCI6, STM32U535VCI6Q, STM32U535VCT6, STM32U535VCT6Q, STM32U535VEI6, STM32U535VEI6Q, STM32U535VET6, STM32U535VET6Q, STM32U545CET6, STM32U545CET6Q, STM32U545CEU6, STM32U545CEU6Q, STM32U545JEY6QTR, STM32U545NEY6QTR, STM32U545REI6, STM32U545REI6Q, STM32U545RET6, STM32U545RET6Q, STM32U545VEI6, STM32U545VEI6Q, STM32U545VET6, STM32U545VET6Q, STM32U595AIH6, STM32U595AIH6Q, STM32U595AJH6, STM32U595AJH6Q, STM32U595QII6, STM32U595QII6Q, STM32U595QJI6, STM32U595QJI6Q, STM32U595RIT6, STM32U595RIT6Q, STM32U595RJT6, STM32U595RJT6Q, STM32U595VIT6, STM32U595VIT6Q, STM32U595VJT6, STM32U595VJT6Q, STM32U595ZIT6, STM32U595ZIT6Q, STM32U595ZIY6QTR, STM32U595ZJT6, STM32U595ZJT6Q, STM32U595ZJY6QTR, STM32U599BJY6QTR, STM32U599NIH6Q, STM32U599NJH6Q, STM32U599VIT6Q, STM32U599VJT6, STM32U599VJT6Q, STM32U599ZIT6Q, STM32U599ZIY6QTR, STM32U599ZJT6Q, STM32U599ZJY6QTR, STM32U5A5AJH6, STM32U5A5AJH6Q, STM32U5A5QJI6, STM32U5A5QJI6Q, STM32U5A5RJT6, STM32U5A5RJT6Q, STM32U5A5VJT6, STM32U5A5VJT6Q, STM32U5A5ZJT6, STM32U5A5ZJT6Q, STM32U5A5ZJY6QTR, STM32U5A9BJY6QTR, STM32U5A9J-DK, STM32U5A9NJH6Q, STM32U5A9VJT6Q, STM32U5A9ZJT6Q, STM32U5A9ZJY6QTR, STM32WB1MMCH6, STM32WBA52CEU6, STM32WBA52CEU6T, STM32WBA52CGU6, STM32WBA52CGU6T, STM32WL5MOCH6, STM32WL5MOCH6TR]
2023-07-15 12:13:28,840 [INFO] DbMcus:216 - Found 3825 MCUs, 3825 are supported
2023-07-15 12:13:28,842 [INFO] ApiDb:423 - Load user favorites file C:\Users\GAMING/.stm32cubeide/favorites.mcus.txt: 0 item(s)
2023-07-15 12:13:28,842 [INFO] ApiDb:427 - User favorites MCUs=[]
2023-07-15 12:13:28,842 [INFO] DbMcus:222 - Set 0 / 0 favorites MCUs
2023-07-15 12:13:29,201 [INFO] BoardInfo:880 - No configuration file found for board P-NUCLEO-WB55
2023-07-15 12:13:29,201 [INFO] DbBoards:157 - Kit is not supported: P-NUCLEO-WB55
2023-07-15 12:13:29,207 [INFO] BoardInfo:880 - No configuration file found for board STEVAL-BFA001V1B
2023-07-15 12:13:29,207 [INFO] DbBoards:157 - Kit is not supported: STEVAL-BFA001V1B
2023-07-15 12:13:29,208 [INFO] BoardInfo:880 - No configuration file found for board STEVAL-BFA001V2B
2023-07-15 12:13:29,208 [INFO] DbBoards:157 - Kit is not supported: STEVAL-BFA001V2B
2023-07-15 12:13:29,213 [INFO] BoardInfo:880 - No configuration file found for board STEVAL-SMARTAG2
2023-07-15 12:13:29,213 [INFO] DbBoards:157 - Board is not supported: STEVAL-SMARTAG2
2023-07-15 12:13:29,295 [INFO] DbBoards:161 - Found 188 boards, 184 are supported
2023-07-15 12:13:29,297 [INFO] ApiDb:423 - Load user favorites file C:\Users\GAMING/.stm32cubeide/favorites.boards.txt: 0 item(s)
2023-07-15 12:13:29,297 [INFO] ApiDb:427 - User favorites Boards=[]
2023-07-15 12:13:29,297 [INFO] DbBoards:190 - Set 0 / 0 favorites Boards
2023-07-15 12:13:29,297 [INFO] McuFinderGlobals:66 - Set McuFinderConnectedMode to true
2023-07-15 12:13:29,303 [INFO] MultiScanPanel:200 - Auto-refresh data requested => check proxy status ongoing
2023-07-15 12:13:29,306 [INFO] FinderPluginLoader:95 - Searching for filters in installed packs
2023-07-15 12:13:29,497 [WARN] PackLoader:240 - Cannot read IP mode file for STMicroelectronics.X-CUBE-SMBUS.2.1.0
2023-07-15 12:13:29,526 [WARN] PackLoader:240 - Cannot read IP mode file for STMicroelectronics.X-CUBE-AZRTOS-F7.1.1.0
2023-07-15 12:13:29,539 [WARN] PackLoader:240 - Cannot read IP mode file for STMicroelectronics.FP-SNS-MOTENV1.4.3.2
2023-07-15 12:13:29,549 [ERROR] RealEvaluatedCondition:428 - Found unsupported composite condition: GROUP='STM32_MetaDataManager' CLASS='Data Exchange'
2023-07-15 12:13:29,549 [ERROR] RealEvaluatedCondition:428 - Found unsupported composite condition: CLASS='Data Exchange' GROUP='STM32_MetaDataManager'
2023-07-15 12:13:29,550 [WARN] PackLoader:240 - Cannot read IP mode file for STMicroelectronics.FP-SNS-MOTENV1.4.3.1
2023-07-15 12:13:29,560 [WARN] PackLoader:240 - Cannot read IP mode file for STMicroelectronics.FP-SNS-FLIGHT1.5.0.1
2023-07-15 12:13:29,571 [WARN] PackLoader:240 - Cannot read IP mode file for STMicroelectronics.X-CUBE-BLE1.6.2.4
2023-07-15 12:13:29,582 [WARN] PackLoader:240 - Cannot read IP mode file for STMicroelectronics.X-CUBE-DISPLAY.3.0.0
2023-07-15 12:13:29,595 [WARN] PackLoader:240 - Cannot read IP mode file for emotas.I-CUBE-CANOPEN.1.3.0
2023-07-15 12:13:29,610 [WARN] PackLoader:240 - Cannot read IP mode file for STMicroelectronics.X-CUBE-TOUCHGFX.4.22.0
2023-07-15 12:13:29,623 [INFO] LogOutputStream:77 - [STDOUT_REDIRECT] 1 : Invalid condition id : UX_CORESTACK_Condition cause : null
2023-07-15 12:13:29,624 [INFO] LogOutputStream:77 - [STDOUT_REDIRECT] 1 : Invalid condition id : UX_CORESTACK_Condition cause : null
2023-07-15 12:13:29,624 [INFO] LogOutputStream:77 - [STDOUT_REDIRECT] 1 : Invalid condition id : UX_CORESTACK_Condition cause : null
2023-07-15 12:13:29,625 [INFO] LogOutputStream:77 - [STDOUT_REDIRECT] 1 : Invalid condition id : UX_CORESTACK_Condition cause : null
2023-07-15 12:13:29,626 [INFO] LogOutputStream:77 - [STDOUT_REDIRECT] 1 : Invalid condition id : UX_CORESTACK_Condition cause : null
2023-07-15 12:13:29,628 [WARN] PackLoader:240 - Cannot read IP mode file for STMicroelectronics.X-CUBE-AZRTOS-WL.2.0.0
2023-07-15 12:13:29,640 [WARN] PackLoader:240 - Cannot read IP mode file for WES.I-CUBE-Cesium.1.3.0
2023-07-15 12:13:29,649 [WARN] PackLoader:240 - Cannot read IP mode file for STMicroelectronics.X-CUBE-BLE2.3.3.0
2023-07-15 12:13:29,656 [WARN] PackLoader:240 - Cannot read IP mode file for STMicroelectronics.X-CUBE-TOUCHGFX.4.21.4
2023-07-15 12:13:29,665 [WARN] PackLoader:240 - Cannot read IP mode file for STMicroelectronics.X-CUBE-ALGOBUILD.1.3.0
2023-07-15 12:13:29,684 [WARN] PackLoader:240 - Cannot read IP mode file for STMicroelectronics.X-CUBE-AZRTOS-G0.1.1.0
2023-07-15 12:13:29,695 [WARN] PackLoader:240 - Cannot read IP mode file for STMicroelectronics.X-CUBE-NFC4.3.0.0
2023-07-15 12:13:29,705 [WARN] PackLoader:240 - Cannot read IP mode file for STMicroelectronics.FP-ATR-SIGFOX1.3.2.0
2023-07-15 12:13:29,746 [WARN] PackLoader:240 - Cannot read IP mode file for SEGGER.I-CUBE-embOS.1.3.1
2023-07-15 12:13:29,793 [WARN] PackLoader:240 - Cannot read IP mode file for STMicroelectronics.X-CUBE-GNSS1.6.0.0
2023-07-15 12:13:29,825 [WARN] PackLoader:240 - Cannot read IP mode file for STMicroelectronics.X-CUBE-AZRTOS-F4.1.1.0
2023-07-15 12:13:29,837 [WARN] PackLoader:240 - Cannot read IP mode file for wolfSSL.I-CUBE-wolfSSL.5.6.3
2023-07-15 12:13:29,848 [WARN] PackLoader:240 - Cannot read IP mode file for wolfSSL.I-CUBE-wolfSSL.5.6.0
2023-07-15 12:13:29,899 [WARN] PackLoader:240 - Cannot read IP mode file for STMicroelectronics.X-CUBE-MEMS1.9.6.0
2023-07-15 12:13:30,103 [WARN] PackLoader:240 - Cannot read IP mode file for emotas.I-CUBE-CANOPEN.1.1.3
2023-07-15 12:13:30,121 [WARN] PackLoader:240 - Cannot read IP mode file for STMicroelectronics.X-CUBE-BLEMGR.2.0.0
2023-07-15 12:13:30,157 [WARN] ConditionMgr:438 - getConditionDescription Invalid condition id : UX DEVICE CLASS RTOS Condition cause : null
2023-07-15 12:13:30,158 [WARN] ConditionMgr:438 - getConditionDescription Invalid condition id : UX DEVICE CLASS RTOS Condition cause : null
2023-07-15 12:13:30,160 [WARN] PackLoader:240 - Cannot read IP mode file for STMicroelectronics.X-CUBE-AZRTOS-H7.3.1.0
2023-07-15 12:13:30,161 [WARN] ConditionMgr:1039 - genDependencies : Invalid condition id : UX DEVICE CLASS RTOS Condition cause : null
2023-07-15 12:13:30,161 [WARN] ConditionMgr:1039 - genDependencies : Invalid condition id : UX DEVICE CLASS RTOS Condition cause : null
2023-07-15 12:13:30,162 [WARN] ConditionMgr:1039 - genDependencies : Invalid condition id : UX DEVICE CLASS RTOS Condition cause : null
2023-07-15 12:13:30,162 [WARN] ConditionMgr:1039 - genDependencies : Invalid condition id : UX DEVICE CLASS RTOS Condition cause : null
2023-07-15 12:13:30,162 [WARN] ConditionMgr:1039 - genDependencies : Invalid condition id : UX DEVICE CLASS RTOS Condition cause : null
2023-07-15 12:13:30,178 [WARN] PackLoader:240 - Cannot read IP mode file for STMicroelectronics.X-CUBE-NFC7.1.0.1
2023-07-15 12:13:30,192 [WARN] PackLoader:240 - Cannot read IP mode file for STMicroelectronics.X-CUBE-NFC7.1.0.0
2023-07-15 12:13:30,206 [WARN] PackLoader:240 - Cannot read IP mode file for STMicroelectronics.X-CUBE-EEPRMA1.4.1.0
2023-07-15 12:13:30,244 [WARN] ConditionMgr:438 - getConditionDescription Invalid condition id : LAN8742 Phy interface Condition cause : null
2023-07-15 12:13:30,252 [WARN] PackLoader:240 - Cannot read IP mode file for STMicroelectronics.X-CUBE-AZRTOS-L4.2.0.0
2023-07-15 12:13:30,253 [WARN] ConditionMgr:1039 - genDependencies : Invalid condition id : LAN8742 Phy interface Condition cause : null
2023-07-15 12:13:30,254 [WARN] ConditionMgr:1039 - genDependencies : Invalid condition id : LAN8742 Phy interface Condition cause : null
2023-07-15 12:13:30,254 [WARN] ConditionMgr:1039 - genDependencies : Invalid condition id : LAN8742 Phy interface Condition cause : null
2023-07-15 12:13:30,267 [WARN] PackLoader:240 - Cannot read IP mode file for STMicroelectronics.X-CUBE-SFXS2LP1.4.0.0
2023-07-15 12:13:30,279 [WARN] PackLoader:240 - Cannot read IP mode file for STMicroelectronics.X-CUBE-ISPU.1.1.0
2023-07-15 12:13:30,301 [WARN] PackLoader:240 - Cannot read IP mode file for STMicroelectronics.X-CUBE-FREERTOS.1.0.1
2023-07-15 12:13:30,325 [WARN] PackLoader:240 - Cannot read IP mode file for STMicroelectronics.X-CUBE-AZRTOS-L5.1.1.0
2023-07-15 12:13:30,342 [WARN] PackLoader:240 - Cannot read IP mode file for STMicroelectronics.X-CUBE-AI.8.0.1
2023-07-15 12:13:30,360 [WARN] PackLoader:240 - Cannot read IP mode file for STMicroelectronics.X-CUBE-SUBG2.5.0.0
2023-07-15 12:13:30,383 [WARN] PackLoader:240 - Cannot read IP mode file for STMicroelectronics.X-CUBE-AZRTOS-G4.2.0.0
2023-07-15 12:13:30,403 [WARN] PackLoader:240 - Cannot read IP mode file for STMicroelectronics.X-CUBE-TOF1.3.3.0
2023-07-15 12:13:30,421 [WARN] PackLoader:240 - Cannot read IP mode file for portGmbH.I-Cube-SoM-uGOAL.1.1.0
2023-07-15 12:13:30,432 [WARN] PackLoader:240 - Cannot read IP mode file for STMicroelectronics.X-CUBE-ALS.1.0.1
2023-07-15 12:13:30,455 [WARN] PackLoader:240 - Cannot read IP mode file for STMicroelectronics.X-CUBE-AZRTOS-WB.1.1.0
2023-07-15 12:13:30,471 [WARN] PackLoader:240 - Cannot read IP mode file for STMicroelectronics.FP-ATR-ASTRA1.2.0.0
2023-07-15 12:13:30,471 [INFO] ThirdParty:978 - Integrity check success = true
2023-07-15 12:13:30,471 [INFO] IntegrityCheckThread:100 - exiting critical section [integrity check]
2023-07-15 12:13:30,471 [INFO] IntegrityCheckThread:103 - End integrity checks thread
2023-07-15 12:13:30,659 [INFO] LoadUrlFilesThread:185 - End of LoadServerUrlFiles without Thread
2023-07-15 12:13:30,665 [INFO] DetailPanel:341 - Set advertising image to C:/Users/GAMING/STM32Cube/Repository/\en.prom-stm32h5-mcu-finder.jpg
2023-07-15 12:14:06,866 [INFO] MainUpdater:2854 - connection check result : 10
2023-07-15 12:14:06,866 [INFO] MainUpdater:2854 - connection check result : 10
2023-07-15 12:14:06,890 [INFO] MicroXplorer:468 - Change Database Path : 
2023-07-15 12:14:06,891 [INFO] MicroXplorer:498 - Change Database Version : DB.6.0.81
2023-07-15 12:14:06,891 [WARN] ThirdParty:871 - waiting for thirdparty lock release [close project]
2023-07-15 12:14:06,891 [INFO] ThirdParty:873 - entering critical section [close project]
2023-07-15 12:14:06,892 [INFO] ThirdParty:883 - exiting critical section [close project]
2023-07-15 12:14:06,894 [INFO] PinOutPanel:1499 - setPackage(No Configuration,No Configuration)
2023-07-15 12:14:06,897 [INFO] UtilMem:75 - Begin LoadConfig() Used Memory: 550405680 Bytes (671088640)
2023-07-15 12:14:06,898 [INFO] MicroXplorer:468 - Change Database Path : 
2023-07-15 12:14:06,898 [INFO] MicroXplorer:498 - Change Database Version : DB.6.0.81
2023-07-15 12:14:06,898 [INFO] OpenFileManager:308 - Change cursor
2023-07-15 12:14:06,961 [INFO] Mcu:1937 - Initializing MCU STM32L432KCUx STM32L432KCUx 
2023-07-15 12:14:06,962 [INFO] Mcu:1950 - No CPN specified => set CPN to STM32L432KCU3
2023-07-15 12:14:07,986 [INFO] Context:659 - Trying to add GPIOservice into a context  which must be forbidden
2023-07-15 12:14:08,300 [INFO] ImportTextPane:194 - (OptionalMessage_ERROR) Unable to find key (Mcu.ThirdPartyNb) in loaded IOC file
2023-07-15 12:14:08,301 [INFO] ImportTextPane:194 - (OptionalMessage_ERROR) Unable to find key (Mcu.PinsNb) in loaded IOC file
2023-07-15 12:14:08,301 [INFO] ImportTextPane:194 - (OptionalMessage_ERROR) Unable to find key (Mcu.IPNb) in loaded IOC file
2023-07-15 12:14:08,438 [INFO] RtosManager:555 - Registered RTOS mode: class=CMSIS, group=RTOS, mode=CMSIS_V1, owner=FREERTOS
2023-07-15 12:14:08,438 [INFO] RtosManager:555 - Registered RTOS mode: class=CMSIS, group=RTOS2, mode=CMSIS_V2, owner=FREERTOS
2023-07-15 12:14:08,438 [INFO] RtosManager:555 - Registered RTOS mode: class=RTOS, group=Core, mode=CMSIS_V1, owner=FREERTOS
2023-07-15 12:14:08,438 [INFO] RtosManager:555 - Registered RTOS mode: class=RTOS, group=Core, mode=CMSIS_V2, owner=FREERTOS
2023-07-15 12:14:08,438 [WARN] ModelIntegratedComponent:184 - Missing modes for component STMicroelectronics:FreeRTOS:0.0.1:STMicroelectronics:RTOS:FreeRTOS:Core:::10.2.0:
2023-07-15 12:14:08,446 [WARN] ModelIntegratedComponent:63 - No mode defined for component null
2023-07-15 12:14:08,446 [WARN] ModelIntegratedComponent:63 - No mode defined for component null
2023-07-15 12:14:08,446 [WARN] ModelIntegratedComponent:63 - No mode defined for component null
2023-07-15 12:14:08,446 [WARN] ModelIntegratedComponent:63 - No mode defined for component null
2023-07-15 12:14:08,446 [WARN] ModelIntegratedComponent:63 - No mode defined for component null
2023-07-15 12:14:08,446 [WARN] ModelIntegratedComponent:63 - No mode defined for component null
2023-07-15 12:14:08,446 [WARN] ModelIntegratedComponent:63 - No mode defined for component null
2023-07-15 12:14:08,446 [WARN] ModelIntegratedComponent:63 - No mode defined for component null
2023-07-15 12:14:08,446 [WARN] ModelIntegratedComponent:63 - No mode defined for component null
2023-07-15 12:14:08,447 [WARN] ModelIntegratedComponent:63 - No mode defined for component null
2023-07-15 12:14:08,447 [WARN] ModelIntegratedComponent:63 - No mode defined for component null
2023-07-15 12:14:08,447 [WARN] ModelIntegratedComponent:63 - No mode defined for component null
2023-07-15 12:14:08,447 [WARN] ModelIntegratedComponent:63 - No mode defined for component null
2023-07-15 12:14:08,447 [WARN] ModelIntegratedComponent:63 - No mode defined for component null
2023-07-15 12:14:08,447 [WARN] ModelIntegratedComponent:63 - No mode defined for component null
2023-07-15 12:14:08,447 [WARN] ModelIntegratedComponent:63 - No mode defined for component null
2023-07-15 12:14:08,447 [WARN] ModelIntegratedComponent:63 - No mode defined for component null
2023-07-15 12:14:08,447 [WARN] ModelIntegratedComponent:63 - No mode defined for component null
2023-07-15 12:14:08,447 [WARN] ModelIntegratedComponent:63 - No mode defined for component null
2023-07-15 12:14:08,447 [WARN] ModelIntegratedComponent:63 - No mode defined for component null
2023-07-15 12:14:08,447 [WARN] ModelIntegratedComponent:63 - No mode defined for component null
2023-07-15 12:14:08,447 [WARN] ModelIntegratedComponent:63 - No mode defined for component null
2023-07-15 12:14:08,447 [WARN] ModelIntegratedComponent:63 - No mode defined for component null
2023-07-15 12:14:08,447 [WARN] ModelIntegratedComponent:63 - No mode defined for component null
2023-07-15 12:14:08,447 [WARN] ModelIntegratedComponent:63 - No mode defined for component null
2023-07-15 12:14:08,447 [WARN] ModelIntegratedComponent:63 - No mode defined for component null
2023-07-15 12:14:08,447 [WARN] ModelIntegratedComponent:63 - No mode defined for component null
2023-07-15 12:14:08,447 [WARN] ModelIntegratedComponent:63 - No mode defined for component null
2023-07-15 12:14:08,447 [WARN] ModelIntegratedComponent:63 - No mode defined for component null
2023-07-15 12:14:08,448 [WARN] ModelIntegratedComponent:63 - No mode defined for component null
2023-07-15 12:14:08,448 [WARN] ModelIntegratedComponent:63 - No mode defined for component null
2023-07-15 12:14:08,448 [WARN] ModelIntegratedComponent:63 - No mode defined for component null
2023-07-15 12:14:08,448 [WARN] ModelIntegratedComponent:63 - No mode defined for component null
2023-07-15 12:14:08,464 [INFO] ThirdPartyModel:298 - Start build external matchings
2023-07-15 12:14:08,764 [INFO] ThirdPartyModel:316 - End build external matchings
2023-07-15 12:14:08,913 [INFO] UtilMem:75 - End LoadConfig() Used Memory: 578317592 Bytes (671088640)
2023-07-15 12:14:08,938 [WARN] ThirdParty:833 - waiting for thirdparty lock release [change project]
2023-07-15 12:14:08,938 [INFO] ThirdParty:835 - entering critical section [change project]
2023-07-15 12:14:08,938 [INFO] ThirdParty:1030 - CMSIS Pack Vendor :STMicroelectronics X-CUBE-ISPU 1.1.0
2023-07-15 12:14:08,938 [INFO] ThirdParty:1030 - CMSIS Pack Vendor :STMicroelectronics X-CUBE-GNSS1 6.0.0
2023-07-15 12:14:08,938 [INFO] ThirdParty:1030 - CMSIS Pack Vendor :STMicroelectronics USB_HOST 2.0.0
2023-07-15 12:14:08,938 [INFO] ThirdParty:1030 - CMSIS Pack Vendor :STMicroelectronics X-CUBE-AZRTOS-F4 1.1.0
2023-07-15 12:14:08,938 [INFO] ThirdParty:1030 - CMSIS Pack Vendor :STMicroelectronics LIBJPEG 8.0.0
2023-07-15 12:14:08,938 [INFO] ThirdParty:1030 - CMSIS Pack Vendor :wolfSSL I-CUBE-wolfSSL 5.6.3
2023-07-15 12:14:08,938 [INFO] ThirdParty:1030 - CMSIS Pack Vendor :STMicroelectronics X-CUBE-SMBUS 2.1.0
2023-07-15 12:14:08,939 [INFO] ThirdParty:1030 - CMSIS Pack Vendor :wolfSSL I-CUBE-wolfSSL 5.6.0
2023-07-15 12:14:08,939 [INFO] ThirdParty:1030 - CMSIS Pack Vendor :STMicroelectronics USB_DEVICE 3.0.0
2023-07-15 12:14:08,939 [INFO] ThirdParty:1030 - CMSIS Pack Vendor :STMicroelectronics X-CUBE-FREERTOS 1.0.1
2023-07-15 12:14:08,939 [INFO] ThirdParty:1030 - CMSIS Pack Vendor :STMicroelectronics X-CUBE-AZRTOS-F7 1.1.0
2023-07-15 12:14:08,939 [INFO] ThirdParty:1030 - CMSIS Pack Vendor :STMicroelectronics X-CUBE-TOUCHGFX 4.21.4
2023-07-15 12:14:08,939 [INFO] ThirdParty:1030 - CMSIS Pack Vendor :STMicroelectronics USB_DEVICE 2.0.0
2023-07-15 12:14:08,939 [INFO] ThirdParty:1030 - CMSIS Pack Vendor :STMicroelectronics X-CUBE-MEMS1 9.6.0
2023-07-15 12:14:08,939 [INFO] ThirdParty:1030 - CMSIS Pack Vendor :STMicroelectronics FP-SNS-MOTENV1 4.3.2
2023-07-15 12:14:08,939 [INFO] ThirdParty:1030 - CMSIS Pack Vendor :STMicroelectronics FP-SNS-MOTENV1 4.3.1
2023-07-15 12:14:08,939 [INFO] ThirdParty:1030 - CMSIS Pack Vendor :STMicroelectronics FP-SNS-FLIGHT1 5.0.1
2023-07-15 12:14:08,939 [INFO] ThirdParty:1030 - CMSIS Pack Vendor :STMicroelectronics X-CUBE-ALGOBUILD 1.3.0
2023-07-15 12:14:08,939 [INFO] ThirdParty:1030 - CMSIS Pack Vendor :STMicroelectronics X-CUBE-BLE1 6.2.4
2023-07-15 12:14:08,939 [INFO] ThirdParty:1030 - CMSIS Pack Vendor :STMicroelectronics X-CUBE-AZRTOS-L5 1.1.0
2023-07-15 12:14:08,939 [INFO] ThirdParty:1030 - CMSIS Pack Vendor :STMicroelectronics FreeRTOS 0.0.1
2023-07-15 12:14:08,939 [INFO] ThirdParty:1030 - CMSIS Pack Vendor :STMicroelectronics X-CUBE-AZRTOS-G0 1.1.0
2023-07-15 12:14:08,939 [INFO] ThirdParty:1030 - CMSIS Pack Vendor :emotas I-CUBE-CANOPEN 1.1.3
2023-07-15 12:14:08,939 [INFO] ThirdParty:1030 - CMSIS Pack Vendor :STMicroelectronics X-CUBE-BLEMGR 2.0.0
2023-07-15 12:14:08,939 [INFO] ThirdParty:1030 - CMSIS Pack Vendor :STMicroelectronics X-CUBE-AI 8.0.1
2023-07-15 12:14:08,939 [INFO] ThirdParty:1030 - CMSIS Pack Vendor :STMicroelectronics X-CUBE-NFC4 3.0.0
2023-07-15 12:14:08,939 [INFO] ThirdParty:1030 - CMSIS Pack Vendor :STMicroelectronics X-CUBE-SUBG2 5.0.0
2023-07-15 12:14:08,940 [INFO] ThirdParty:1030 - CMSIS Pack Vendor :STMicroelectronics STM32_WPAN 1.0.0
2023-07-15 12:14:08,940 [INFO] ThirdParty:1030 - CMSIS Pack Vendor :STMicroelectronics lwIP 2.0.3
2023-07-15 12:14:08,940 [INFO] ThirdParty:1030 - CMSIS Pack Vendor :STMicroelectronics USB_HOST 1.0.0
2023-07-15 12:14:08,940 [INFO] ThirdParty:1030 - CMSIS Pack Vendor :STMicroelectronics X-CUBE-AZRTOS-G4 2.0.0
2023-07-15 12:14:08,940 [INFO] ThirdParty:1030 - CMSIS Pack Vendor :STMicroelectronics PDM2PCM 3.1.0
2023-07-15 12:14:08,940 [INFO] ThirdParty:1030 - CMSIS Pack Vendor :STMicroelectronics X-CUBE-AZRTOS-H7 3.1.0
2023-07-15 12:14:08,940 [INFO] ThirdParty:1030 - CMSIS Pack Vendor :STMicroelectronics X-CUBE-TOF1 3.3.0
2023-07-15 12:14:08,940 [INFO] ThirdParty:1030 - CMSIS Pack Vendor :STMicroelectronics PDM2PCM 3.3.0
2023-07-15 12:14:08,940 [INFO] ThirdParty:1030 - CMSIS Pack Vendor :STMicroelectronics X-CUBE-DISPLAY 3.0.0
2023-07-15 12:14:08,940 [INFO] ThirdParty:1030 - CMSIS Pack Vendor :STMicroelectronics FP-ATR-SIGFOX1 3.2.0
2023-07-15 12:14:08,940 [INFO] ThirdParty:1030 - CMSIS Pack Vendor :STMicroelectronics HAL Drivers 0.0.0
2023-07-15 12:14:08,940 [INFO] ThirdParty:1030 - CMSIS Pack Vendor :STMicroelectronics MBEDTLS 2.16.2
2023-07-15 12:14:08,940 [INFO] ThirdParty:1030 - CMSIS Pack Vendor :emotas I-CUBE-CANOPEN 1.3.0
2023-07-15 12:14:08,940 [INFO] ThirdParty:1030 - CMSIS Pack Vendor :STMicroelectronics X-CUBE-TOUCHGFX 4.22.0
2023-07-15 12:14:08,940 [INFO] ThirdParty:1030 - CMSIS Pack Vendor :STMicroelectronics X-CUBE-NFC7 1.0.1
2023-07-15 12:14:08,940 [INFO] ThirdParty:1030 - CMSIS Pack Vendor :STMicroelectronics MBEDTLS 2.14.1
2023-07-15 12:14:08,940 [INFO] ThirdParty:1030 - CMSIS Pack Vendor :STMicroelectronics X-CUBE-NFC7 1.0.0
2023-07-15 12:14:08,940 [INFO] ThirdParty:1030 - CMSIS Pack Vendor :STMicroelectronics X-CUBE-EEPRMA1 4.1.0
2023-07-15 12:14:08,940 [INFO] ThirdParty:1030 - CMSIS Pack Vendor :portGmbH I-Cube-SoM-uGOAL 1.1.0
2023-07-15 12:14:08,941 [INFO] ThirdParty:1030 - CMSIS Pack Vendor :STMicroelectronics X-CUBE-ALS 1.0.1
2023-07-15 12:14:08,941 [INFO] ThirdParty:1030 - CMSIS Pack Vendor :STMicroelectronics ThreadX 1.0.0
2023-07-15 12:14:08,941 [INFO] ThirdParty:1030 - CMSIS Pack Vendor :STMicroelectronics X-CUBE-AZRTOS-WB 1.1.0
2023-07-15 12:14:08,941 [INFO] ThirdParty:1030 - CMSIS Pack Vendor :STMicroelectronics X-CUBE-AZRTOS-WL 2.0.0
2023-07-15 12:14:08,941 [INFO] ThirdParty:1030 - CMSIS Pack Vendor :SEGGER I-CUBE-embOS 1.3.1
2023-07-15 12:14:08,941 [INFO] ThirdParty:1030 - CMSIS Pack Vendor :STMicroelectronics USB_DEVICE 1.0.0
2023-07-15 12:14:08,941 [INFO] ThirdParty:1030 - CMSIS Pack Vendor :STMicroelectronics X-CUBE-AZRTOS-L4 2.0.0
2023-07-15 12:14:08,941 [INFO] ThirdParty:1030 - CMSIS Pack Vendor :STMicroelectronics ThreadX 0.0.2
2023-07-15 12:14:08,941 [INFO] ThirdParty:1030 - CMSIS Pack Vendor :WES I-CUBE-Cesium 1.3.0
2023-07-15 12:14:08,941 [INFO] ThirdParty:1030 - CMSIS Pack Vendor :STMicroelectronics FP-ATR-ASTRA1 2.0.0
2023-07-15 12:14:08,941 [INFO] ThirdParty:1030 - CMSIS Pack Vendor :STMicroelectronics lwIP 2.1.2
2023-07-15 12:14:08,941 [INFO] ThirdParty:1030 - CMSIS Pack Vendor :STMicroelectronics X-CUBE-SFXS2LP1 4.0.0
2023-07-15 12:14:08,941 [INFO] ThirdParty:1030 - CMSIS Pack Vendor :STMicroelectronics X-CUBE-BLE2 3.3.0
2023-07-15 12:14:08,941 [INFO] ThirdParty:1030 - CMSIS Pack Vendor :STMicroelectronics PDM2PCM 3.2.0
2023-07-15 12:14:08,941 [INFO] ThirdParty:841 - exiting critical section [change project]
2023-07-15 12:14:09,171 [INFO] PinOutPanel:1499 - setPackage(No Configuration,No Configuration)
2023-07-15 12:14:09,172 [INFO] PinOutPanel:1499 - setPackage(STM32L432KCUx,UFQFPN32)
2023-07-15 12:14:09,694 [INFO] UtilMem:75 - Before build in PCC Used Memory: 564474176 Bytes (671088640)
2023-07-15 12:14:10,505 [INFO] UtilMem:75 - After build in PCC Used Memory: 564756688 Bytes (671088640)
2023-07-15 12:14:10,529 [INFO] IPUIPlugin:80 - create IPUIPlugin
2023-07-15 12:14:10,529 [INFO] IPUIPlugin:80 - create IPUIPlugin
2023-07-15 12:14:10,529 [INFO] IPUIPlugin:80 - create IPUIPlugin
2023-07-15 12:14:10,529 [INFO] IPUIPlugin:80 - create IPUIPlugin
2023-07-15 12:14:10,529 [INFO] IPUIPlugin:80 - create IPUIPlugin
2023-07-15 12:14:10,530 [INFO] IPUIPlugin:80 - create IPUIPlugin
2023-07-15 12:14:10,530 [INFO] IPUIPlugin:80 - create IPUIPlugin
2023-07-15 12:14:10,530 [INFO] IPUIPlugin:80 - create IPUIPlugin
2023-07-15 12:14:10,530 [INFO] IPUIPlugin:80 - create IPUIPlugin
2023-07-15 12:14:10,530 [INFO] IPUIPlugin:80 - create IPUIPlugin
2023-07-15 12:14:10,530 [INFO] IPUIPlugin:80 - create IPUIPlugin
2023-07-15 12:14:10,530 [INFO] IPUIPlugin:80 - create IPUIPlugin
2023-07-15 12:14:10,530 [INFO] IPUIPlugin:80 - create IPUIPlugin
2023-07-15 12:14:10,531 [INFO] IPUIPlugin:80 - create IPUIPlugin
2023-07-15 12:14:10,531 [INFO] IPUIPlugin:80 - create IPUIPlugin
2023-07-15 12:14:10,531 [INFO] IPUIPlugin:80 - create IPUIPlugin
2023-07-15 12:14:10,531 [INFO] IPUIPlugin:80 - create IPUIPlugin
2023-07-15 12:14:10,531 [INFO] IPUIPlugin:80 - create IPUIPlugin
2023-07-15 12:14:10,531 [INFO] IPUIPlugin:80 - create IPUIPlugin
2023-07-15 12:14:10,531 [INFO] IPUIPlugin:80 - create IPUIPlugin
2023-07-15 12:14:10,532 [INFO] IPUIPlugin:80 - create IPUIPlugin
2023-07-15 12:14:10,532 [INFO] IPUIPlugin:80 - create IPUIPlugin
2023-07-15 12:14:10,532 [INFO] IPUIPlugin:80 - create IPUIPlugin
2023-07-15 12:14:10,532 [INFO] IPUIPlugin:80 - create IPUIPlugin
2023-07-15 12:14:10,532 [INFO] IPUIPlugin:80 - create IPUIPlugin
2023-07-15 12:14:10,532 [INFO] IPUIPlugin:80 - create IPUIPlugin
2023-07-15 12:14:10,532 [INFO] IPUIPlugin:80 - create IPUIPlugin
2023-07-15 12:14:10,533 [INFO] IPUIPlugin:80 - create IPUIPlugin
2023-07-15 12:14:10,533 [INFO] IPUIPlugin:80 - create IPUIPlugin
2023-07-15 12:14:10,533 [INFO] IPUIPlugin:80 - create IPUIPlugin
2023-07-15 12:14:10,533 [INFO] IPUIPlugin:80 - create IPUIPlugin
2023-07-15 12:14:10,533 [INFO] IPUIPlugin:80 - create IPUIPlugin
2023-07-15 12:14:10,533 [INFO] IPUIPlugin:80 - create IPUIPlugin
2023-07-15 12:14:10,533 [INFO] IPUIPlugin:80 - create IPUIPlugin
2023-07-15 12:14:10,534 [INFO] IPUIPlugin:80 - create IPUIPlugin
2023-07-15 12:14:10,534 [INFO] IPUIPlugin:80 - create IPUIPlugin
2023-07-15 12:14:10,534 [INFO] IPUIPlugin:80 - create IPUIPlugin
2023-07-15 12:14:10,534 [INFO] IPUIPlugin:80 - create IPUIPlugin
2023-07-15 12:14:10,534 [INFO] IPUIPlugin:80 - create IPUIPlugin
2023-07-15 12:14:10,535 [INFO] IPUIPlugin:80 - create IPUIPlugin
2023-07-15 12:14:10,535 [INFO] IPUIPlugin:80 - create IPUIPlugin
2023-07-15 12:14:10,703 [INFO] CADModel:165 - CPN selected for project levelSTM32L432KCU3
2023-07-15 12:14:10,703 [INFO] CADModel:114 - Register for checkConnection events
2023-07-15 12:14:10,755 [INFO] OpenFileManager:328 - Restore cursor
2023-07-15 12:14:11,533 [INFO] UtilMem:75 - End SaveConfig() Used Memory: 563573512 Bytes (671088640)
2023-07-15 12:14:11,568 [INFO] UtilMem:75 - End SaveConfig() Used Memory: 575278096 Bytes (671088640)
2023-07-15 12:14:12,033 [INFO] BlockDiagram:2759 - set Specific Code input for plugin: NVIC
2023-07-15 12:14:12,033 [INFO] BlockDiagram:2759 - set Specific Code input for plugin: RCC
2023-07-15 12:14:12,034 [INFO] CodeGenerator:793 - code generatio: config db path: C:\ST\STM32CubeIDE_1.12.1\STM32CubeIDE\plugins\com.st.stm32cube.common.mx_6.8.1.202304191431\\db\
2023-07-15 12:14:12,277 [INFO] CodeEngine:255 - oldGeneratedFile, C:\Users\GAMING\STM32CubeIDE\workspace_1.12.1\blinky\MXTmpFiles\license.tmp_save
2023-07-15 12:14:12,578 [INFO] CodeEngine:279 - Generated code: C:\Users\GAMING\STM32CubeIDE\workspace_1.12.1\blinky\MXTmpFiles\license.tmp
2023-07-15 12:14:12,594 [INFO] CodeEngine:255 - oldGeneratedFile, C:\Users\GAMING\STM32CubeIDE\workspace_1.12.1\blinky\Core\Src\stm32l4xx_it.c_save
2023-07-15 12:14:12,758 [INFO] CodeEngine:279 - Generated code: C:\Users\GAMING\STM32CubeIDE\workspace_1.12.1\blinky\Core\Src\stm32l4xx_it.c
2023-07-15 12:14:12,767 [INFO] CodeEngine:255 - oldGeneratedFile, C:\Users\GAMING\STM32CubeIDE\workspace_1.12.1\blinky\Core\Inc\stm32l4xx_it.h_save
2023-07-15 12:14:12,863 [INFO] CodeEngine:279 - Generated code: C:\Users\GAMING\STM32CubeIDE\workspace_1.12.1\blinky\Core\Inc\stm32l4xx_it.h
2023-07-15 12:14:12,991 [INFO] CodeEngine:255 - oldGeneratedFile, C:\Users\GAMING\STM32CubeIDE\workspace_1.12.1\blinky\Core\Src\stm32l4xx_hal_msp.c_save
2023-07-15 12:14:13,110 [INFO] CodeEngine:279 - Generated code: C:\Users\GAMING\STM32CubeIDE\workspace_1.12.1\blinky\Core\Src\stm32l4xx_hal_msp.c
2023-07-15 12:14:13,118 [INFO] CodeEngine:255 - oldGeneratedFile, C:\Users\GAMING\STM32CubeIDE\workspace_1.12.1\blinky\MXTmpFiles\system.tmp_save
2023-07-15 12:14:13,182 [INFO] CodeEngine:279 - Generated code: C:\Users\GAMING\STM32CubeIDE\workspace_1.12.1\blinky\MXTmpFiles\system.tmp
2023-07-15 12:14:13,195 [INFO] CodeEngine:311 - oldGeneratedFile, C:\Users\GAMING\STM32CubeIDE\workspace_1.12.1\blinky\Core\Inc\stm32l4xx_hal_conf.h_save
2023-07-15 12:14:13,288 [INFO] CodeEngine:335 - Generated code: C:\Users\GAMING\STM32CubeIDE\workspace_1.12.1\blinky\Core\Inc\stm32l4xx_hal_conf.h
2023-07-15 12:14:13,343 [INFO] CodeEngine:255 - oldGeneratedFile, C:\Users\GAMING\STM32CubeIDE\workspace_1.12.1\blinky\Core\Inc\main.h_save
2023-07-15 12:14:13,481 [INFO] CodeEngine:279 - Generated code: C:\Users\GAMING\STM32CubeIDE\workspace_1.12.1\blinky\Core\Inc\main.h
2023-07-15 12:14:13,490 [INFO] CodeEngine:255 - oldGeneratedFile, C:\Users\GAMING\STM32CubeIDE\workspace_1.12.1\blinky\Core\Src\main.c_save
2023-07-15 12:14:13,624 [INFO] CodeEngine:279 - Generated code: C:\Users\GAMING\STM32CubeIDE\workspace_1.12.1\blinky\Core\Src\main.c
2023-07-15 12:14:14,155 [INFO] ProjectBuilder:2996 - Time for Copy HAL[1] : 142mS.
2023-07-15 12:14:14,165 [INFO] ProjectBuilder:4304 - Project Generator version: 3.19.2
2023-07-15 12:14:14,416 [INFO] ConfigFileManager:1483 - The Die is : DIE435
2023-07-15 12:14:14,439 [INFO] ApiDbMcu:507 - Load IP Config File for FATFS
2023-07-15 12:14:14,451 [INFO] ApiDbMcu:507 - Load IP Config File for FREERTOS
2023-07-15 12:14:14,467 [INFO] ApiDbMcu:507 - Load IP Config File for TOUCHSENSING
2023-07-15 12:14:14,478 [INFO] ApiDbMcu:507 - Load IP Config File for USB_DEVICE
2023-07-15 12:14:15,325 [INFO] LogOutputStream:77 - [STDOUT_REDIRECT] 
2023-07-15 12:14:17,527 [INFO] ProjectBuilder:4505 - Time for Generating toolchain IDE Files: 3361mS.
2023-07-15 12:14:17,528 [INFO] ProjectBuilder:2867 - Time for Copy CMSIS : 0mS.
2023-07-15 12:14:17,529 [INFO] ProjectBuilder:2867 - Time for Copy CMSIS : 0mS.
2023-07-15 12:14:18,333 [INFO] McuFinderGlobals:66 - Set McuFinderConnectedMode to true
2023-07-15 12:14:18,335 [INFO] ApiDb:448 - Save user favorites file C:\Users\GAMING/.stm32cubeide/favorites.mcus.txt: 0 item(s)
2023-07-15 12:14:18,335 [INFO] ApiDb:452 - User favorites MCUs=[]
2023-07-15 12:17:51,680 [ERROR] LogOutputStream:75 - [STDERR_REDIRECT] Warning: NLS missing message: ExternalToolsPreferencePage_External_tool_project_builders_migration_2 in: org.eclipse.ui.externaltools.internal.ui.ExternalToolsUIMessages
2023-07-15 12:17:51,682 [ERROR] LogOutputStream:75 - [STDERR_REDIRECT] Warning: NLS missing message: ExternalToolsPreferencePage_Prompt_before_migrating_3 in: org.eclipse.ui.externaltools.internal.ui.ExternalToolsUIMessages
2023-07-15 12:17:51,684 [ERROR] LogOutputStream:75 - [STDERR_REDIRECT] Warning: NLS missing message: ExternalToolsPreferencePage_1 in: org.eclipse.ui.externaltools.internal.ui.ExternalToolsUIMessages
2023-07-15 12:19:34,419 [ERROR] ConfigurationRetriever:142 - IOException on connection: sw-center.st.com
2023-07-15 12:19:34,420 [ERROR] ConfigurationRetriever:142 - IOException on connection: sw-center.st.com
2023-07-15 12:19:34,420 [ERROR] ConfigurationRetriever:142 - IOException on connection: sw-center.st.com
