2023-06-27 10:24:18,993 [INFO] Activator:176 - 


2023-06-27 10:24:18,998 [INFO] Activator:177 - !SESSION log4j initialized
2023-06-27 10:24:24,101 [INFO] LogOutputStream:77 - [STDOUT_REDIRECT] 
2023-06-27 10:24:49,733 [ERROR] LogOutputStream:75 - [STDERR_REDIRECT] SLF4J: Failed to load class "org.slf4j.impl.StaticLoggerBinder".
2023-06-27 10:24:49,733 [ERROR] LogOutputStream:75 - [STDERR_REDIRECT] SLF4J: Defaulting to no-operation (NOP) logger implementation
2023-06-27 10:24:49,734 [ERROR] LogOutputStream:75 - [STDERR_REDIRECT] SLF4J: See http://www.slf4j.org/codes.html#StaticLoggerBinder for further details.
2023-06-27 10:26:35,628 [INFO] ApplicationProperties:184 - Using Application install path: C:\ST\STM32CubeIDE_1.12.1\STM32CubeIDE\plugins\com.st.stm32cube.common.mx_6.8.1.202304191431
2023-06-27 10:26:35,644 [INFO] DbMcusXml:78 - Set database path to: C:\ST\STM32CubeIDE_1.12.1\STM32CubeIDE\plugins\com.st.stm32cube.common.mx_6.8.1.202304191431\\db\/mcu/
2023-06-27 10:26:35,644 [INFO] ApiDb:274 - Set plugin database path to: C:\ST\STM32CubeIDE_1.12.1\STM32CubeIDE\plugins\com.st.stm32cube.common.mx_6.8.1.202304191431\\db\/plugins/boardmanager/
2023-06-27 10:26:35,645 [WARN] ApiDb:259 - Overriding images path with different value:  => C:\ST\STM32CubeIDE_1.12.1\STM32CubeIDE\plugins\com.st.stm32cube.common.mx_6.8.1.202304191431\\db\/plugins/mcufinder/images/
2023-06-27 10:26:35,658 [INFO] ApiDb:250 - Set database path to: C:\Users\GAMING\.stmcufinder\plugins\mcufinder//mcu/
2023-06-27 10:26:35,659 [INFO] DbMcusAds:125 - Set database path to: C:\Users\GAMING\.stmcufinder\plugins\mcufinder//mcu/
2023-06-27 10:26:35,663 [INFO] CrossReferenceDbSqlite:203 - Set database path to: C:\Users\GAMING\.stmcufinder\plugins\mcufinder//mcu/cs/
2023-06-27 10:26:35,747 [INFO] RulesReader:64 - Compatibility file has been processed (293 Rules)
2023-06-27 10:26:35,815 [INFO] DbMcusXml:78 - Set database path to: C:\ST\STM32CubeIDE_1.12.1\STM32CubeIDE\plugins\com.st.stm32cube.common.mx_6.8.1.202304191431\\db\/mcu/
2023-06-27 10:26:35,815 [INFO] ApiDb:274 - Set plugin database path to: C:\ST\STM32CubeIDE_1.12.1\STM32CubeIDE\plugins\com.st.stm32cube.common.mx_6.8.1.202304191431\\db\/plugins/boardmanager/
2023-06-27 10:26:35,815 [INFO] ApiDb:261 - Set plugin images path to: C:\ST\STM32CubeIDE_1.12.1\STM32CubeIDE\plugins\com.st.stm32cube.common.mx_6.8.1.202304191431\\db\/plugins/mcufinder/images/
2023-06-27 10:26:35,815 [WARN] DbFile:41 - Overriding database path with different value: C:\Users\GAMING\.stmcufinder\plugins\mcufinder/ => C:\Users\GAMING\.stmcufinder\plugins\mcufinder
2023-06-27 10:26:35,815 [INFO] ApiDb:250 - Set database path to: C:\Users\GAMING\.stmcufinder\plugins\mcufinder//mcu/
2023-06-27 10:26:35,815 [WARN] DbFile:41 - Overriding database path with different value: C:\Users\GAMING\.stmcufinder\plugins\mcufinder/ => C:\Users\GAMING\.stmcufinder\plugins\mcufinder
2023-06-27 10:26:35,815 [INFO] DbMcusAds:125 - Set database path to: C:\Users\GAMING\.stmcufinder\plugins\mcufinder//mcu/
2023-06-27 10:26:35,815 [WARN] DbFile:41 - Overriding database path with different value: C:\Users\GAMING\.stmcufinder\plugins\mcufinder/ => C:\Users\GAMING\.stmcufinder\plugins\mcufinder
2023-06-27 10:26:35,815 [WARN] DbFile:41 - Overriding database path with different value: C:\Users\GAMING\.stmcufinder\plugins\mcufinder/ => C:\Users\GAMING\.stmcufinder\plugins\mcufinder
2023-06-27 10:26:35,816 [INFO] CrossReferenceDbSqlite:203 - Set database path to: C:\Users\GAMING\.stmcufinder\plugins\mcufinder//mcu/cs/
2023-06-27 10:26:35,878 [INFO] MainPanel:253 - HeapMemory: 428867584
2023-06-27 10:26:35,956 [INFO] DbMcusXml:78 - Set database path to: C:\ST\STM32CubeIDE_1.12.1\STM32CubeIDE\plugins\com.st.stm32cube.common.mx_6.8.1.202304191431\\db\/mcu/
2023-06-27 10:26:35,956 [INFO] ApiDb:274 - Set plugin database path to: C:\ST\STM32CubeIDE_1.12.1\STM32CubeIDE\plugins\com.st.stm32cube.common.mx_6.8.1.202304191431\\db\/plugins/boardmanager/
2023-06-27 10:26:35,956 [INFO] ApiDb:261 - Set plugin images path to: C:\ST\STM32CubeIDE_1.12.1\STM32CubeIDE\plugins\com.st.stm32cube.common.mx_6.8.1.202304191431\\db\/plugins/mcufinder/images/
2023-06-27 10:26:35,957 [WARN] DbFile:41 - Overriding database path with different value: C:\Users\GAMING\.stmcufinder\plugins\mcufinder/ => C:\Users\GAMING\.stmcufinder\plugins\mcufinder
2023-06-27 10:26:35,957 [INFO] ApiDb:250 - Set database path to: C:\Users\GAMING\.stmcufinder\plugins\mcufinder//mcu/
2023-06-27 10:26:35,957 [WARN] DbFile:41 - Overriding database path with different value: C:\Users\GAMING\.stmcufinder\plugins\mcufinder/ => C:\Users\GAMING\.stmcufinder\plugins\mcufinder
2023-06-27 10:26:35,957 [INFO] DbMcusAds:125 - Set database path to: C:\Users\GAMING\.stmcufinder\plugins\mcufinder//mcu/
2023-06-27 10:26:35,957 [WARN] DbFile:41 - Overriding database path with different value: C:\Users\GAMING\.stmcufinder\plugins\mcufinder/ => C:\Users\GAMING\.stmcufinder\plugins\mcufinder
2023-06-27 10:26:35,957 [WARN] DbFile:41 - Overriding database path with different value: C:\Users\GAMING\.stmcufinder\plugins\mcufinder/ => C:\Users\GAMING\.stmcufinder\plugins\mcufinder
2023-06-27 10:26:35,957 [INFO] CrossReferenceDbSqlite:203 - Set database path to: C:\Users\GAMING\.stmcufinder\plugins\mcufinder//mcu/cs/
2023-06-27 10:26:35,972 [INFO] ApplicationProperties:184 - Using Application install path: C:\ST\STM32CubeIDE_1.12.1\STM32CubeIDE\plugins\com.st.stm32cube.common.mx_6.8.1.202304191431
2023-06-27 10:26:35,973 [INFO] PluginManage:196 - Search for loadable plugins [exclusion list=, ]
2023-06-27 10:26:35,975 [INFO] PluginManage:310 - Check plugin analytics
2023-06-27 10:26:40,616 [INFO] AnalyticsPlugin:253 - Accepted Software Licenses: 
2023-06-27 10:26:40,616 [INFO] AnalyticsPlugin:255 - Accepted CMSIS Pack Licenses: 
2023-06-27 10:26:40,616 [INFO] AnalyticsPlugin:257 - Accepted Firmware Licenses: 
2023-06-27 10:26:40,622 [INFO] PluginManage:359 - Loaded plugin analytics (category:tool,tabindex:-1)
2023-06-27 10:26:40,622 [INFO] PluginManage:310 - Check plugin cadmodel
2023-06-27 10:26:40,634 [INFO] CADModel:105 - Init CAD model plugin
2023-06-27 10:26:40,634 [INFO] PluginManage:359 - Loaded plugin cadmodel (category:power,tabindex:5)
2023-06-27 10:26:40,634 [INFO] PluginManage:310 - Check plugin clock
2023-06-27 10:26:40,651 [INFO] PluginManage:359 - Loaded plugin clock (category:base,tabindex:2)
2023-06-27 10:26:40,651 [INFO] PluginManage:310 - Check plugin ddr
2023-06-27 10:26:40,654 [INFO] PluginManage:359 - Loaded plugin ddr (category:tool,tabindex:6)
2023-06-27 10:26:40,654 [INFO] PluginManage:310 - Check plugin filemanager
2023-06-27 10:26:40,749 [INFO] PluginManage:359 - Loaded plugin filemanager (category:base,tabindex:10)
2023-06-27 10:26:40,750 [INFO] PluginManage:310 - Check plugin ipmanager
2023-06-27 10:26:40,756 [INFO] PluginManage:359 - Loaded plugin ipmanager (category:base,tabindex:5)
2023-06-27 10:26:40,756 [INFO] PluginManage:310 - Check plugin lpbam
2023-06-27 10:26:40,770 [INFO] PluginManage:359 - Loaded plugin lpbam (category:base,tabindex:0)
2023-06-27 10:26:40,770 [INFO] PluginManage:310 - Check plugin pinoutandconfiguration
2023-06-27 10:26:40,782 [INFO] PluginManage:359 - Loaded plugin pinoutandconfiguration (category:base,tabindex:1)
2023-06-27 10:26:40,782 [INFO] PluginManage:310 - Check plugin pinoutconfig
2023-06-27 10:26:40,857 [WARN] SupportedApi:132 - Cannot load RTOS API schema: s4s-elt-must-match.1: The content of 'definitions' must match (annotation?, (simpleType | complexType)?, (unique | key | keyref)*)). A problem was found starting at: attribute.
2023-06-27 10:26:40,984 [INFO] PluginManage:359 - Loaded plugin pinoutconfig (category:base,tabindex:0)
2023-06-27 10:26:40,984 [INFO] PluginManage:310 - Check plugin power
2023-06-27 10:26:41,000 [INFO] PluginManage:359 - Loaded plugin power (category:power,tabindex:4)
2023-06-27 10:26:41,000 [INFO] PluginManage:310 - Check plugin projectmanager
2023-06-27 10:26:41,018 [INFO] PluginManage:359 - Loaded plugin projectmanager (category:projectmanager,tabindex:3)
2023-06-27 10:26:41,018 [INFO] PluginManage:310 - Check plugin thirdparty
2023-06-27 10:26:41,198 [INFO] PluginManage:359 - Loaded plugin thirdparty (category:base,tabindex:-1)
2023-06-27 10:26:41,198 [WARN] IntegrityCheckThread:84 - waiting for thirdparty lock release [integrity check]
2023-06-27 10:26:41,198 [INFO] PluginManage:310 - Check plugin tools
2023-06-27 10:26:41,198 [INFO] IntegrityCheckThread:86 - entering critical section [integrity check]
2023-06-27 10:26:41,200 [INFO] ThirdPartyUpdaterWithRetryManager:70 - Updater plugin not ready yet. [1/15]
2023-06-27 10:26:41,219 [INFO] PluginManage:359 - Loaded plugin tools (category:base,tabindex:7)
2023-06-27 10:26:41,219 [INFO] PluginManage:310 - Check plugin tutovideos
2023-06-27 10:26:41,402 [INFO] PluginManage:359 - Loaded plugin tutovideos (category:base,tabindex:-1)
2023-06-27 10:26:41,403 [INFO] PluginManage:310 - Check plugin updater
2023-06-27 10:26:41,415 [INFO] PluginManage:359 - Loaded plugin updater (category:base,tabindex:12)
2023-06-27 10:26:41,415 [INFO] PluginManage:283 - PluginManage : Loaded plugins [15]
2023-06-27 10:26:41,607 [INFO] PinOutPanel:1499 - setPackage(No Configuration,No Configuration)
2023-06-27 10:26:41,660 [INFO] CADModel:165 - CPN selected for project level
2023-06-27 10:26:41,661 [INFO] CADModel:114 - Register for checkConnection events
2023-06-27 10:26:41,688 [INFO] IPUIPlugin:80 - create IPUIPlugin
2023-06-27 10:26:41,688 [INFO] PluginManager:220 - loadIPPluginJar : add adc
2023-06-27 10:26:41,714 [INFO] IPUIPlugin:80 - create IPUIPlugin
2023-06-27 10:26:41,714 [INFO] PluginManager:220 - loadIPPluginJar : add aes
2023-06-27 10:26:41,741 [INFO] IPUIPlugin:80 - create IPUIPlugin
2023-06-27 10:26:41,741 [INFO] PluginManager:220 - loadIPPluginJar : add can
2023-06-27 10:26:41,757 [INFO] IPUIPlugin:80 - create IPUIPlugin
2023-06-27 10:26:41,757 [INFO] PluginManager:220 - loadIPPluginJar : add comp
2023-06-27 10:26:41,779 [INFO] IPUIPlugin:80 - create IPUIPlugin
2023-06-27 10:26:41,779 [INFO] PluginManager:220 - loadIPPluginJar : add cryp
2023-06-27 10:26:41,799 [INFO] IPUIPlugin:80 - create IPUIPlugin
2023-06-27 10:26:41,799 [INFO] PluginManager:220 - loadIPPluginJar : add dfsdm
2023-06-27 10:26:41,811 [INFO] IPUIPlugin:80 - create IPUIPlugin
2023-06-27 10:26:41,811 [INFO] PluginManager:220 - loadIPPluginJar : add dma
2023-06-27 10:26:41,841 [INFO] IPUIPlugin:80 - create IPUIPlugin
2023-06-27 10:26:41,841 [INFO] PluginManager:220 - loadIPPluginJar : add dma3
2023-06-27 10:26:41,855 [INFO] IPUIPlugin:80 - create IPUIPlugin
2023-06-27 10:26:41,856 [INFO] PluginManager:220 - loadIPPluginJar : add fatfs
2023-06-27 10:26:41,888 [INFO] IPUIPlugin:80 - create IPUIPlugin
2023-06-27 10:26:41,888 [INFO] PluginManager:220 - loadIPPluginJar : add fmc
2023-06-27 10:26:41,899 [INFO] IPUIPlugin:80 - create IPUIPlugin
2023-06-27 10:26:41,899 [INFO] PluginManager:220 - loadIPPluginJar : add freertos
2023-06-27 10:26:41,913 [INFO] IPUIPlugin:80 - create IPUIPlugin
2023-06-27 10:26:41,913 [INFO] PluginManager:220 - loadIPPluginJar : add genericplugin
2023-06-27 10:26:41,973 [INFO] IPUIPlugin:80 - create IPUIPlugin
2023-06-27 10:26:41,973 [INFO] PluginManager:220 - loadIPPluginJar : add gfxmmu
2023-06-27 10:26:42,058 [INFO] IPUIPlugin:80 - create IPUIPlugin
2023-06-27 10:26:42,058 [INFO] PluginManager:220 - loadIPPluginJar : add gic
2023-06-27 10:26:42,067 [INFO] IPUIPlugin:80 - create IPUIPlugin
2023-06-27 10:26:42,067 [INFO] PluginManager:220 - loadIPPluginJar : add gpio
2023-06-27 10:26:42,129 [INFO] IPUIPlugin:80 - create IPUIPlugin
2023-06-27 10:26:42,129 [INFO] PluginManager:220 - loadIPPluginJar : add gtzc
2023-06-27 10:26:42,153 [INFO] IPUIPlugin:80 - create IPUIPlugin
2023-06-27 10:26:42,153 [INFO] PluginManager:220 - loadIPPluginJar : add hash
2023-06-27 10:26:42,189 [INFO] IPUIPlugin:80 - create IPUIPlugin
2023-06-27 10:26:42,190 [INFO] PluginManager:220 - loadIPPluginJar : add i2c
2023-06-27 10:26:42,217 [INFO] IPUIPlugin:80 - create IPUIPlugin
2023-06-27 10:26:42,217 [INFO] PluginManager:220 - loadIPPluginJar : add i2s
2023-06-27 10:26:42,247 [INFO] IPUIPlugin:80 - create IPUIPlugin
2023-06-27 10:26:42,247 [INFO] PluginManager:220 - loadIPPluginJar : add i3c
2023-06-27 10:26:42,322 [INFO] IPUIPlugin:80 - create IPUIPlugin
2023-06-27 10:26:42,323 [INFO] PluginManager:220 - loadIPPluginJar : add ipddr
2023-06-27 10:26:42,385 [INFO] IPUIPlugin:80 - create IPUIPlugin
2023-06-27 10:26:42,385 [INFO] PluginManager:220 - loadIPPluginJar : add linkedlist
2023-06-27 10:26:42,409 [INFO] IPUIPlugin:80 - create IPUIPlugin
2023-06-27 10:26:42,409 [INFO] PluginManager:220 - loadIPPluginJar : add lorawan
2023-06-27 10:26:42,434 [INFO] IPUIPlugin:80 - create IPUIPlugin
2023-06-27 10:26:42,434 [INFO] PluginManager:220 - loadIPPluginJar : add ltdc
2023-06-27 10:26:42,444 [INFO] IPUIPlugin:80 - create IPUIPlugin
2023-06-27 10:26:42,444 [INFO] PluginManager:220 - loadIPPluginJar : add mdma
2023-06-27 10:26:42,454 [INFO] IPUIPlugin:80 - create IPUIPlugin
2023-06-27 10:26:42,454 [INFO] PluginManager:220 - loadIPPluginJar : add nvic
2023-06-27 10:26:42,479 [INFO] IPUIPlugin:80 - create IPUIPlugin
2023-06-27 10:26:42,479 [INFO] PluginManager:220 - loadIPPluginJar : add opamp
2023-06-27 10:26:42,517 [INFO] IPUIPlugin:80 - create IPUIPlugin
2023-06-27 10:26:42,518 [INFO] PluginManager:220 - loadIPPluginJar : add openamp
2023-06-27 10:26:42,545 [INFO] IPUIPlugin:80 - create IPUIPlugin
2023-06-27 10:26:42,546 [INFO] PluginManager:220 - loadIPPluginJar : add pdm2pcm
2023-06-27 10:26:42,556 [INFO] IPUIPlugin:80 - create IPUIPlugin
2023-06-27 10:26:42,558 [INFO] PluginManager:220 - loadIPPluginJar : add plateformsettings
2023-06-27 10:26:42,573 [INFO] IPUIPlugin:80 - create IPUIPlugin
2023-06-27 10:26:42,573 [INFO] PluginManager:220 - loadIPPluginJar : add quadspi
2023-06-27 10:26:42,582 [INFO] IPUIPlugin:80 - create IPUIPlugin
2023-06-27 10:26:42,583 [INFO] PluginManager:220 - loadIPPluginJar : add resmgrutility
2023-06-27 10:26:42,615 [INFO] IPUIPlugin:80 - create IPUIPlugin
2023-06-27 10:26:42,615 [INFO] PluginManager:220 - loadIPPluginJar : add sai
2023-06-27 10:26:42,640 [INFO] IPUIPlugin:80 - create IPUIPlugin
2023-06-27 10:26:42,640 [INFO] PluginManager:220 - loadIPPluginJar : add spi
2023-06-27 10:26:42,678 [INFO] IPUIPlugin:80 - create IPUIPlugin
2023-06-27 10:26:42,678 [INFO] PluginManager:220 - loadIPPluginJar : add stm32_wpan
2023-06-27 10:26:42,696 [INFO] IPUIPlugin:80 - create IPUIPlugin
2023-06-27 10:26:42,696 [INFO] PluginManager:220 - loadIPPluginJar : add tim
2023-06-27 10:26:42,736 [INFO] IPUIPlugin:80 - create IPUIPlugin
2023-06-27 10:26:42,737 [INFO] PluginManager:220 - loadIPPluginJar : add touchsensing
2023-06-27 10:26:42,753 [INFO] IPUIPlugin:80 - create IPUIPlugin
2023-06-27 10:26:42,753 [INFO] PluginManager:220 - loadIPPluginJar : add tracer_emb
2023-06-27 10:26:42,770 [INFO] IPUIPlugin:80 - create IPUIPlugin
2023-06-27 10:26:42,770 [INFO] PluginManager:220 - loadIPPluginJar : add ts
2023-06-27 10:26:42,786 [INFO] IPUIPlugin:80 - create IPUIPlugin
2023-06-27 10:26:42,786 [INFO] PluginManager:220 - loadIPPluginJar : add tsc
2023-06-27 10:26:42,802 [INFO] IPUIPlugin:80 - create IPUIPlugin
2023-06-27 10:26:42,802 [INFO] PluginManager:220 - loadIPPluginJar : add ucpd
2023-06-27 10:26:42,833 [INFO] IPUIPlugin:80 - create IPUIPlugin
2023-06-27 10:26:42,833 [INFO] PluginManager:220 - loadIPPluginJar : add usart
2023-06-27 10:26:42,863 [INFO] IPUIPlugin:80 - create IPUIPlugin
2023-06-27 10:26:42,863 [INFO] PluginManager:220 - loadIPPluginJar : add usbx
2023-06-27 10:26:42,976 [INFO] CADModel:165 - CPN selected for project level
2023-06-27 10:26:42,976 [INFO] CADModel:114 - Register for checkConnection events
2023-06-27 10:26:42,976 [FATAL] Updater:308 - Updater called before beeing initialized
2023-06-27 10:26:42,976 [ERROR] CADModel:125 - Updater not yet initialized, retry later 
2023-06-27 10:26:43,088 [INFO] CADModel:165 - CPN selected for project level
2023-06-27 10:26:43,088 [INFO] CADModel:114 - Register for checkConnection events
2023-06-27 10:26:43,088 [FATAL] Updater:308 - Updater called before beeing initialized
2023-06-27 10:26:43,088 [ERROR] CADModel:125 - Updater not yet initialized, retry later 
2023-06-27 10:26:43,091 [FATAL] Updater:308 - Updater called before beeing initialized
2023-06-27 10:26:43,182 [FATAL] Updater:308 - Updater called before beeing initialized
2023-06-27 10:26:43,193 [INFO] DbMcusAds:53 - JSON generation date=Tue Mar 07 00:50:55 PST 2023 (1678179055335)
2023-06-27 10:26:43,193 [FATAL] Updater:308 - Updater called before beeing initialized
2023-06-27 10:26:43,272 [WARN] DetailPanel:346 - Failed to get advertising image, set to default
2023-06-27 10:26:43,362 [FATAL] Updater:308 - Updater called before beeing initialized
2023-06-27 10:26:43,365 [FATAL] Updater:308 - Updater called before beeing initialized
2023-06-27 10:26:43,365 [FATAL] Updater:308 - Updater called before beeing initialized
2023-06-27 10:26:43,365 [WARN] DetailPanel:346 - Failed to get advertising image, set to default
2023-06-27 10:26:43,365 [FATAL] Updater:308 - Updater called before beeing initialized
2023-06-27 10:26:43,406 [ERROR] Updater:1120 - MainUpdater not yet initialized. External WinMGr cannot be set.
2023-06-27 10:26:43,412 [INFO] Updater:1056 - Updater Version found : 6.8.1
2023-06-27 10:26:43,426 [INFO] ApplicationProperties:184 - Using Application install path: C:\ST\STM32CubeIDE_1.12.1\STM32CubeIDE\plugins\com.st.stm32cube.common.mx_6.8.1.202304191431
2023-06-27 10:26:43,513 [INFO] MainUpdater:2854 - connection check result : 10
2023-06-27 10:26:43,513 [INFO] MainUpdater:3548 - Updater definition file requires update
2023-06-27 10:26:43,513 [INFO] MainUpdater:283 - Updater Check For Update Now.
2023-06-27 10:26:43,514 [INFO] MicroXplorer:498 - Change Database Version : DB.6.0.81
2023-06-27 10:26:43,528 [INFO] ServerAccessManage:473 - Download File updaters.zip
2023-06-27 10:26:43,561 [INFO] FileExtend:240 - Unzip File : updaters.zip
2023-06-27 10:26:43,561 [INFO] FileExtend:255 - Standard Zip Deflate
2023-06-27 10:26:43,854 [INFO] ServerAccessManage:473 - Download File PacksControlFlags.xml
2023-06-27 10:26:43,885 [INFO] ServerAccessManage:473 - Download File cubemx.pidx
2023-06-27 10:26:44,053 [INFO] ServerAccessManage:473 - Download File STMicroelectronics.FP-SNS-MOTENV1.pdsc
2023-06-27 10:26:44,210 [WARN] MainUpdater:1187 - Updater busy. Cannot search thirdparties
2023-06-27 10:26:44,210 [INFO] ThirdPartyUpdaterWithRetryManager:96 - Updater plugin is busy. [1/15]
2023-06-27 10:26:44,308 [INFO] ServerAccessManage:473 - Download File STMicroelectronics.X-CUBE-NFC7.pdsc
2023-06-27 10:26:44,428 [INFO] ServerAccessManage:473 - Download File STMicroelectronics.X-CUBE-TOUCHGFX.pdsc
2023-06-27 10:26:45,114 [ERROR] ServerAccessManage:1096 - Problem, Http access forbiden
2023-06-27 10:26:45,114 [ERROR] ServerAccessManage:651 - Problem, Http access forbiden : RoweBots.I-CUBE-UNISONRTOS.pdsc.
2023-06-27 10:26:45,208 [WARN] PackLoader:240 - Cannot read IP mode file for STMicroelectronics.FP-SNS-MOTENV1.4.3.2
2023-06-27 10:26:45,218 [WARN] PackLoader:240 - Cannot read IP mode file for STMicroelectronics.X-CUBE-NFC7.1.0.1
2023-06-27 10:26:45,223 [WARN] PackLoader:240 - Cannot read IP mode file for STMicroelectronics.X-CUBE-TOUCHGFX.4.22.0
2023-06-27 10:26:45,223 [INFO] PopulateThirdPartyThread:66 - Ending populate Thread
2023-06-27 10:26:45,226 [INFO] ThirdParty:1030 - CMSIS Pack Vendor :STMicroelectronics FP-SNS-MOTENV1 4.3.2
2023-06-27 10:26:45,226 [INFO] ThirdParty:1030 - CMSIS Pack Vendor :STMicroelectronics X-CUBE-NFC7 1.0.1
2023-06-27 10:26:45,226 [INFO] ThirdParty:1030 - CMSIS Pack Vendor :STMicroelectronics X-CUBE-TOUCHGFX 4.22.0
2023-06-27 10:26:45,226 [INFO] LoadServerUpdatesThread:373 - End of LoadServerUpdate Thread
2023-06-27 10:26:45,323 [INFO] CheckServerUpdateThread:120 - End of CheckServer Thread
2023-06-27 10:26:45,384 [INFO] MainUpdater:2854 - connection check result : 10
2023-06-27 10:26:45,401 [INFO] McuFinderGlobals:66 - Set McuFinderConnectedMode to true
2023-06-27 10:26:45,725 [INFO] ServerAccessManage:473 - Download File mcusAds.json._tmp_
2023-06-27 10:26:45,836 [INFO] LoadUrlFilesThread:156 - End of LoadUrlFiles Thread
2023-06-27 10:26:46,037 [INFO] ServerAccessManage:473 - Download File cube-finder-db.zip
2023-06-27 10:26:46,447 [INFO] FileExtend:240 - Unzip File : cube-finder-db.zip
2023-06-27 10:26:46,447 [INFO] FileExtend:255 - Standard Zip Deflate
2023-06-27 10:26:47,011 [INFO] LoadUrlFilesThread:156 - End of LoadUrlFiles Thread
2023-06-27 10:26:47,221 [WARN] MainUpdater:1187 - Updater busy. Cannot search thirdparties
2023-06-27 10:26:47,221 [INFO] ThirdPartyUpdaterWithRetryManager:96 - Updater plugin is busy. [2/15]
2023-06-27 10:26:47,790 [INFO] ServerAccessManage:473 - Download File crdb.zip
2023-06-27 10:26:48,756 [INFO] FileExtend:240 - Unzip File : crdb.zip
2023-06-27 10:26:48,756 [INFO] FileExtend:255 - Standard Zip Deflate
2023-06-27 10:26:48,883 [INFO] LoadUrlFilesThread:156 - End of LoadUrlFiles Thread
2023-06-27 10:26:49,010 [INFO] ServerAccessManage:473 - Download File tutoVideoDB.zip
2023-06-27 10:26:49,018 [INFO] FileExtend:240 - Unzip File : tutoVideoDB.zip
2023-06-27 10:26:49,018 [INFO] FileExtend:255 - Standard Zip Deflate
2023-06-27 10:26:49,127 [INFO] LoadUrlFilesThread:156 - End of LoadUrlFiles Thread
2023-06-27 10:26:49,131 [WARN] DbFile:41 - Overriding database path with different value: C:\Users\GAMING\.stmcufinder\plugins\mcufinder/ => C:\Users\GAMING\.stmcufinder\plugins\mcufinder
2023-06-27 10:26:49,834 [INFO] ServerAccessManage:473 - Download File api_config.json
2023-06-27 10:26:49,948 [INFO] LoadUrlFilesThread:156 - End of LoadUrlFiles Thread
2023-06-27 10:26:49,949 [INFO] DbMcusAds:53 - JSON generation date=Tue Mar 07 00:50:55 PST 2023 (1678179055335)
2023-06-27 10:26:49,964 [INFO] LoadUrlFilesThread:185 - End of LoadServerUrlFiles without Thread
2023-06-27 10:26:49,964 [INFO] TargetSelectorAdapter:259 - Refresh data is successful
2023-06-27 10:26:50,035 [INFO] ApiDb:581 - Connected to CubeFinder SQLite database (C:\Users\GAMING\.stmcufinder\plugins\mcufinder\mcu\cube-finder-db.db)
2023-06-27 10:26:50,080 [INFO] ApiDb:668 - CubeFinder database Data Model version=2.1
2023-06-27 10:26:50,080 [INFO] ApiDb:669 - CubeFinder database Configuration version=3.0.35
2023-06-27 10:26:50,080 [INFO] ApiDb:670 - CubeFinder database generation date=2023-05-12 (1683877179)
2023-06-27 10:26:50,080 [INFO] ApiDb:671 - CubeFinder database FW Pack versions=[FP-ATR-ASTRA1_V2.0.0, FP-SNS-FLIGHT1_V5.0.0, FP-SNS-MOTENV1_V4.3.0, STM32Cube_FW_C0_V1.0.1, STM32Cube_FW_F0_V1.11.4, STM32Cube_FW_F3_V1.11.4, STM32Cube_FW_F4_V1.27.1, STM32Cube_FW_F7_V1.17.0, STM32Cube_FW_G0_V1.6.1, STM32Cube_FW_G4_V1.5.1, STM32Cube_FW_H5_V0.5.1, STM32Cube_FW_H5_V1.0.0, STM32Cube_FW_H7_V1.11.0, STM32Cube_FW_L0_V1.12.2, STM32Cube_FW_L5_V1.5.0, STM32Cube_FW_U5_V1.2.0, STM32Cube_FW_WBA_V1.0.0, STM32Cube_FW_WBA_V1.0.0RC1, STM32Cube_FW_WBA_V1.0.0RC3, STM32Cube_FW_WB_V1.15.0RC1, STM32Cube_FW_WB_V1.16.0, STM32Cube_FW_WB_V1.16.0RC2, STM32Cube_FW_WL_V1.3.0, X-CUBE-ALGOBUILD_V1.3.0, X-CUBE-ALS_V1.0.1, X-CUBE-AZRTOS-F4_V1.1.0, X-CUBE-AZRTOS-F7_V1.1.0, X-CUBE-AZRTOS-G0_V1.1.0, X-CUBE-AZRTOS-G4_V2.0.0, X-CUBE-AZRTOS-H7_V3.1.0, X-CUBE-AZRTOS-L4_V1.0.0, X-CUBE-AZRTOS-L5_V1.1.0, X-CUBE-AZRTOS-WB_V1.1.0, X-CUBE-AZRTOS-WL_V1.0.0, X-CUBE-BLE1_V6.2.4, X-CUBE-BLE2_V3.3.0, X-CUBE-BLEMGR_V2.0.0, X-CUBE-EEPRMA1_V4.1.0, X-CUBE-FREERTOS_V1.0.1, X-CUBE-GNSS1_V6.0.0, X-CUBE-MEMS1_V9.1.0, X-CUBE-MEMS1_V9.4.0, X-CUBE-MEMS1_V9.6.0, X-CUBE-NFC4_V3.0.0, X-CUBE-NFC7_V1.0.0, X-CUBE-SFXS2LP1_V4.0.0, X-CUBE-SUBG2_V5.0.0]
2023-06-27 10:26:50,323 [WARN] PackLoader:240 - Cannot read IP mode file for STMicroelectronics.X-CUBE-SMBUS.2.1.0
2023-06-27 10:26:50,349 [WARN] PackLoader:240 - Cannot read IP mode file for STMicroelectronics.X-CUBE-AZRTOS-F7.1.1.0
2023-06-27 10:26:50,355 [WARN] PackLoader:240 - Cannot read IP mode file for STMicroelectronics.FP-SNS-MOTENV1.4.3.2
2023-06-27 10:26:50,364 [ERROR] RealEvaluatedCondition:428 - Found unsupported composite condition: GROUP='STM32_MetaDataManager' CLASS='Data Exchange'
2023-06-27 10:26:50,364 [ERROR] RealEvaluatedCondition:428 - Found unsupported composite condition: CLASS='Data Exchange' GROUP='STM32_MetaDataManager'
2023-06-27 10:26:50,366 [WARN] PackLoader:240 - Cannot read IP mode file for STMicroelectronics.FP-SNS-MOTENV1.4.3.1
2023-06-27 10:26:50,370 [WARN] PackLoader:240 - Cannot read IP mode file for STMicroelectronics.FP-SNS-FLIGHT1.5.0.1
2023-06-27 10:26:50,380 [WARN] PackLoader:240 - Cannot read IP mode file for STMicroelectronics.X-CUBE-BLE1.6.2.4
2023-06-27 10:26:50,390 [WARN] PackLoader:240 - Cannot read IP mode file for STMicroelectronics.X-CUBE-DISPLAY.3.0.0
2023-06-27 10:26:50,396 [WARN] PackLoader:240 - Cannot read IP mode file for STMicroelectronics.X-CUBE-TOUCHGFX.4.22.0
2023-06-27 10:26:50,409 [INFO] LogOutputStream:77 - [STDOUT_REDIRECT] 1 : Invalid condition id : UX_CORESTACK_Condition cause : null
2023-06-27 10:26:50,410 [INFO] LogOutputStream:77 - [STDOUT_REDIRECT] 1 : Invalid condition id : UX_CORESTACK_Condition cause : null
2023-06-27 10:26:50,411 [INFO] LogOutputStream:77 - [STDOUT_REDIRECT] 1 : Invalid condition id : UX_CORESTACK_Condition cause : null
2023-06-27 10:26:50,411 [INFO] LogOutputStream:77 - [STDOUT_REDIRECT] 1 : Invalid condition id : UX_CORESTACK_Condition cause : null
2023-06-27 10:26:50,412 [INFO] LogOutputStream:77 - [STDOUT_REDIRECT] 1 : Invalid condition id : UX_CORESTACK_Condition cause : null
2023-06-27 10:26:50,414 [WARN] PackLoader:240 - Cannot read IP mode file for STMicroelectronics.X-CUBE-AZRTOS-WL.2.0.0
2023-06-27 10:26:50,426 [WARN] PackLoader:240 - Cannot read IP mode file for WES.I-CUBE-Cesium.1.3.0
2023-06-27 10:26:50,435 [WARN] PackLoader:240 - Cannot read IP mode file for STMicroelectronics.X-CUBE-BLE2.3.3.0
2023-06-27 10:26:50,442 [WARN] PackLoader:240 - Cannot read IP mode file for STMicroelectronics.X-CUBE-TOUCHGFX.4.21.4
2023-06-27 10:26:50,451 [WARN] PackLoader:240 - Cannot read IP mode file for STMicroelectronics.X-CUBE-ALGOBUILD.1.3.0
2023-06-27 10:26:50,470 [WARN] PackLoader:240 - Cannot read IP mode file for STMicroelectronics.X-CUBE-AZRTOS-G0.1.1.0
2023-06-27 10:26:50,481 [WARN] PackLoader:240 - Cannot read IP mode file for STMicroelectronics.X-CUBE-NFC4.3.0.0
2023-06-27 10:26:50,485 [WARN] PackLoader:240 - Cannot read IP mode file for STMicroelectronics.FP-ATR-SIGFOX1.3.2.0
2023-06-27 10:26:50,513 [WARN] PackLoader:240 - Cannot read IP mode file for SEGGER.I-CUBE-embOS.1.3.1
2023-06-27 10:26:50,547 [WARN] PackLoader:240 - Cannot read IP mode file for STMicroelectronics.X-CUBE-GNSS1.6.0.0
2023-06-27 10:26:50,574 [WARN] PackLoader:240 - Cannot read IP mode file for STMicroelectronics.X-CUBE-AZRTOS-F4.1.1.0
2023-06-27 10:26:50,587 [WARN] PackLoader:240 - Cannot read IP mode file for wolfSSL.I-CUBE-wolfSSL.5.6.0
2023-06-27 10:26:50,633 [WARN] PackLoader:240 - Cannot read IP mode file for STMicroelectronics.X-CUBE-MEMS1.9.6.0
2023-06-27 10:26:50,762 [WARN] PackLoader:240 - Cannot read IP mode file for emotas.I-CUBE-CANOPEN.1.1.3
2023-06-27 10:26:50,775 [WARN] PackLoader:240 - Cannot read IP mode file for STMicroelectronics.X-CUBE-BLEMGR.2.0.0
2023-06-27 10:26:50,796 [WARN] ConditionMgr:438 - getConditionDescription Invalid condition id : UX DEVICE CLASS RTOS Condition cause : null
2023-06-27 10:26:50,796 [WARN] ConditionMgr:438 - getConditionDescription Invalid condition id : UX DEVICE CLASS RTOS Condition cause : null
2023-06-27 10:26:50,798 [WARN] PackLoader:240 - Cannot read IP mode file for STMicroelectronics.X-CUBE-AZRTOS-H7.3.1.0
2023-06-27 10:26:50,799 [WARN] ConditionMgr:1039 - genDependencies : Invalid condition id : UX DEVICE CLASS RTOS Condition cause : null
2023-06-27 10:26:50,799 [WARN] ConditionMgr:1039 - genDependencies : Invalid condition id : UX DEVICE CLASS RTOS Condition cause : null
2023-06-27 10:26:50,800 [WARN] ConditionMgr:1039 - genDependencies : Invalid condition id : UX DEVICE CLASS RTOS Condition cause : null
2023-06-27 10:26:50,800 [WARN] ConditionMgr:1039 - genDependencies : Invalid condition id : UX DEVICE CLASS RTOS Condition cause : null
2023-06-27 10:26:50,800 [WARN] ConditionMgr:1039 - genDependencies : Invalid condition id : UX DEVICE CLASS RTOS Condition cause : null
2023-06-27 10:26:50,805 [WARN] PackLoader:240 - Cannot read IP mode file for STMicroelectronics.X-CUBE-NFC7.1.0.1
2023-06-27 10:26:50,816 [WARN] PackLoader:240 - Cannot read IP mode file for STMicroelectronics.X-CUBE-NFC7.1.0.0
2023-06-27 10:26:50,827 [WARN] PackLoader:240 - Cannot read IP mode file for STMicroelectronics.X-CUBE-EEPRMA1.4.1.0
2023-06-27 10:26:50,853 [WARN] ConditionMgr:438 - getConditionDescription Invalid condition id : LAN8742 Phy interface Condition cause : null
2023-06-27 10:26:50,853 [WARN] PackLoader:240 - Cannot read IP mode file for STMicroelectronics.X-CUBE-AZRTOS-L4.2.0.0
2023-06-27 10:26:50,854 [WARN] ConditionMgr:1039 - genDependencies : Invalid condition id : LAN8742 Phy interface Condition cause : null
2023-06-27 10:26:50,854 [WARN] ConditionMgr:1039 - genDependencies : Invalid condition id : LAN8742 Phy interface Condition cause : null
2023-06-27 10:26:50,855 [WARN] ConditionMgr:1039 - genDependencies : Invalid condition id : LAN8742 Phy interface Condition cause : null
2023-06-27 10:26:50,868 [WARN] PackLoader:240 - Cannot read IP mode file for STMicroelectronics.X-CUBE-SFXS2LP1.4.0.0
2023-06-27 10:26:50,880 [WARN] PackLoader:240 - Cannot read IP mode file for STMicroelectronics.X-CUBE-ISPU.1.1.0
2023-06-27 10:26:50,890 [WARN] PackLoader:240 - Cannot read IP mode file for STMicroelectronics.X-CUBE-FREERTOS.1.0.1
2023-06-27 10:26:50,911 [WARN] PackLoader:240 - Cannot read IP mode file for STMicroelectronics.X-CUBE-AZRTOS-L5.1.1.0
2023-06-27 10:26:50,922 [WARN] PackLoader:240 - Cannot read IP mode file for STMicroelectronics.X-CUBE-AI.8.0.1
2023-06-27 10:26:50,936 [WARN] PackLoader:240 - Cannot read IP mode file for STMicroelectronics.X-CUBE-SUBG2.5.0.0
2023-06-27 10:26:50,963 [WARN] PackLoader:240 - Cannot read IP mode file for STMicroelectronics.X-CUBE-AZRTOS-G4.2.0.0
2023-06-27 10:26:50,978 [WARN] PackLoader:240 - Cannot read IP mode file for STMicroelectronics.X-CUBE-TOF1.3.3.0
2023-06-27 10:26:50,994 [WARN] PackLoader:240 - Cannot read IP mode file for portGmbH.I-Cube-SoM-uGOAL.1.1.0
2023-06-27 10:26:51,003 [WARN] PackLoader:240 - Cannot read IP mode file for STMicroelectronics.X-CUBE-ALS.1.0.1
2023-06-27 10:26:51,019 [WARN] PackLoader:240 - Cannot read IP mode file for STMicroelectronics.X-CUBE-AZRTOS-WB.1.1.0
2023-06-27 10:26:51,024 [WARN] PackLoader:240 - Cannot read IP mode file for STMicroelectronics.FP-ATR-ASTRA1.2.0.0
2023-06-27 10:26:51,024 [INFO] ThirdParty:978 - Integrity check success = true
2023-06-27 10:26:51,025 [INFO] IntegrityCheckThread:100 - exiting critical section [integrity check]
2023-06-27 10:26:51,025 [INFO] IntegrityCheckThread:103 - End integrity checks thread
2023-06-27 10:26:51,574 [INFO] ApiDb:240 - Found 297 in-development CPN: [B-G473E-ZEST1S, B-WB1M-WPAN1, B-WL5M-SUBG1, NUCLEO-C031C6, NUCLEO-H503RB, NUCLEO-H563ZI, NUCLEO-U545RE-Q, NUCLEO-U5A5ZJ-Q, NUCLEO-WBA52CG, STEVAL-PROTEUS1, STEVAL-STWINBX1, STM320518-EVAL, STM32C0116-DK, STM32C011D6Y3TR, STM32C011D6Y6TR, STM32C011F4P3, STM32C011F4P6, STM32C011F4U3, STM32C011F4U6TR, STM32C011F6P3, STM32C011F6P6, STM32C011F6U3, STM32C011F6U6TR, STM32C011J4M3, STM32C011J4M6, STM32C011J6M3, STM32C011J6M6, STM32C0316-DK, STM32C031C4T3, STM32C031C4T6, STM32C031C4U3, STM32C031C4U6, STM32C031C6T3, STM32C031C6T6, STM32C031C6U3, STM32C031C6U6, STM32C031F4P3, STM32C031F4P6, STM32C031F6P3, STM32C031F6P6, STM32C031G4U3, STM32C031G4U6, STM32C031G6U3, STM32C031G6U6, STM32C031K4T3, STM32C031K4T6, STM32C031K4U3, STM32C031K4U6, STM32C031K6T3, STM32C031K6T6, STM32C031K6U3, STM32C031K6U6, STM32G071K8TXN, STM32G071K8UXN, STM32G081GBU6N, STM32G081KBT6N, STM32G081KBUXN, STM32G0B1CCT6N, STM32G0B1KCT6, STM32G0B1NEY6TR, STM32G0B1RCT6N, STM32G0C1CCT6, STM32G0C1CCT6N, STM32G0C1CCU6N, STM32G0C1CET6N, STM32G0C1CEU6N, STM32G0C1KCT6, STM32G0C1NEY6TR, STM32G0C1RCI6N, STM32G0C1RCT6N, STM32G0C1REI6N, STM32G0C1RET6N, STM32G0C1VCI6, STM32G0C1VEI6, STM32G471CCT6, STM32G471CCU6, STM32G471CET3, STM32G471CET6, STM32G471CEU3, STM32G471CEU6, STM32G471MCT6, STM32G471MET3, STM32G471MET6, STM32G471MEY6TR, STM32G471QCT6, STM32G471QET3, STM32G471RCT6, STM32G471RET3, STM32G471RET6, STM32G471VCH6, STM32G471VCI6, STM32G471VCT6, STM32G471VEH3, STM32G471VEH6, STM32G471VEI3, STM32G471VEI6, STM32G471VET3, STM32G471VET6, STM32G474CCT6, STM32H503CBT6, STM32H503CBU6, STM32H503EBY6TR, STM32H503KBU6, STM32H503RBT6, STM32H562AGI6, STM32H562AII6, STM32H562IGK6, STM32H562IGT6, STM32H562IIK6, STM32H562IIT6, STM32H562RGT6, STM32H562RGV6, STM32H562RIT6, STM32H562RIV6, STM32H562VGT6, STM32H562VIT6, STM32H562ZGT6, STM32H562ZIT6, STM32H563AGI6, STM32H563AII3Q, STM32H563AII6, STM32H563IGK6, STM32H563IGT6, STM32H563IIK3Q, STM32H563IIK6, STM32H563IIT3Q, STM32H563IIT6, STM32H563MIY3QTR, STM32H563RGT6, STM32H563RGV6, STM32H563RIT6, STM32H563RIV6, STM32H563VGT6, STM32H563VIT3Q, STM32H563VIT6, STM32H563ZGT6, STM32H563ZIT3Q, STM32H563ZIT6, STM32H573AII3Q, STM32H573AII6, STM32H573I-DK, STM32H573IIK3Q, STM32H573IIK6, STM32H573IIT3Q, STM32H573IIT6, STM32H573MIY3QTR, STM32H573RIT6, STM32H573RIV6, STM32H573VIT3Q, STM32H573VIT6, STM32H573ZIT3Q, STM32H573ZIT6, STM32L4R5QGI6STR, STM32MP131AAE3, STM32MP131AAF3, STM32MP131AAG3, STM32MP131CAE3, STM32MP131CAF3, STM32MP131CAG3, STM32MP131DAE7, STM32MP131DAF7, STM32MP131DAG7, STM32MP131FAE7, STM32MP131FAF7, STM32MP131FAG7, STM32MP133AAE3, STM32MP133AAF3, STM32MP133AAG3, STM32MP133CAE3, STM32MP133CAF3, STM32MP133CAG3, STM32MP133DAE7, STM32MP133DAF7, STM32MP133DAG7, STM32MP133FAE7, STM32MP133FAF7, STM32MP133FAG7, STM32MP135AAE3, STM32MP135AAF3, STM32MP135AAG3, STM32MP135CAE3, STM32MP135CAF3, STM32MP135CAG3, STM32MP135DAE7, STM32MP135DAF7, STM32MP135DAG7, STM32MP135F-DK, STM32MP135FAE7, STM32MP135FAF7, STM32MP135FAF7T, STM32MP135FAF7U, STM32MP135FAG7, STM32U535CBT6, STM32U535CBT6Q, STM32U535CBU6, STM32U535CBU6Q, STM32U535CCT6, STM32U535CCT6Q, STM32U535CCU6, STM32U535CCU6Q, STM32U535CET6, STM32U535CET6Q, STM32U535CEU6, STM32U535CEU6Q, STM32U535JEY6QTR, STM32U535NCY6QTR, STM32U535NEY6QTR, STM32U535RBI6, STM32U535RBI6Q, STM32U535RBT6, STM32U535RBT6Q, STM32U535RCI6, STM32U535RCI6Q, STM32U535RCT6, STM32U535RCT6Q, STM32U535REI6, STM32U535REI6Q, STM32U535RET6, STM32U535RET6Q, STM32U535VCI6, STM32U535VCI6Q, STM32U535VCT6, STM32U535VCT6Q, STM32U535VEI6, STM32U535VEI6Q, STM32U535VET6, STM32U535VET6Q, STM32U545CET6, STM32U545CET6Q, STM32U545CEU6, STM32U545CEU6Q, STM32U545JEY6QTR, STM32U545NEY6QTR, STM32U545REI6, STM32U545REI6Q, STM32U545RET6, STM32U545RET6Q, STM32U545VEI6, STM32U545VEI6Q, STM32U545VET6, STM32U545VET6Q, STM32U595AIH6, STM32U595AIH6Q, STM32U595AJH6, STM32U595AJH6Q, STM32U595QII6, STM32U595QII6Q, STM32U595QJI6, STM32U595QJI6Q, STM32U595RIT6, STM32U595RIT6Q, STM32U595RJT6, STM32U595RJT6Q, STM32U595VIT6, STM32U595VIT6Q, STM32U595VJT6, STM32U595VJT6Q, STM32U595ZIT6, STM32U595ZIT6Q, STM32U595ZIY6QTR, STM32U595ZJT6, STM32U595ZJT6Q, STM32U595ZJY6QTR, STM32U599BJY6QTR, STM32U599NIH6Q, STM32U599NJH6Q, STM32U599VIT6Q, STM32U599VJT6, STM32U599VJT6Q, STM32U599ZIT6Q, STM32U599ZIY6QTR, STM32U599ZJT6Q, STM32U599ZJY6QTR, STM32U5A5AJH6, STM32U5A5AJH6Q, STM32U5A5QJI6, STM32U5A5QJI6Q, STM32U5A5RJT6, STM32U5A5RJT6Q, STM32U5A5VJT6, STM32U5A5VJT6Q, STM32U5A5ZJT6, STM32U5A5ZJT6Q, STM32U5A5ZJY6QTR, STM32U5A9BJY6QTR, STM32U5A9J-DK, STM32U5A9NJH6Q, STM32U5A9VJT6Q, STM32U5A9ZJT6Q, STM32U5A9ZJY6QTR, STM32WB1MMCH6, STM32WBA52CEU6, STM32WBA52CEU6T, STM32WBA52CGU6, STM32WBA52CGU6T, STM32WL5MOCH6, STM32WL5MOCH6TR]
2023-06-27 10:26:51,578 [INFO] DbMcus:216 - Found 3775 MCUs, 3775 are supported
2023-06-27 10:26:51,580 [INFO] ApiDb:423 - Load user favorites file C:\Users\GAMING/.stm32cubeide/favorites.mcus.txt: 0 item(s)
2023-06-27 10:26:51,581 [INFO] ApiDb:427 - User favorites MCUs=[]
2023-06-27 10:26:51,581 [INFO] DbMcus:222 - Set 0 / 0 favorites MCUs
2023-06-27 10:26:51,795 [INFO] ApiDb:668 - CubeFinder database Data Model version=2.1
2023-06-27 10:26:51,795 [INFO] ApiDb:669 - CubeFinder database Configuration version=3.0.35
2023-06-27 10:26:51,795 [INFO] ApiDb:670 - CubeFinder database generation date=2023-05-12 (1683877179)
2023-06-27 10:26:51,795 [INFO] ApiDb:671 - CubeFinder database FW Pack versions=[FP-ATR-ASTRA1_V2.0.0, FP-SNS-FLIGHT1_V5.0.0, FP-SNS-MOTENV1_V4.3.0, STM32Cube_FW_C0_V1.0.1, STM32Cube_FW_F0_V1.11.4, STM32Cube_FW_F3_V1.11.4, STM32Cube_FW_F4_V1.27.1, STM32Cube_FW_F7_V1.17.0, STM32Cube_FW_G0_V1.6.1, STM32Cube_FW_G4_V1.5.1, STM32Cube_FW_H5_V0.5.1, STM32Cube_FW_H5_V1.0.0, STM32Cube_FW_H7_V1.11.0, STM32Cube_FW_L0_V1.12.2, STM32Cube_FW_L5_V1.5.0, STM32Cube_FW_U5_V1.2.0, STM32Cube_FW_WBA_V1.0.0, STM32Cube_FW_WBA_V1.0.0RC1, STM32Cube_FW_WBA_V1.0.0RC3, STM32Cube_FW_WB_V1.15.0RC1, STM32Cube_FW_WB_V1.16.0, STM32Cube_FW_WB_V1.16.0RC2, STM32Cube_FW_WL_V1.3.0, X-CUBE-ALGOBUILD_V1.3.0, X-CUBE-ALS_V1.0.1, X-CUBE-AZRTOS-F4_V1.1.0, X-CUBE-AZRTOS-F7_V1.1.0, X-CUBE-AZRTOS-G0_V1.1.0, X-CUBE-AZRTOS-G4_V2.0.0, X-CUBE-AZRTOS-H7_V3.1.0, X-CUBE-AZRTOS-L4_V1.0.0, X-CUBE-AZRTOS-L5_V1.1.0, X-CUBE-AZRTOS-WB_V1.1.0, X-CUBE-AZRTOS-WL_V1.0.0, X-CUBE-BLE1_V6.2.4, X-CUBE-BLE2_V3.3.0, X-CUBE-BLEMGR_V2.0.0, X-CUBE-EEPRMA1_V4.1.0, X-CUBE-FREERTOS_V1.0.1, X-CUBE-GNSS1_V6.0.0, X-CUBE-MEMS1_V9.1.0, X-CUBE-MEMS1_V9.4.0, X-CUBE-MEMS1_V9.6.0, X-CUBE-NFC4_V3.0.0, X-CUBE-NFC7_V1.0.0, X-CUBE-SFXS2LP1_V4.0.0, X-CUBE-SUBG2_V5.0.0]
2023-06-27 10:26:51,839 [INFO] DbBoardsSqlite:226 - include board P-NUCLEO-WB55-NUCLEO as a kit item of type 'Nucleo-64'
2023-06-27 10:26:51,839 [INFO] DbBoardsSqlite:226 - include board P-NUCLEO-WB55-USBDONGLE as a kit item of type 'Nucleo USB Dongle'
2023-06-27 10:26:51,839 [INFO] DbBoardsSqlite:226 - include board STEVAL-IDP005V1 as a kit item of type 'Evaluation Board'
2023-06-27 10:26:51,839 [INFO] DbBoardsSqlite:226 - include board STEVAL-IDP005V2 as a kit item of type 'Evaluation Board'
2023-06-27 10:26:51,880 [INFO] ApiDb:240 - Found 297 in-development CPN: [B-G473E-ZEST1S, B-WB1M-WPAN1, B-WL5M-SUBG1, NUCLEO-C031C6, NUCLEO-H503RB, NUCLEO-H563ZI, NUCLEO-U545RE-Q, NUCLEO-U5A5ZJ-Q, NUCLEO-WBA52CG, STEVAL-PROTEUS1, STEVAL-STWINBX1, STM320518-EVAL, STM32C0116-DK, STM32C011D6Y3TR, STM32C011D6Y6TR, STM32C011F4P3, STM32C011F4P6, STM32C011F4U3, STM32C011F4U6TR, STM32C011F6P3, STM32C011F6P6, STM32C011F6U3, STM32C011F6U6TR, STM32C011J4M3, STM32C011J4M6, STM32C011J6M3, STM32C011J6M6, STM32C0316-DK, STM32C031C4T3, STM32C031C4T6, STM32C031C4U3, STM32C031C4U6, STM32C031C6T3, STM32C031C6T6, STM32C031C6U3, STM32C031C6U6, STM32C031F4P3, STM32C031F4P6, STM32C031F6P3, STM32C031F6P6, STM32C031G4U3, STM32C031G4U6, STM32C031G6U3, STM32C031G6U6, STM32C031K4T3, STM32C031K4T6, STM32C031K4U3, STM32C031K4U6, STM32C031K6T3, STM32C031K6T6, STM32C031K6U3, STM32C031K6U6, STM32G071K8TXN, STM32G071K8UXN, STM32G081GBU6N, STM32G081KBT6N, STM32G081KBUXN, STM32G0B1CCT6N, STM32G0B1KCT6, STM32G0B1NEY6TR, STM32G0B1RCT6N, STM32G0C1CCT6, STM32G0C1CCT6N, STM32G0C1CCU6N, STM32G0C1CET6N, STM32G0C1CEU6N, STM32G0C1KCT6, STM32G0C1NEY6TR, STM32G0C1RCI6N, STM32G0C1RCT6N, STM32G0C1REI6N, STM32G0C1RET6N, STM32G0C1VCI6, STM32G0C1VEI6, STM32G471CCT6, STM32G471CCU6, STM32G471CET3, STM32G471CET6, STM32G471CEU3, STM32G471CEU6, STM32G471MCT6, STM32G471MET3, STM32G471MET6, STM32G471MEY6TR, STM32G471QCT6, STM32G471QET3, STM32G471RCT6, STM32G471RET3, STM32G471RET6, STM32G471VCH6, STM32G471VCI6, STM32G471VCT6, STM32G471VEH3, STM32G471VEH6, STM32G471VEI3, STM32G471VEI6, STM32G471VET3, STM32G471VET6, STM32G474CCT6, STM32H503CBT6, STM32H503CBU6, STM32H503EBY6TR, STM32H503KBU6, STM32H503RBT6, STM32H562AGI6, STM32H562AII6, STM32H562IGK6, STM32H562IGT6, STM32H562IIK6, STM32H562IIT6, STM32H562RGT6, STM32H562RGV6, STM32H562RIT6, STM32H562RIV6, STM32H562VGT6, STM32H562VIT6, STM32H562ZGT6, STM32H562ZIT6, STM32H563AGI6, STM32H563AII3Q, STM32H563AII6, STM32H563IGK6, STM32H563IGT6, STM32H563IIK3Q, STM32H563IIK6, STM32H563IIT3Q, STM32H563IIT6, STM32H563MIY3QTR, STM32H563RGT6, STM32H563RGV6, STM32H563RIT6, STM32H563RIV6, STM32H563VGT6, STM32H563VIT3Q, STM32H563VIT6, STM32H563ZGT6, STM32H563ZIT3Q, STM32H563ZIT6, STM32H573AII3Q, STM32H573AII6, STM32H573I-DK, STM32H573IIK3Q, STM32H573IIK6, STM32H573IIT3Q, STM32H573IIT6, STM32H573MIY3QTR, STM32H573RIT6, STM32H573RIV6, STM32H573VIT3Q, STM32H573VIT6, STM32H573ZIT3Q, STM32H573ZIT6, STM32L4R5QGI6STR, STM32MP131AAE3, STM32MP131AAF3, STM32MP131AAG3, STM32MP131CAE3, STM32MP131CAF3, STM32MP131CAG3, STM32MP131DAE7, STM32MP131DAF7, STM32MP131DAG7, STM32MP131FAE7, STM32MP131FAF7, STM32MP131FAG7, STM32MP133AAE3, STM32MP133AAF3, STM32MP133AAG3, STM32MP133CAE3, STM32MP133CAF3, STM32MP133CAG3, STM32MP133DAE7, STM32MP133DAF7, STM32MP133DAG7, STM32MP133FAE7, STM32MP133FAF7, STM32MP133FAG7, STM32MP135AAE3, STM32MP135AAF3, STM32MP135AAG3, STM32MP135CAE3, STM32MP135CAF3, STM32MP135CAG3, STM32MP135DAE7, STM32MP135DAF7, STM32MP135DAG7, STM32MP135F-DK, STM32MP135FAE7, STM32MP135FAF7, STM32MP135FAF7T, STM32MP135FAF7U, STM32MP135FAG7, STM32U535CBT6, STM32U535CBT6Q, STM32U535CBU6, STM32U535CBU6Q, STM32U535CCT6, STM32U535CCT6Q, STM32U535CCU6, STM32U535CCU6Q, STM32U535CET6, STM32U535CET6Q, STM32U535CEU6, STM32U535CEU6Q, STM32U535JEY6QTR, STM32U535NCY6QTR, STM32U535NEY6QTR, STM32U535RBI6, STM32U535RBI6Q, STM32U535RBT6, STM32U535RBT6Q, STM32U535RCI6, STM32U535RCI6Q, STM32U535RCT6, STM32U535RCT6Q, STM32U535REI6, STM32U535REI6Q, STM32U535RET6, STM32U535RET6Q, STM32U535VCI6, STM32U535VCI6Q, STM32U535VCT6, STM32U535VCT6Q, STM32U535VEI6, STM32U535VEI6Q, STM32U535VET6, STM32U535VET6Q, STM32U545CET6, STM32U545CET6Q, STM32U545CEU6, STM32U545CEU6Q, STM32U545JEY6QTR, STM32U545NEY6QTR, STM32U545REI6, STM32U545REI6Q, STM32U545RET6, STM32U545RET6Q, STM32U545VEI6, STM32U545VEI6Q, STM32U545VET6, STM32U545VET6Q, STM32U595AIH6, STM32U595AIH6Q, STM32U595AJH6, STM32U595AJH6Q, STM32U595QII6, STM32U595QII6Q, STM32U595QJI6, STM32U595QJI6Q, STM32U595RIT6, STM32U595RIT6Q, STM32U595RJT6, STM32U595RJT6Q, STM32U595VIT6, STM32U595VIT6Q, STM32U595VJT6, STM32U595VJT6Q, STM32U595ZIT6, STM32U595ZIT6Q, STM32U595ZIY6QTR, STM32U595ZJT6, STM32U595ZJT6Q, STM32U595ZJY6QTR, STM32U599BJY6QTR, STM32U599NIH6Q, STM32U599NJH6Q, STM32U599VIT6Q, STM32U599VJT6, STM32U599VJT6Q, STM32U599ZIT6Q, STM32U599ZIY6QTR, STM32U599ZJT6Q, STM32U599ZJY6QTR, STM32U5A5AJH6, STM32U5A5AJH6Q, STM32U5A5QJI6, STM32U5A5QJI6Q, STM32U5A5RJT6, STM32U5A5RJT6Q, STM32U5A5VJT6, STM32U5A5VJT6Q, STM32U5A5ZJT6, STM32U5A5ZJT6Q, STM32U5A5ZJY6QTR, STM32U5A9BJY6QTR, STM32U5A9J-DK, STM32U5A9NJH6Q, STM32U5A9VJT6Q, STM32U5A9ZJT6Q, STM32U5A9ZJY6QTR, STM32WB1MMCH6, STM32WBA52CEU6, STM32WBA52CEU6T, STM32WBA52CGU6, STM32WBA52CGU6T, STM32WL5MOCH6, STM32WL5MOCH6TR]
2023-06-27 10:26:51,971 [INFO] BoardInfo:880 - No configuration file found for board P-NUCLEO-WB55
2023-06-27 10:26:51,971 [INFO] DbBoards:157 - Kit is not supported: P-NUCLEO-WB55
2023-06-27 10:26:51,974 [INFO] BoardInfo:880 - No configuration file found for board STEVAL-BFA001V1B
2023-06-27 10:26:51,974 [INFO] DbBoards:157 - Kit is not supported: STEVAL-BFA001V1B
2023-06-27 10:26:51,975 [INFO] BoardInfo:880 - No configuration file found for board STEVAL-BFA001V2B
2023-06-27 10:26:51,975 [INFO] DbBoards:157 - Kit is not supported: STEVAL-BFA001V2B
2023-06-27 10:26:52,055 [INFO] DbBoards:161 - Found 187 boards, 184 are supported
2023-06-27 10:26:52,057 [INFO] ApiDb:423 - Load user favorites file C:\Users\GAMING/.stm32cubeide/favorites.boards.txt: 0 item(s)
2023-06-27 10:26:52,057 [INFO] ApiDb:427 - User favorites Boards=[]
2023-06-27 10:26:52,057 [INFO] DbBoards:190 - Set 0 / 0 favorites Boards
2023-06-27 10:26:52,059 [INFO] ApiDb:668 - CubeFinder database Data Model version=2.1
2023-06-27 10:26:52,059 [INFO] ApiDb:669 - CubeFinder database Configuration version=3.0.35
2023-06-27 10:26:52,059 [INFO] ApiDb:670 - CubeFinder database generation date=2023-05-12 (1683877179)
2023-06-27 10:26:52,059 [INFO] ApiDb:671 - CubeFinder database FW Pack versions=[FP-ATR-ASTRA1_V2.0.0, FP-SNS-FLIGHT1_V5.0.0, FP-SNS-MOTENV1_V4.3.0, STM32Cube_FW_C0_V1.0.1, STM32Cube_FW_F0_V1.11.4, STM32Cube_FW_F3_V1.11.4, STM32Cube_FW_F4_V1.27.1, STM32Cube_FW_F7_V1.17.0, STM32Cube_FW_G0_V1.6.1, STM32Cube_FW_G4_V1.5.1, STM32Cube_FW_H5_V0.5.1, STM32Cube_FW_H5_V1.0.0, STM32Cube_FW_H7_V1.11.0, STM32Cube_FW_L0_V1.12.2, STM32Cube_FW_L5_V1.5.0, STM32Cube_FW_U5_V1.2.0, STM32Cube_FW_WBA_V1.0.0, STM32Cube_FW_WBA_V1.0.0RC1, STM32Cube_FW_WBA_V1.0.0RC3, STM32Cube_FW_WB_V1.15.0RC1, STM32Cube_FW_WB_V1.16.0, STM32Cube_FW_WB_V1.16.0RC2, STM32Cube_FW_WL_V1.3.0, X-CUBE-ALGOBUILD_V1.3.0, X-CUBE-ALS_V1.0.1, X-CUBE-AZRTOS-F4_V1.1.0, X-CUBE-AZRTOS-F7_V1.1.0, X-CUBE-AZRTOS-G0_V1.1.0, X-CUBE-AZRTOS-G4_V2.0.0, X-CUBE-AZRTOS-H7_V3.1.0, X-CUBE-AZRTOS-L4_V1.0.0, X-CUBE-AZRTOS-L5_V1.1.0, X-CUBE-AZRTOS-WB_V1.1.0, X-CUBE-AZRTOS-WL_V1.0.0, X-CUBE-BLE1_V6.2.4, X-CUBE-BLE2_V3.3.0, X-CUBE-BLEMGR_V2.0.0, X-CUBE-EEPRMA1_V4.1.0, X-CUBE-FREERTOS_V1.0.1, X-CUBE-GNSS1_V6.0.0, X-CUBE-MEMS1_V9.1.0, X-CUBE-MEMS1_V9.4.0, X-CUBE-MEMS1_V9.6.0, X-CUBE-NFC4_V3.0.0, X-CUBE-NFC7_V1.0.0, X-CUBE-SFXS2LP1_V4.0.0, X-CUBE-SUBG2_V5.0.0]
2023-06-27 10:26:52,657 [INFO] DbExamplesSqlite:376 - Ignored 45 examples not supported by CubeIDE
2023-06-27 10:26:52,658 [INFO] DbExamplesSqlite:377 - Found 7342 examples active
2023-06-27 10:26:52,658 [INFO] DbExamplesSqlite:378 - Found 1107 examples obsolete
2023-06-27 10:26:52,658 [INFO] DbExamplesSqlite:379 - Found 0 examples under development
2023-06-27 10:26:52,658 [INFO] DbExamplesSqlite:380 - Found 77 examples not building
2023-06-27 10:26:52,659 [INFO] DbExamples:125 - Found 7374 examples
2023-06-27 10:26:52,667 [INFO] DbExamples:222 - Found 92 boards with related examples
2023-06-27 10:26:52,668 [INFO] DbExamples:235 - Found 78 MCUs with related examples
2023-06-27 10:26:52,684 [INFO] ApiDb:414 - User favorites file not found: C:\Users\GAMING/.stm32cubeide/favorites.examples.txt
2023-06-27 10:26:52,684 [INFO] DbExamples:250 - Set 0 / 0 favorites Examples
2023-06-27 10:26:52,915 [INFO] McuFinderGlobals:66 - Set McuFinderConnectedMode to true
2023-06-27 10:26:52,921 [INFO] MultiScanPanel:200 - Auto-refresh data requested => check proxy status ongoing
2023-06-27 10:26:52,924 [INFO] FinderPluginLoader:95 - Searching for filters in installed packs
2023-06-27 10:26:53,925 [INFO] LoadUrlFilesThread:185 - End of LoadServerUrlFiles without Thread
2023-06-27 10:26:53,999 [INFO] DetailPanel:341 - Set advertising image to C:/Users/GAMING/STM32Cube/Repository/\en.prom-stm32h5-mcu-finder.jpg
2023-06-27 10:30:12,215 [INFO] MultiScanPanel:200 - Auto-refresh data requested => check proxy status ongoing
2023-06-27 10:30:12,297 [INFO] LoadUrlFilesThread:185 - End of LoadServerUrlFiles without Thread
2023-06-27 10:30:12,297 [INFO] DetailPanel:341 - Set advertising image to C:/Users/GAMING/STM32Cube/Repository/\en.prom-stm32h5-mcu-finder.jpg
2023-06-27 10:31:39,794 [INFO] MainUpdater:2854 - connection check result : 10
2023-06-27 10:31:39,794 [INFO] MainUpdater:2854 - connection check result : 10
2023-06-27 10:31:39,814 [INFO] MicroXplorer:468 - Change Database Path : 
2023-06-27 10:31:39,814 [INFO] MicroXplorer:498 - Change Database Version : DB.6.0.81
2023-06-27 10:31:39,814 [WARN] ThirdParty:871 - waiting for thirdparty lock release [close project]
2023-06-27 10:31:39,814 [INFO] ThirdParty:873 - entering critical section [close project]
2023-06-27 10:31:39,815 [INFO] ThirdParty:883 - exiting critical section [close project]
2023-06-27 10:31:39,816 [INFO] PinOutPanel:1499 - setPackage(No Configuration,No Configuration)
2023-06-27 10:31:39,819 [INFO] UtilMem:75 - Begin LoadConfig() Used Memory: 478081728 Bytes (768606208)
2023-06-27 10:31:39,820 [INFO] MicroXplorer:468 - Change Database Path : 
2023-06-27 10:31:39,820 [INFO] MicroXplorer:498 - Change Database Version : DB.6.0.81
2023-06-27 10:31:39,820 [INFO] OpenFileManager:308 - Change cursor
2023-06-27 10:31:39,880 [INFO] Mcu:1937 - Initializing MCU STM32L432KCUx STM32L432KCUx 
2023-06-27 10:31:39,881 [INFO] Mcu:1950 - No CPN specified => set CPN to STM32L432KCU3
2023-06-27 10:31:40,914 [INFO] Context:659 - Trying to add GPIOservice into a context  which must be forbidden
2023-06-27 10:31:41,250 [INFO] ImportTextPane:194 - (OptionalMessage_ERROR) Unable to find key (Mcu.ThirdPartyNb) in loaded IOC file
2023-06-27 10:31:41,250 [INFO] ImportTextPane:194 - (OptionalMessage_ERROR) Unable to find key (Mcu.PinsNb) in loaded IOC file
2023-06-27 10:31:41,250 [INFO] ImportTextPane:194 - (OptionalMessage_ERROR) Unable to find key (Mcu.IPNb) in loaded IOC file
2023-06-27 10:31:41,418 [INFO] RtosManager:555 - Registered RTOS mode: class=CMSIS, group=RTOS, mode=CMSIS_V1, owner=FREERTOS
2023-06-27 10:31:41,418 [INFO] RtosManager:555 - Registered RTOS mode: class=CMSIS, group=RTOS2, mode=CMSIS_V2, owner=FREERTOS
2023-06-27 10:31:41,418 [INFO] RtosManager:555 - Registered RTOS mode: class=RTOS, group=Core, mode=CMSIS_V1, owner=FREERTOS
2023-06-27 10:31:41,419 [INFO] RtosManager:555 - Registered RTOS mode: class=RTOS, group=Core, mode=CMSIS_V2, owner=FREERTOS
2023-06-27 10:31:41,419 [WARN] ModelIntegratedComponent:184 - Missing modes for component STMicroelectronics:FreeRTOS:0.0.1:STMicroelectronics:RTOS:FreeRTOS:Core:::10.2.0:
2023-06-27 10:31:41,429 [WARN] ModelIntegratedComponent:63 - No mode defined for component null
2023-06-27 10:31:41,429 [WARN] ModelIntegratedComponent:63 - No mode defined for component null
2023-06-27 10:31:41,429 [WARN] ModelIntegratedComponent:63 - No mode defined for component null
2023-06-27 10:31:41,429 [WARN] ModelIntegratedComponent:63 - No mode defined for component null
2023-06-27 10:31:41,429 [WARN] ModelIntegratedComponent:63 - No mode defined for component null
2023-06-27 10:31:41,429 [WARN] ModelIntegratedComponent:63 - No mode defined for component null
2023-06-27 10:31:41,429 [WARN] ModelIntegratedComponent:63 - No mode defined for component null
2023-06-27 10:31:41,429 [WARN] ModelIntegratedComponent:63 - No mode defined for component null
2023-06-27 10:31:41,430 [WARN] ModelIntegratedComponent:63 - No mode defined for component null
2023-06-27 10:31:41,430 [WARN] ModelIntegratedComponent:63 - No mode defined for component null
2023-06-27 10:31:41,430 [WARN] ModelIntegratedComponent:63 - No mode defined for component null
2023-06-27 10:31:41,430 [WARN] ModelIntegratedComponent:63 - No mode defined for component null
2023-06-27 10:31:41,430 [WARN] ModelIntegratedComponent:63 - No mode defined for component null
2023-06-27 10:31:41,430 [WARN] ModelIntegratedComponent:63 - No mode defined for component null
2023-06-27 10:31:41,430 [WARN] ModelIntegratedComponent:63 - No mode defined for component null
2023-06-27 10:31:41,430 [WARN] ModelIntegratedComponent:63 - No mode defined for component null
2023-06-27 10:31:41,430 [WARN] ModelIntegratedComponent:63 - No mode defined for component null
2023-06-27 10:31:41,430 [WARN] ModelIntegratedComponent:63 - No mode defined for component null
2023-06-27 10:31:41,430 [WARN] ModelIntegratedComponent:63 - No mode defined for component null
2023-06-27 10:31:41,430 [WARN] ModelIntegratedComponent:63 - No mode defined for component null
2023-06-27 10:31:41,430 [WARN] ModelIntegratedComponent:63 - No mode defined for component null
2023-06-27 10:31:41,430 [WARN] ModelIntegratedComponent:63 - No mode defined for component null
2023-06-27 10:31:41,430 [WARN] ModelIntegratedComponent:63 - No mode defined for component null
2023-06-27 10:31:41,430 [WARN] ModelIntegratedComponent:63 - No mode defined for component null
2023-06-27 10:31:41,431 [WARN] ModelIntegratedComponent:63 - No mode defined for component null
2023-06-27 10:31:41,431 [WARN] ModelIntegratedComponent:63 - No mode defined for component null
2023-06-27 10:31:41,431 [WARN] ModelIntegratedComponent:63 - No mode defined for component null
2023-06-27 10:31:41,431 [WARN] ModelIntegratedComponent:63 - No mode defined for component null
2023-06-27 10:31:41,431 [WARN] ModelIntegratedComponent:63 - No mode defined for component null
2023-06-27 10:31:41,432 [WARN] ModelIntegratedComponent:63 - No mode defined for component null
2023-06-27 10:31:41,432 [WARN] ModelIntegratedComponent:63 - No mode defined for component null
2023-06-27 10:31:41,432 [WARN] ModelIntegratedComponent:63 - No mode defined for component null
2023-06-27 10:31:41,432 [WARN] ModelIntegratedComponent:63 - No mode defined for component null
2023-06-27 10:31:41,448 [INFO] ThirdPartyModel:298 - Start build external matchings
2023-06-27 10:31:41,693 [INFO] ThirdPartyModel:316 - End build external matchings
2023-06-27 10:31:41,857 [INFO] UtilMem:75 - End LoadConfig() Used Memory: 475211456 Bytes (768606208)
2023-06-27 10:31:41,933 [WARN] ThirdParty:833 - waiting for thirdparty lock release [change project]
2023-06-27 10:31:41,933 [INFO] ThirdParty:835 - entering critical section [change project]
2023-06-27 10:31:41,933 [INFO] ThirdParty:1030 - CMSIS Pack Vendor :STMicroelectronics X-CUBE-ISPU 1.1.0
2023-06-27 10:31:41,933 [INFO] ThirdParty:1030 - CMSIS Pack Vendor :STMicroelectronics X-CUBE-GNSS1 6.0.0
2023-06-27 10:31:41,933 [INFO] ThirdParty:1030 - CMSIS Pack Vendor :STMicroelectronics USB_HOST 2.0.0
2023-06-27 10:31:41,933 [INFO] ThirdParty:1030 - CMSIS Pack Vendor :STMicroelectronics X-CUBE-AZRTOS-F4 1.1.0
2023-06-27 10:31:41,933 [INFO] ThirdParty:1030 - CMSIS Pack Vendor :STMicroelectronics LIBJPEG 8.0.0
2023-06-27 10:31:41,933 [INFO] ThirdParty:1030 - CMSIS Pack Vendor :STMicroelectronics X-CUBE-SMBUS 2.1.0
2023-06-27 10:31:41,933 [INFO] ThirdParty:1030 - CMSIS Pack Vendor :wolfSSL I-CUBE-wolfSSL 5.6.0
2023-06-27 10:31:41,933 [INFO] ThirdParty:1030 - CMSIS Pack Vendor :STMicroelectronics USB_DEVICE 3.0.0
2023-06-27 10:31:41,933 [INFO] ThirdParty:1030 - CMSIS Pack Vendor :STMicroelectronics X-CUBE-FREERTOS 1.0.1
2023-06-27 10:31:41,933 [INFO] ThirdParty:1030 - CMSIS Pack Vendor :STMicroelectronics X-CUBE-AZRTOS-F7 1.1.0
2023-06-27 10:31:41,933 [INFO] ThirdParty:1030 - CMSIS Pack Vendor :STMicroelectronics X-CUBE-TOUCHGFX 4.21.4
2023-06-27 10:31:41,933 [INFO] ThirdParty:1030 - CMSIS Pack Vendor :STMicroelectronics USB_DEVICE 2.0.0
2023-06-27 10:31:41,933 [INFO] ThirdParty:1030 - CMSIS Pack Vendor :STMicroelectronics X-CUBE-MEMS1 9.6.0
2023-06-27 10:31:41,933 [INFO] ThirdParty:1030 - CMSIS Pack Vendor :STMicroelectronics FP-SNS-MOTENV1 4.3.2
2023-06-27 10:31:41,933 [INFO] ThirdParty:1030 - CMSIS Pack Vendor :STMicroelectronics FP-SNS-MOTENV1 4.3.1
2023-06-27 10:31:41,933 [INFO] ThirdParty:1030 - CMSIS Pack Vendor :STMicroelectronics FP-SNS-FLIGHT1 5.0.1
2023-06-27 10:31:41,933 [INFO] ThirdParty:1030 - CMSIS Pack Vendor :STMicroelectronics X-CUBE-ALGOBUILD 1.3.0
2023-06-27 10:31:41,933 [INFO] ThirdParty:1030 - CMSIS Pack Vendor :STMicroelectronics X-CUBE-BLE1 6.2.4
2023-06-27 10:31:41,933 [INFO] ThirdParty:1030 - CMSIS Pack Vendor :STMicroelectronics X-CUBE-AZRTOS-L5 1.1.0
2023-06-27 10:31:41,933 [INFO] ThirdParty:1030 - CMSIS Pack Vendor :STMicroelectronics FreeRTOS 0.0.1
2023-06-27 10:31:41,933 [INFO] ThirdParty:1030 - CMSIS Pack Vendor :STMicroelectronics X-CUBE-AZRTOS-G0 1.1.0
2023-06-27 10:31:41,934 [INFO] ThirdParty:1030 - CMSIS Pack Vendor :emotas I-CUBE-CANOPEN 1.1.3
2023-06-27 10:31:41,934 [INFO] ThirdParty:1030 - CMSIS Pack Vendor :STMicroelectronics X-CUBE-BLEMGR 2.0.0
2023-06-27 10:31:41,934 [INFO] ThirdParty:1030 - CMSIS Pack Vendor :STMicroelectronics X-CUBE-AI 8.0.1
2023-06-27 10:31:41,934 [INFO] ThirdParty:1030 - CMSIS Pack Vendor :STMicroelectronics X-CUBE-NFC4 3.0.0
2023-06-27 10:31:41,934 [INFO] ThirdParty:1030 - CMSIS Pack Vendor :STMicroelectronics X-CUBE-SUBG2 5.0.0
2023-06-27 10:31:41,934 [INFO] ThirdParty:1030 - CMSIS Pack Vendor :STMicroelectronics STM32_WPAN 1.0.0
2023-06-27 10:31:41,934 [INFO] ThirdParty:1030 - CMSIS Pack Vendor :STMicroelectronics lwIP 2.0.3
2023-06-27 10:31:41,934 [INFO] ThirdParty:1030 - CMSIS Pack Vendor :STMicroelectronics USB_HOST 1.0.0
2023-06-27 10:31:41,934 [INFO] ThirdParty:1030 - CMSIS Pack Vendor :STMicroelectronics X-CUBE-AZRTOS-G4 2.0.0
2023-06-27 10:31:41,934 [INFO] ThirdParty:1030 - CMSIS Pack Vendor :STMicroelectronics PDM2PCM 3.1.0
2023-06-27 10:31:41,934 [INFO] ThirdParty:1030 - CMSIS Pack Vendor :STMicroelectronics X-CUBE-AZRTOS-H7 3.1.0
2023-06-27 10:31:41,934 [INFO] ThirdParty:1030 - CMSIS Pack Vendor :STMicroelectronics X-CUBE-TOF1 3.3.0
2023-06-27 10:31:41,934 [INFO] ThirdParty:1030 - CMSIS Pack Vendor :STMicroelectronics PDM2PCM 3.3.0
2023-06-27 10:31:41,934 [INFO] ThirdParty:1030 - CMSIS Pack Vendor :STMicroelectronics X-CUBE-DISPLAY 3.0.0
2023-06-27 10:31:41,934 [INFO] ThirdParty:1030 - CMSIS Pack Vendor :STMicroelectronics FP-ATR-SIGFOX1 3.2.0
2023-06-27 10:31:41,934 [INFO] ThirdParty:1030 - CMSIS Pack Vendor :STMicroelectronics HAL Drivers 0.0.0
2023-06-27 10:31:41,934 [INFO] ThirdParty:1030 - CMSIS Pack Vendor :STMicroelectronics MBEDTLS 2.16.2
2023-06-27 10:31:41,934 [INFO] ThirdParty:1030 - CMSIS Pack Vendor :STMicroelectronics X-CUBE-TOUCHGFX 4.22.0
2023-06-27 10:31:41,934 [INFO] ThirdParty:1030 - CMSIS Pack Vendor :STMicroelectronics X-CUBE-NFC7 1.0.1
2023-06-27 10:31:41,934 [INFO] ThirdParty:1030 - CMSIS Pack Vendor :STMicroelectronics MBEDTLS 2.14.1
2023-06-27 10:31:41,934 [INFO] ThirdParty:1030 - CMSIS Pack Vendor :STMicroelectronics X-CUBE-NFC7 1.0.0
2023-06-27 10:31:41,934 [INFO] ThirdParty:1030 - CMSIS Pack Vendor :STMicroelectronics X-CUBE-EEPRMA1 4.1.0
2023-06-27 10:31:41,934 [INFO] ThirdParty:1030 - CMSIS Pack Vendor :portGmbH I-Cube-SoM-uGOAL 1.1.0
2023-06-27 10:31:41,934 [INFO] ThirdParty:1030 - CMSIS Pack Vendor :STMicroelectronics X-CUBE-ALS 1.0.1
2023-06-27 10:31:41,934 [INFO] ThirdParty:1030 - CMSIS Pack Vendor :STMicroelectronics ThreadX 1.0.0
2023-06-27 10:31:41,934 [INFO] ThirdParty:1030 - CMSIS Pack Vendor :STMicroelectronics X-CUBE-AZRTOS-WB 1.1.0
2023-06-27 10:31:41,934 [INFO] ThirdParty:1030 - CMSIS Pack Vendor :STMicroelectronics X-CUBE-AZRTOS-WL 2.0.0
2023-06-27 10:31:41,934 [INFO] ThirdParty:1030 - CMSIS Pack Vendor :SEGGER I-CUBE-embOS 1.3.1
2023-06-27 10:31:41,935 [INFO] ThirdParty:1030 - CMSIS Pack Vendor :STMicroelectronics USB_DEVICE 1.0.0
2023-06-27 10:31:41,935 [INFO] ThirdParty:1030 - CMSIS Pack Vendor :STMicroelectronics X-CUBE-AZRTOS-L4 2.0.0
2023-06-27 10:31:41,935 [INFO] ThirdParty:1030 - CMSIS Pack Vendor :STMicroelectronics ThreadX 0.0.2
2023-06-27 10:31:41,935 [INFO] ThirdParty:1030 - CMSIS Pack Vendor :WES I-CUBE-Cesium 1.3.0
2023-06-27 10:31:41,935 [INFO] ThirdParty:1030 - CMSIS Pack Vendor :STMicroelectronics FP-ATR-ASTRA1 2.0.0
2023-06-27 10:31:41,935 [INFO] ThirdParty:1030 - CMSIS Pack Vendor :STMicroelectronics lwIP 2.1.2
2023-06-27 10:31:41,935 [INFO] ThirdParty:1030 - CMSIS Pack Vendor :STMicroelectronics X-CUBE-SFXS2LP1 4.0.0
2023-06-27 10:31:41,935 [INFO] ThirdParty:1030 - CMSIS Pack Vendor :STMicroelectronics X-CUBE-BLE2 3.3.0
2023-06-27 10:31:41,935 [INFO] ThirdParty:1030 - CMSIS Pack Vendor :STMicroelectronics PDM2PCM 3.2.0
2023-06-27 10:31:41,935 [INFO] ThirdParty:841 - exiting critical section [change project]
2023-06-27 10:31:42,150 [INFO] PinOutPanel:1499 - setPackage(No Configuration,No Configuration)
2023-06-27 10:31:42,151 [INFO] PinOutPanel:1499 - setPackage(STM32L432KCUx,UFQFPN32)
2023-06-27 10:31:42,540 [INFO] UtilMem:75 - Before build in PCC Used Memory: 495274848 Bytes (768606208)
2023-06-27 10:31:43,262 [INFO] UtilMem:75 - After build in PCC Used Memory: 572907536 Bytes (768606208)
2023-06-27 10:31:43,281 [INFO] IPUIPlugin:80 - create IPUIPlugin
2023-06-27 10:31:43,282 [INFO] IPUIPlugin:80 - create IPUIPlugin
2023-06-27 10:31:43,282 [INFO] IPUIPlugin:80 - create IPUIPlugin
2023-06-27 10:31:43,282 [INFO] IPUIPlugin:80 - create IPUIPlugin
2023-06-27 10:31:43,282 [INFO] IPUIPlugin:80 - create IPUIPlugin
2023-06-27 10:31:43,282 [INFO] IPUIPlugin:80 - create IPUIPlugin
2023-06-27 10:31:43,283 [INFO] IPUIPlugin:80 - create IPUIPlugin
2023-06-27 10:31:43,283 [INFO] IPUIPlugin:80 - create IPUIPlugin
2023-06-27 10:31:43,283 [INFO] IPUIPlugin:80 - create IPUIPlugin
2023-06-27 10:31:43,283 [INFO] IPUIPlugin:80 - create IPUIPlugin
2023-06-27 10:31:43,283 [INFO] IPUIPlugin:80 - create IPUIPlugin
2023-06-27 10:31:43,283 [INFO] IPUIPlugin:80 - create IPUIPlugin
2023-06-27 10:31:43,283 [INFO] IPUIPlugin:80 - create IPUIPlugin
2023-06-27 10:31:43,283 [INFO] IPUIPlugin:80 - create IPUIPlugin
2023-06-27 10:31:43,284 [INFO] IPUIPlugin:80 - create IPUIPlugin
2023-06-27 10:31:43,284 [INFO] IPUIPlugin:80 - create IPUIPlugin
2023-06-27 10:31:43,284 [INFO] IPUIPlugin:80 - create IPUIPlugin
2023-06-27 10:31:43,284 [INFO] IPUIPlugin:80 - create IPUIPlugin
2023-06-27 10:31:43,285 [INFO] IPUIPlugin:80 - create IPUIPlugin
2023-06-27 10:31:43,285 [INFO] IPUIPlugin:80 - create IPUIPlugin
2023-06-27 10:31:43,285 [INFO] IPUIPlugin:80 - create IPUIPlugin
2023-06-27 10:31:43,285 [INFO] IPUIPlugin:80 - create IPUIPlugin
2023-06-27 10:31:43,285 [INFO] IPUIPlugin:80 - create IPUIPlugin
2023-06-27 10:31:43,285 [INFO] IPUIPlugin:80 - create IPUIPlugin
2023-06-27 10:31:43,286 [INFO] IPUIPlugin:80 - create IPUIPlugin
2023-06-27 10:31:43,286 [INFO] IPUIPlugin:80 - create IPUIPlugin
2023-06-27 10:31:43,286 [INFO] IPUIPlugin:80 - create IPUIPlugin
2023-06-27 10:31:43,286 [INFO] IPUIPlugin:80 - create IPUIPlugin
2023-06-27 10:31:43,286 [INFO] IPUIPlugin:80 - create IPUIPlugin
2023-06-27 10:31:43,286 [INFO] IPUIPlugin:80 - create IPUIPlugin
2023-06-27 10:31:43,286 [INFO] IPUIPlugin:80 - create IPUIPlugin
2023-06-27 10:31:43,287 [INFO] IPUIPlugin:80 - create IPUIPlugin
2023-06-27 10:31:43,287 [INFO] IPUIPlugin:80 - create IPUIPlugin
2023-06-27 10:31:43,287 [INFO] IPUIPlugin:80 - create IPUIPlugin
2023-06-27 10:31:43,287 [INFO] IPUIPlugin:80 - create IPUIPlugin
2023-06-27 10:31:43,287 [INFO] IPUIPlugin:80 - create IPUIPlugin
2023-06-27 10:31:43,287 [INFO] IPUIPlugin:80 - create IPUIPlugin
2023-06-27 10:31:43,288 [INFO] IPUIPlugin:80 - create IPUIPlugin
2023-06-27 10:31:43,288 [INFO] IPUIPlugin:80 - create IPUIPlugin
2023-06-27 10:31:43,288 [INFO] IPUIPlugin:80 - create IPUIPlugin
2023-06-27 10:31:43,288 [INFO] IPUIPlugin:80 - create IPUIPlugin
2023-06-27 10:31:43,421 [INFO] CADModel:165 - CPN selected for project levelSTM32L432KCU3
2023-06-27 10:31:43,421 [INFO] CADModel:114 - Register for checkConnection events
2023-06-27 10:31:43,466 [INFO] OpenFileManager:328 - Restore cursor
2023-06-27 10:31:44,062 [INFO] UtilMem:75 - End SaveConfig() Used Memory: 492823640 Bytes (768606208)
2023-06-27 10:31:44,107 [INFO] UtilMem:75 - End SaveConfig() Used Memory: 504884312 Bytes (768606208)
2023-06-27 10:31:44,610 [INFO] BlockDiagram:2759 - set Specific Code input for plugin: NVIC
2023-06-27 10:31:44,610 [INFO] BlockDiagram:2759 - set Specific Code input for plugin: RCC
2023-06-27 10:31:44,612 [INFO] CodeGenerator:793 - code generatio: config db path: C:\ST\STM32CubeIDE_1.12.1\STM32CubeIDE\plugins\com.st.stm32cube.common.mx_6.8.1.202304191431\\db\
2023-06-27 10:31:44,892 [INFO] CodeEngine:255 - oldGeneratedFile, C:\Users\GAMING\STM32CubeIDE\workspace_1.12.1\OTA-Bootloader\MXTmpFiles\license.tmp_save
2023-06-27 10:31:45,182 [INFO] CodeEngine:279 - Generated code: C:\Users\GAMING\STM32CubeIDE\workspace_1.12.1\OTA-Bootloader\MXTmpFiles\license.tmp
2023-06-27 10:31:45,198 [INFO] CodeEngine:255 - oldGeneratedFile, C:\Users\GAMING\STM32CubeIDE\workspace_1.12.1\OTA-Bootloader\Core\Src\stm32l4xx_it.c_save
2023-06-27 10:31:45,356 [INFO] CodeEngine:279 - Generated code: C:\Users\GAMING\STM32CubeIDE\workspace_1.12.1\OTA-Bootloader\Core\Src\stm32l4xx_it.c
2023-06-27 10:31:45,364 [INFO] CodeEngine:255 - oldGeneratedFile, C:\Users\GAMING\STM32CubeIDE\workspace_1.12.1\OTA-Bootloader\Core\Inc\stm32l4xx_it.h_save
2023-06-27 10:31:45,454 [INFO] CodeEngine:279 - Generated code: C:\Users\GAMING\STM32CubeIDE\workspace_1.12.1\OTA-Bootloader\Core\Inc\stm32l4xx_it.h
2023-06-27 10:31:45,600 [INFO] CodeEngine:255 - oldGeneratedFile, C:\Users\GAMING\STM32CubeIDE\workspace_1.12.1\OTA-Bootloader\Core\Src\stm32l4xx_hal_msp.c_save
2023-06-27 10:31:45,711 [INFO] CodeEngine:279 - Generated code: C:\Users\GAMING\STM32CubeIDE\workspace_1.12.1\OTA-Bootloader\Core\Src\stm32l4xx_hal_msp.c
2023-06-27 10:31:45,719 [INFO] CodeEngine:255 - oldGeneratedFile, C:\Users\GAMING\STM32CubeIDE\workspace_1.12.1\OTA-Bootloader\MXTmpFiles\system.tmp_save
2023-06-27 10:31:45,799 [INFO] CodeEngine:279 - Generated code: C:\Users\GAMING\STM32CubeIDE\workspace_1.12.1\OTA-Bootloader\MXTmpFiles\system.tmp
2023-06-27 10:31:45,812 [INFO] CodeEngine:311 - oldGeneratedFile, C:\Users\GAMING\STM32CubeIDE\workspace_1.12.1\OTA-Bootloader\Core\Inc\stm32l4xx_hal_conf.h_save
2023-06-27 10:31:45,897 [INFO] CodeEngine:335 - Generated code: C:\Users\GAMING\STM32CubeIDE\workspace_1.12.1\OTA-Bootloader\Core\Inc\stm32l4xx_hal_conf.h
2023-06-27 10:31:45,972 [INFO] CodeEngine:255 - oldGeneratedFile, C:\Users\GAMING\STM32CubeIDE\workspace_1.12.1\OTA-Bootloader\Core\Inc\main.h_save
2023-06-27 10:31:46,069 [INFO] CodeEngine:279 - Generated code: C:\Users\GAMING\STM32CubeIDE\workspace_1.12.1\OTA-Bootloader\Core\Inc\main.h
2023-06-27 10:31:46,077 [INFO] CodeEngine:255 - oldGeneratedFile, C:\Users\GAMING\STM32CubeIDE\workspace_1.12.1\OTA-Bootloader\Core\Src\main.c_save
2023-06-27 10:31:46,195 [INFO] CodeEngine:279 - Generated code: C:\Users\GAMING\STM32CubeIDE\workspace_1.12.1\OTA-Bootloader\Core\Src\main.c
2023-06-27 10:31:46,745 [INFO] ProjectBuilder:2996 - Time for Copy HAL[1] : 139mS.
2023-06-27 10:31:46,754 [INFO] ProjectBuilder:4304 - Project Generator version: 3.19.2
2023-06-27 10:31:47,001 [INFO] ConfigFileManager:1483 - The Die is : DIE435
2023-06-27 10:31:47,021 [INFO] ApiDbMcu:507 - Load IP Config File for FATFS
2023-06-27 10:31:47,031 [INFO] ApiDbMcu:507 - Load IP Config File for FREERTOS
2023-06-27 10:31:47,046 [INFO] ApiDbMcu:507 - Load IP Config File for TOUCHSENSING
2023-06-27 10:31:47,058 [INFO] ApiDbMcu:507 - Load IP Config File for USB_DEVICE
2023-06-27 10:31:47,916 [INFO] LogOutputStream:77 - [STDOUT_REDIRECT] 
2023-06-27 10:31:50,679 [INFO] ProjectBuilder:4505 - Time for Generating toolchain IDE Files: 3924mS.
2023-06-27 10:31:50,679 [INFO] ProjectBuilder:2867 - Time for Copy CMSIS : 0mS.
2023-06-27 10:31:50,681 [INFO] ProjectBuilder:2867 - Time for Copy CMSIS : 0mS.
2023-06-27 10:31:51,241 [INFO] McuFinderGlobals:66 - Set McuFinderConnectedMode to true
2023-06-27 10:31:51,242 [INFO] ApiDb:448 - Save user favorites file C:\Users\GAMING/.stm32cubeide/favorites.mcus.txt: 0 item(s)
2023-06-27 10:31:51,242 [INFO] ApiDb:452 - User favorites MCUs=[]
2023-06-27 10:31:51,243 [INFO] ApiDb:448 - Save user favorites file C:\Users\GAMING/.stm32cubeide/favorites.boards.txt: 0 item(s)
2023-06-27 10:31:51,243 [INFO] ApiDb:452 - User favorites Boards=[]
2023-06-27 11:22:40,845 [INFO] UtilMem:75 - End SaveConfig() Used Memory: 587309328 Bytes (830472192)
2023-06-27 11:22:42,475 [INFO] UtilMem:75 - End SaveConfig() Used Memory: 603800304 Bytes (830472192)
2023-06-27 11:22:44,976 [INFO] UtilMem:75 - End SaveConfig() Used Memory: 278250808 Bytes (830472192)
2023-06-27 11:22:45,135 [INFO] BlockDiagram:2759 - set Specific Code input for plugin: NVIC
2023-06-27 11:22:45,136 [INFO] BlockDiagram:2759 - set Specific Code input for plugin: USART
2023-06-27 11:22:45,136 [INFO] BlockDiagram:2759 - set Specific Code input for plugin: USART
2023-06-27 11:22:45,136 [INFO] BlockDiagram:2759 - set Specific Code input for plugin: GPIO
2023-06-27 11:22:45,136 [INFO] BlockDiagram:2759 - set Specific Code input for plugin: RCC
2023-06-27 11:22:45,136 [INFO] BlockDiagram:2759 - set Specific Code input for plugin: CRC
2023-06-27 11:22:45,154 [INFO] CodeGenerator:793 - code generatio: config db path: C:\ST\STM32CubeIDE_1.12.1\STM32CubeIDE\plugins\com.st.stm32cube.common.mx_6.8.1.202304191431\\db\
2023-06-27 11:22:45,283 [INFO] CodeEngine:255 - oldGeneratedFile, C:\Users\GAMING\STM32CubeIDE\workspace_1.12.1\OTA-Bootloader\MXTmpFiles\license.tmp_save
2023-06-27 11:22:45,360 [INFO] CodeEngine:279 - Generated code: C:\Users\GAMING\STM32CubeIDE\workspace_1.12.1\OTA-Bootloader\MXTmpFiles\license.tmp
2023-06-27 11:22:45,412 [INFO] CodeEngine:255 - oldGeneratedFile, C:\Users\GAMING\STM32CubeIDE\workspace_1.12.1\OTA-Bootloader\MXTmpFiles\gpio.tmp_save
2023-06-27 11:22:45,483 [INFO] CodeEngine:279 - Generated code: C:\Users\GAMING\STM32CubeIDE\workspace_1.12.1\OTA-Bootloader\MXTmpFiles\gpio.tmp
2023-06-27 11:22:45,606 [INFO] CodeEngine:255 - oldGeneratedFile, C:\Users\GAMING\STM32CubeIDE\workspace_1.12.1\OTA-Bootloader\Core\Src\stm32l4xx_it.c_save
2023-06-27 11:22:45,730 [INFO] CodeEngine:279 - Generated code: C:\Users\GAMING\STM32CubeIDE\workspace_1.12.1\OTA-Bootloader\Core\Src\stm32l4xx_it.c
2023-06-27 11:22:45,735 [INFO] CodeEngine:255 - oldGeneratedFile, C:\Users\GAMING\STM32CubeIDE\workspace_1.12.1\OTA-Bootloader\Core\Inc\stm32l4xx_it.h_save
2023-06-27 11:22:45,788 [INFO] CodeEngine:279 - Generated code: C:\Users\GAMING\STM32CubeIDE\workspace_1.12.1\OTA-Bootloader\Core\Inc\stm32l4xx_it.h
2023-06-27 11:22:45,862 [INFO] CodeEngine:255 - oldGeneratedFile, C:\Users\GAMING\STM32CubeIDE\workspace_1.12.1\OTA-Bootloader\Core\Src\stm32l4xx_hal_msp.c_save
2023-06-27 11:22:45,962 [INFO] CodeEngine:279 - Generated code: C:\Users\GAMING\STM32CubeIDE\workspace_1.12.1\OTA-Bootloader\Core\Src\stm32l4xx_hal_msp.c
2023-06-27 11:22:45,970 [INFO] CodeEngine:255 - oldGeneratedFile, C:\Users\GAMING\STM32CubeIDE\workspace_1.12.1\OTA-Bootloader\MXTmpFiles\system.tmp_save
2023-06-27 11:22:46,016 [INFO] CodeEngine:279 - Generated code: C:\Users\GAMING\STM32CubeIDE\workspace_1.12.1\OTA-Bootloader\MXTmpFiles\system.tmp
2023-06-27 11:22:46,034 [INFO] CodeEngine:311 - oldGeneratedFile, C:\Users\GAMING\STM32CubeIDE\workspace_1.12.1\OTA-Bootloader\Core\Inc\stm32l4xx_hal_conf.h_save
2023-06-27 11:22:46,100 [INFO] CodeEngine:335 - Generated code: C:\Users\GAMING\STM32CubeIDE\workspace_1.12.1\OTA-Bootloader\Core\Inc\stm32l4xx_hal_conf.h
2023-06-27 11:22:46,140 [INFO] CodeEngine:255 - oldGeneratedFile, C:\Users\GAMING\STM32CubeIDE\workspace_1.12.1\OTA-Bootloader\Core\Inc\main.h_save
2023-06-27 11:22:46,200 [INFO] CodeEngine:279 - Generated code: C:\Users\GAMING\STM32CubeIDE\workspace_1.12.1\OTA-Bootloader\Core\Inc\main.h
2023-06-27 11:22:46,216 [INFO] CodeEngine:255 - oldGeneratedFile, C:\Users\GAMING\STM32CubeIDE\workspace_1.12.1\OTA-Bootloader\Core\Src\main.c_save
2023-06-27 11:22:46,306 [INFO] CodeEngine:279 - Generated code: C:\Users\GAMING\STM32CubeIDE\workspace_1.12.1\OTA-Bootloader\Core\Src\main.c
2023-06-27 11:22:46,751 [INFO] ProjectBuilder:2996 - Time for Copy HAL[1] : 146mS.
2023-06-27 11:22:46,754 [INFO] ProjectBuilder:4304 - Project Generator version: 3.19.2
2023-06-27 11:22:46,913 [INFO] ConfigFileManager:1483 - The Die is : DIE435
2023-06-27 11:22:48,068 [INFO] ProjectBuilder:4505 - Time for Generating toolchain IDE Files: 1314mS.
2023-06-27 11:22:48,068 [INFO] ProjectBuilder:2867 - Time for Copy CMSIS : 0mS.
2023-06-27 11:22:48,070 [INFO] ProjectBuilder:2867 - Time for Copy CMSIS : 0mS.
2023-06-27 11:44:11,922 [INFO] MainUpdater:2854 - connection check result : 10
2023-06-27 11:44:11,986 [INFO] McuFinderGlobals:66 - Set McuFinderConnectedMode to true
2023-06-27 11:44:11,986 [INFO] MultiScanPanel:200 - Auto-refresh data requested => check proxy status ongoing
2023-06-27 11:44:11,987 [INFO] FinderPluginLoader:95 - Searching for filters in installed packs
2023-06-27 11:44:12,396 [INFO] LoadUrlFilesThread:185 - End of LoadServerUrlFiles without Thread
2023-06-27 11:44:12,397 [INFO] DetailPanel:341 - Set advertising image to C:/Users/GAMING/STM32Cube/Repository/\en.prom-stm32h5-mcu-finder.jpg
2023-06-27 11:44:33,356 [INFO] ApiDb:581 - Connected to CubeFinder SQLite database (C:\Users\GAMING\.stmcufinder\plugins\mcufinder\mcu\cube-finder-db.db)
2023-06-27 11:44:48,810 [INFO] MainUpdater:2854 - connection check result : 10
2023-06-27 11:44:48,810 [INFO] MainUpdater:2854 - connection check result : 10
2023-06-27 11:44:48,841 [INFO] MicroXplorer:468 - Change Database Path : 
2023-06-27 11:44:48,841 [INFO] MicroXplorer:498 - Change Database Version : DB.6.0.81
2023-06-27 11:44:48,852 [WARN] ThirdParty:871 - waiting for thirdparty lock release [close project]
2023-06-27 11:44:48,852 [INFO] ThirdParty:873 - entering critical section [close project]
2023-06-27 11:44:48,856 [INFO] ThirdParty:883 - exiting critical section [close project]
2023-06-27 11:44:48,857 [INFO] PinOutPanel:1499 - setPackage(No Configuration,No Configuration)
2023-06-27 11:44:48,862 [INFO] UtilMem:75 - Begin LoadConfig() Used Memory: 329996592 Bytes (830472192)
2023-06-27 11:44:48,862 [INFO] MicroXplorer:468 - Change Database Path : 
2023-06-27 11:44:48,862 [INFO] MicroXplorer:498 - Change Database Version : DB.6.0.81
2023-06-27 11:44:48,862 [INFO] OpenFileManager:308 - Change cursor
2023-06-27 11:44:48,876 [INFO] RulesReader:64 - Compatibility file has been processed (293 Rules)
2023-06-27 11:44:48,882 [INFO] Mcu:1937 - Initializing MCU STM32L432KCUx STM32L432KCUx 
2023-06-27 11:44:48,883 [INFO] Mcu:1950 - No CPN specified => set CPN to STM32L432KCU3
2023-06-27 11:44:49,618 [INFO] Context:659 - Trying to add GPIOservice into a context  which must be forbidden
2023-06-27 11:44:49,788 [INFO] ImportTextPane:194 - (OptionalMessage_ERROR) Unable to find key (Mcu.ThirdPartyNb) in loaded IOC file
2023-06-27 11:44:49,789 [INFO] ImportTextPane:194 - (OptionalMessage_ERROR) Unable to find key (Mcu.PinsNb) in loaded IOC file
2023-06-27 11:44:49,789 [INFO] ImportTextPane:194 - (OptionalMessage_ERROR) Unable to find key (Mcu.IPNb) in loaded IOC file
2023-06-27 11:44:49,857 [INFO] RtosManager:555 - Registered RTOS mode: class=CMSIS, group=RTOS, mode=CMSIS_V1, owner=FREERTOS
2023-06-27 11:44:49,857 [INFO] RtosManager:555 - Registered RTOS mode: class=CMSIS, group=RTOS2, mode=CMSIS_V2, owner=FREERTOS
2023-06-27 11:44:49,857 [INFO] RtosManager:555 - Registered RTOS mode: class=RTOS, group=Core, mode=CMSIS_V1, owner=FREERTOS
2023-06-27 11:44:49,857 [INFO] RtosManager:555 - Registered RTOS mode: class=RTOS, group=Core, mode=CMSIS_V2, owner=FREERTOS
2023-06-27 11:44:49,857 [WARN] ModelIntegratedComponent:184 - Missing modes for component STMicroelectronics:FreeRTOS:0.0.1:STMicroelectronics:RTOS:FreeRTOS:Core:::10.2.0:
2023-06-27 11:44:49,862 [WARN] ModelIntegratedComponent:63 - No mode defined for component null
2023-06-27 11:44:49,862 [WARN] ModelIntegratedComponent:63 - No mode defined for component null
2023-06-27 11:44:49,862 [WARN] ModelIntegratedComponent:63 - No mode defined for component null
2023-06-27 11:44:49,862 [WARN] ModelIntegratedComponent:63 - No mode defined for component null
2023-06-27 11:44:49,862 [WARN] ModelIntegratedComponent:63 - No mode defined for component null
2023-06-27 11:44:49,862 [WARN] ModelIntegratedComponent:63 - No mode defined for component null
2023-06-27 11:44:49,862 [WARN] ModelIntegratedComponent:63 - No mode defined for component null
2023-06-27 11:44:49,862 [WARN] ModelIntegratedComponent:63 - No mode defined for component null
2023-06-27 11:44:49,862 [WARN] ModelIntegratedComponent:63 - No mode defined for component null
2023-06-27 11:44:49,862 [WARN] ModelIntegratedComponent:63 - No mode defined for component null
2023-06-27 11:44:49,862 [WARN] ModelIntegratedComponent:63 - No mode defined for component null
2023-06-27 11:44:49,862 [WARN] ModelIntegratedComponent:63 - No mode defined for component null
2023-06-27 11:44:49,862 [WARN] ModelIntegratedComponent:63 - No mode defined for component null
2023-06-27 11:44:49,862 [WARN] ModelIntegratedComponent:63 - No mode defined for component null
2023-06-27 11:44:49,862 [WARN] ModelIntegratedComponent:63 - No mode defined for component null
2023-06-27 11:44:49,862 [WARN] ModelIntegratedComponent:63 - No mode defined for component null
2023-06-27 11:44:49,862 [WARN] ModelIntegratedComponent:63 - No mode defined for component null
2023-06-27 11:44:49,862 [WARN] ModelIntegratedComponent:63 - No mode defined for component null
2023-06-27 11:44:49,862 [WARN] ModelIntegratedComponent:63 - No mode defined for component null
2023-06-27 11:44:49,862 [WARN] ModelIntegratedComponent:63 - No mode defined for component null
2023-06-27 11:44:49,862 [WARN] ModelIntegratedComponent:63 - No mode defined for component null
2023-06-27 11:44:49,863 [WARN] ModelIntegratedComponent:63 - No mode defined for component null
2023-06-27 11:44:49,863 [WARN] ModelIntegratedComponent:63 - No mode defined for component null
2023-06-27 11:44:49,863 [WARN] ModelIntegratedComponent:63 - No mode defined for component null
2023-06-27 11:44:49,863 [WARN] ModelIntegratedComponent:63 - No mode defined for component null
2023-06-27 11:44:49,863 [WARN] ModelIntegratedComponent:63 - No mode defined for component null
2023-06-27 11:44:49,863 [WARN] ModelIntegratedComponent:63 - No mode defined for component null
2023-06-27 11:44:49,863 [WARN] ModelIntegratedComponent:63 - No mode defined for component null
2023-06-27 11:44:49,863 [WARN] ModelIntegratedComponent:63 - No mode defined for component null
2023-06-27 11:44:49,863 [WARN] ModelIntegratedComponent:63 - No mode defined for component null
2023-06-27 11:44:49,863 [WARN] ModelIntegratedComponent:63 - No mode defined for component null
2023-06-27 11:44:49,863 [WARN] ModelIntegratedComponent:63 - No mode defined for component null
2023-06-27 11:44:49,863 [WARN] ModelIntegratedComponent:63 - No mode defined for component null
2023-06-27 11:44:49,868 [INFO] ThirdPartyModel:298 - Start build external matchings
2023-06-27 11:44:50,123 [INFO] ThirdPartyModel:316 - End build external matchings
2023-06-27 11:44:50,233 [INFO] UtilMem:75 - End LoadConfig() Used Memory: 622785976 Bytes (830472192)
2023-06-27 11:44:50,245 [WARN] ThirdParty:833 - waiting for thirdparty lock release [change project]
2023-06-27 11:44:50,245 [INFO] ThirdParty:835 - entering critical section [change project]
2023-06-27 11:44:50,245 [INFO] ThirdParty:1030 - CMSIS Pack Vendor :STMicroelectronics X-CUBE-ISPU 1.1.0
2023-06-27 11:44:50,245 [INFO] ThirdParty:1030 - CMSIS Pack Vendor :STMicroelectronics X-CUBE-GNSS1 6.0.0
2023-06-27 11:44:50,245 [INFO] ThirdParty:1030 - CMSIS Pack Vendor :STMicroelectronics USB_HOST 2.0.0
2023-06-27 11:44:50,245 [INFO] ThirdParty:1030 - CMSIS Pack Vendor :STMicroelectronics X-CUBE-AZRTOS-F4 1.1.0
2023-06-27 11:44:50,245 [INFO] ThirdParty:1030 - CMSIS Pack Vendor :STMicroelectronics LIBJPEG 8.0.0
2023-06-27 11:44:50,245 [INFO] ThirdParty:1030 - CMSIS Pack Vendor :STMicroelectronics X-CUBE-SMBUS 2.1.0
2023-06-27 11:44:50,245 [INFO] ThirdParty:1030 - CMSIS Pack Vendor :wolfSSL I-CUBE-wolfSSL 5.6.0
2023-06-27 11:44:50,245 [INFO] ThirdParty:1030 - CMSIS Pack Vendor :STMicroelectronics USB_DEVICE 3.0.0
2023-06-27 11:44:50,245 [INFO] ThirdParty:1030 - CMSIS Pack Vendor :STMicroelectronics X-CUBE-FREERTOS 1.0.1
2023-06-27 11:44:50,245 [INFO] ThirdParty:1030 - CMSIS Pack Vendor :STMicroelectronics X-CUBE-AZRTOS-F7 1.1.0
2023-06-27 11:44:50,245 [INFO] ThirdParty:1030 - CMSIS Pack Vendor :STMicroelectronics X-CUBE-TOUCHGFX 4.21.4
2023-06-27 11:44:50,245 [INFO] ThirdParty:1030 - CMSIS Pack Vendor :STMicroelectronics USB_DEVICE 2.0.0
2023-06-27 11:44:50,245 [INFO] ThirdParty:1030 - CMSIS Pack Vendor :STMicroelectronics X-CUBE-MEMS1 9.6.0
2023-06-27 11:44:50,245 [INFO] ThirdParty:1030 - CMSIS Pack Vendor :STMicroelectronics FP-SNS-MOTENV1 4.3.2
2023-06-27 11:44:50,245 [INFO] ThirdParty:1030 - CMSIS Pack Vendor :STMicroelectronics FP-SNS-MOTENV1 4.3.1
2023-06-27 11:44:50,245 [INFO] ThirdParty:1030 - CMSIS Pack Vendor :STMicroelectronics FP-SNS-FLIGHT1 5.0.1
2023-06-27 11:44:50,245 [INFO] ThirdParty:1030 - CMSIS Pack Vendor :STMicroelectronics X-CUBE-ALGOBUILD 1.3.0
2023-06-27 11:44:50,246 [INFO] ThirdParty:1030 - CMSIS Pack Vendor :STMicroelectronics X-CUBE-BLE1 6.2.4
2023-06-27 11:44:50,246 [INFO] ThirdParty:1030 - CMSIS Pack Vendor :STMicroelectronics X-CUBE-AZRTOS-L5 1.1.0
2023-06-27 11:44:50,246 [INFO] ThirdParty:1030 - CMSIS Pack Vendor :STMicroelectronics FreeRTOS 0.0.1
2023-06-27 11:44:50,246 [INFO] ThirdParty:1030 - CMSIS Pack Vendor :STMicroelectronics X-CUBE-AZRTOS-G0 1.1.0
2023-06-27 11:44:50,246 [INFO] ThirdParty:1030 - CMSIS Pack Vendor :emotas I-CUBE-CANOPEN 1.1.3
2023-06-27 11:44:50,246 [INFO] ThirdParty:1030 - CMSIS Pack Vendor :STMicroelectronics X-CUBE-BLEMGR 2.0.0
2023-06-27 11:44:50,246 [INFO] ThirdParty:1030 - CMSIS Pack Vendor :STMicroelectronics X-CUBE-AI 8.0.1
2023-06-27 11:44:50,246 [INFO] ThirdParty:1030 - CMSIS Pack Vendor :STMicroelectronics X-CUBE-NFC4 3.0.0
2023-06-27 11:44:50,246 [INFO] ThirdParty:1030 - CMSIS Pack Vendor :STMicroelectronics X-CUBE-SUBG2 5.0.0
2023-06-27 11:44:50,246 [INFO] ThirdParty:1030 - CMSIS Pack Vendor :STMicroelectronics STM32_WPAN 1.0.0
2023-06-27 11:44:50,246 [INFO] ThirdParty:1030 - CMSIS Pack Vendor :STMicroelectronics lwIP 2.0.3
2023-06-27 11:44:50,246 [INFO] ThirdParty:1030 - CMSIS Pack Vendor :STMicroelectronics USB_HOST 1.0.0
2023-06-27 11:44:50,246 [INFO] ThirdParty:1030 - CMSIS Pack Vendor :STMicroelectronics X-CUBE-AZRTOS-G4 2.0.0
2023-06-27 11:44:50,246 [INFO] ThirdParty:1030 - CMSIS Pack Vendor :STMicroelectronics PDM2PCM 3.1.0
2023-06-27 11:44:50,246 [INFO] ThirdParty:1030 - CMSIS Pack Vendor :STMicroelectronics X-CUBE-AZRTOS-H7 3.1.0
2023-06-27 11:44:50,246 [INFO] ThirdParty:1030 - CMSIS Pack Vendor :STMicroelectronics X-CUBE-TOF1 3.3.0
2023-06-27 11:44:50,246 [INFO] ThirdParty:1030 - CMSIS Pack Vendor :STMicroelectronics PDM2PCM 3.3.0
2023-06-27 11:44:50,246 [INFO] ThirdParty:1030 - CMSIS Pack Vendor :STMicroelectronics X-CUBE-DISPLAY 3.0.0
2023-06-27 11:44:50,246 [INFO] ThirdParty:1030 - CMSIS Pack Vendor :STMicroelectronics FP-ATR-SIGFOX1 3.2.0
2023-06-27 11:44:50,246 [INFO] ThirdParty:1030 - CMSIS Pack Vendor :STMicroelectronics HAL Drivers 0.0.0
2023-06-27 11:44:50,246 [INFO] ThirdParty:1030 - CMSIS Pack Vendor :STMicroelectronics MBEDTLS 2.16.2
2023-06-27 11:44:50,246 [INFO] ThirdParty:1030 - CMSIS Pack Vendor :STMicroelectronics X-CUBE-TOUCHGFX 4.22.0
2023-06-27 11:44:50,246 [INFO] ThirdParty:1030 - CMSIS Pack Vendor :STMicroelectronics X-CUBE-NFC7 1.0.1
2023-06-27 11:44:50,246 [INFO] ThirdParty:1030 - CMSIS Pack Vendor :STMicroelectronics MBEDTLS 2.14.1
2023-06-27 11:44:50,246 [INFO] ThirdParty:1030 - CMSIS Pack Vendor :STMicroelectronics X-CUBE-NFC7 1.0.0
2023-06-27 11:44:50,246 [INFO] ThirdParty:1030 - CMSIS Pack Vendor :STMicroelectronics X-CUBE-EEPRMA1 4.1.0
2023-06-27 11:44:50,246 [INFO] ThirdParty:1030 - CMSIS Pack Vendor :portGmbH I-Cube-SoM-uGOAL 1.1.0
2023-06-27 11:44:50,246 [INFO] ThirdParty:1030 - CMSIS Pack Vendor :STMicroelectronics X-CUBE-ALS 1.0.1
2023-06-27 11:44:50,246 [INFO] ThirdParty:1030 - CMSIS Pack Vendor :STMicroelectronics ThreadX 1.0.0
2023-06-27 11:44:50,246 [INFO] ThirdParty:1030 - CMSIS Pack Vendor :STMicroelectronics X-CUBE-AZRTOS-WB 1.1.0
2023-06-27 11:44:50,246 [INFO] ThirdParty:1030 - CMSIS Pack Vendor :STMicroelectronics X-CUBE-AZRTOS-WL 2.0.0
2023-06-27 11:44:50,246 [INFO] ThirdParty:1030 - CMSIS Pack Vendor :SEGGER I-CUBE-embOS 1.3.1
2023-06-27 11:44:50,246 [INFO] ThirdParty:1030 - CMSIS Pack Vendor :STMicroelectronics USB_DEVICE 1.0.0
2023-06-27 11:44:50,246 [INFO] ThirdParty:1030 - CMSIS Pack Vendor :STMicroelectronics X-CUBE-AZRTOS-L4 2.0.0
2023-06-27 11:44:50,246 [INFO] ThirdParty:1030 - CMSIS Pack Vendor :STMicroelectronics ThreadX 0.0.2
2023-06-27 11:44:50,246 [INFO] ThirdParty:1030 - CMSIS Pack Vendor :WES I-CUBE-Cesium 1.3.0
2023-06-27 11:44:50,246 [INFO] ThirdParty:1030 - CMSIS Pack Vendor :STMicroelectronics FP-ATR-ASTRA1 2.0.0
2023-06-27 11:44:50,246 [INFO] ThirdParty:1030 - CMSIS Pack Vendor :STMicroelectronics lwIP 2.1.2
2023-06-27 11:44:50,246 [INFO] ThirdParty:1030 - CMSIS Pack Vendor :STMicroelectronics X-CUBE-SFXS2LP1 4.0.0
2023-06-27 11:44:50,246 [INFO] ThirdParty:1030 - CMSIS Pack Vendor :STMicroelectronics X-CUBE-BLE2 3.3.0
2023-06-27 11:44:50,246 [INFO] ThirdParty:1030 - CMSIS Pack Vendor :STMicroelectronics PDM2PCM 3.2.0
2023-06-27 11:44:50,246 [INFO] ThirdParty:841 - exiting critical section [change project]
2023-06-27 11:44:50,358 [INFO] PinOutPanel:1499 - setPackage(No Configuration,No Configuration)
2023-06-27 11:44:50,359 [INFO] PinOutPanel:1499 - setPackage(STM32L432KCUx,UFQFPN32)
2023-06-27 11:44:50,495 [INFO] UtilMem:75 - Before build in PCC Used Memory: 257457312 Bytes (830472192)
2023-06-27 11:44:50,727 [INFO] UtilMem:75 - After build in PCC Used Memory: 350254240 Bytes (830472192)
2023-06-27 11:44:50,737 [INFO] IPUIPlugin:80 - create IPUIPlugin
2023-06-27 11:44:50,737 [INFO] IPUIPlugin:80 - create IPUIPlugin
2023-06-27 11:44:50,737 [INFO] IPUIPlugin:80 - create IPUIPlugin
2023-06-27 11:44:50,737 [INFO] IPUIPlugin:80 - create IPUIPlugin
2023-06-27 11:44:50,737 [INFO] IPUIPlugin:80 - create IPUIPlugin
2023-06-27 11:44:50,737 [INFO] IPUIPlugin:80 - create IPUIPlugin
2023-06-27 11:44:50,737 [INFO] IPUIPlugin:80 - create IPUIPlugin
2023-06-27 11:44:50,737 [INFO] IPUIPlugin:80 - create IPUIPlugin
2023-06-27 11:44:50,737 [INFO] IPUIPlugin:80 - create IPUIPlugin
2023-06-27 11:44:50,737 [INFO] IPUIPlugin:80 - create IPUIPlugin
2023-06-27 11:44:50,737 [INFO] IPUIPlugin:80 - create IPUIPlugin
2023-06-27 11:44:50,737 [INFO] IPUIPlugin:80 - create IPUIPlugin
2023-06-27 11:44:50,737 [INFO] IPUIPlugin:80 - create IPUIPlugin
2023-06-27 11:44:50,737 [INFO] IPUIPlugin:80 - create IPUIPlugin
2023-06-27 11:44:50,738 [INFO] IPUIPlugin:80 - create IPUIPlugin
2023-06-27 11:44:50,738 [INFO] IPUIPlugin:80 - create IPUIPlugin
2023-06-27 11:44:50,738 [INFO] IPUIPlugin:80 - create IPUIPlugin
2023-06-27 11:44:50,738 [INFO] IPUIPlugin:80 - create IPUIPlugin
2023-06-27 11:44:50,738 [INFO] IPUIPlugin:80 - create IPUIPlugin
2023-06-27 11:44:50,738 [INFO] IPUIPlugin:80 - create IPUIPlugin
2023-06-27 11:44:50,738 [INFO] IPUIPlugin:80 - create IPUIPlugin
2023-06-27 11:44:50,738 [INFO] IPUIPlugin:80 - create IPUIPlugin
2023-06-27 11:44:50,738 [INFO] IPUIPlugin:80 - create IPUIPlugin
2023-06-27 11:44:50,738 [INFO] IPUIPlugin:80 - create IPUIPlugin
2023-06-27 11:44:50,738 [INFO] IPUIPlugin:80 - create IPUIPlugin
2023-06-27 11:44:50,739 [INFO] IPUIPlugin:80 - create IPUIPlugin
2023-06-27 11:44:50,739 [INFO] IPUIPlugin:80 - create IPUIPlugin
2023-06-27 11:44:50,739 [INFO] IPUIPlugin:80 - create IPUIPlugin
2023-06-27 11:44:50,739 [INFO] IPUIPlugin:80 - create IPUIPlugin
2023-06-27 11:44:50,739 [INFO] IPUIPlugin:80 - create IPUIPlugin
2023-06-27 11:44:50,739 [INFO] IPUIPlugin:80 - create IPUIPlugin
2023-06-27 11:44:50,739 [INFO] IPUIPlugin:80 - create IPUIPlugin
2023-06-27 11:44:50,739 [INFO] IPUIPlugin:80 - create IPUIPlugin
2023-06-27 11:44:50,740 [INFO] IPUIPlugin:80 - create IPUIPlugin
2023-06-27 11:44:50,740 [INFO] IPUIPlugin:80 - create IPUIPlugin
2023-06-27 11:44:50,740 [INFO] IPUIPlugin:80 - create IPUIPlugin
2023-06-27 11:44:50,740 [INFO] IPUIPlugin:80 - create IPUIPlugin
2023-06-27 11:44:50,740 [INFO] IPUIPlugin:80 - create IPUIPlugin
2023-06-27 11:44:50,740 [INFO] IPUIPlugin:80 - create IPUIPlugin
2023-06-27 11:44:50,740 [INFO] IPUIPlugin:80 - create IPUIPlugin
2023-06-27 11:44:50,741 [INFO] IPUIPlugin:80 - create IPUIPlugin
2023-06-27 11:44:50,751 [INFO] CADModel:165 - CPN selected for project levelSTM32L432KCU3
2023-06-27 11:44:50,751 [INFO] CADModel:114 - Register for checkConnection events
2023-06-27 11:44:50,797 [INFO] OpenFileManager:328 - Restore cursor
2023-06-27 11:44:51,024 [INFO] UtilMem:75 - End SaveConfig() Used Memory: 410244360 Bytes (830472192)
2023-06-27 11:44:51,048 [INFO] UtilMem:75 - End SaveConfig() Used Memory: 423132320 Bytes (830472192)
2023-06-27 11:44:51,154 [INFO] BlockDiagram:2759 - set Specific Code input for plugin: NVIC
2023-06-27 11:44:51,154 [INFO] BlockDiagram:2759 - set Specific Code input for plugin: RCC
2023-06-27 11:44:51,155 [INFO] CodeGenerator:793 - code generatio: config db path: C:\ST\STM32CubeIDE_1.12.1\STM32CubeIDE\plugins\com.st.stm32cube.common.mx_6.8.1.202304191431\\db\
2023-06-27 11:44:51,256 [INFO] CodeEngine:255 - oldGeneratedFile, C:\Users\GAMING\STM32CubeIDE\workspace_1.12.1\OTA-Bootloader\MXTmpFiles\license.tmp_save
2023-06-27 11:44:51,307 [INFO] CodeEngine:279 - Generated code: C:\Users\GAMING\STM32CubeIDE\workspace_1.12.1\OTA-Bootloader\MXTmpFiles\license.tmp
2023-06-27 11:44:51,314 [INFO] CodeEngine:255 - oldGeneratedFile, C:\Users\GAMING\STM32CubeIDE\workspace_1.12.1\OTA-Bootloader\Core\Src\stm32l4xx_it.c_save
2023-06-27 11:44:51,468 [INFO] CodeEngine:279 - Generated code: C:\Users\GAMING\STM32CubeIDE\workspace_1.12.1\OTA-Bootloader\Core\Src\stm32l4xx_it.c
2023-06-27 11:44:51,471 [INFO] CodeEngine:255 - oldGeneratedFile, C:\Users\GAMING\STM32CubeIDE\workspace_1.12.1\OTA-Bootloader\Core\Inc\stm32l4xx_it.h_save
2023-06-27 11:44:51,521 [INFO] CodeEngine:279 - Generated code: C:\Users\GAMING\STM32CubeIDE\workspace_1.12.1\OTA-Bootloader\Core\Inc\stm32l4xx_it.h
2023-06-27 11:44:51,545 [INFO] CodeEngine:255 - oldGeneratedFile, C:\Users\GAMING\STM32CubeIDE\workspace_1.12.1\OTA-Bootloader\Core\Src\stm32l4xx_hal_msp.c_save
2023-06-27 11:44:51,615 [INFO] CodeEngine:279 - Generated code: C:\Users\GAMING\STM32CubeIDE\workspace_1.12.1\OTA-Bootloader\Core\Src\stm32l4xx_hal_msp.c
2023-06-27 11:44:51,618 [INFO] CodeEngine:255 - oldGeneratedFile, C:\Users\GAMING\STM32CubeIDE\workspace_1.12.1\OTA-Bootloader\MXTmpFiles\system.tmp_save
2023-06-27 11:44:51,663 [INFO] CodeEngine:279 - Generated code: C:\Users\GAMING\STM32CubeIDE\workspace_1.12.1\OTA-Bootloader\MXTmpFiles\system.tmp
2023-06-27 11:44:51,668 [INFO] CodeEngine:311 - oldGeneratedFile, C:\Users\GAMING\STM32CubeIDE\workspace_1.12.1\OTA-Bootloader\Core\Inc\stm32l4xx_hal_conf.h_save
2023-06-27 11:44:51,740 [INFO] CodeEngine:335 - Generated code: C:\Users\GAMING\STM32CubeIDE\workspace_1.12.1\OTA-Bootloader\Core\Inc\stm32l4xx_hal_conf.h
2023-06-27 11:44:51,760 [INFO] CodeEngine:255 - oldGeneratedFile, C:\Users\GAMING\STM32CubeIDE\workspace_1.12.1\OTA-Bootloader\Core\Inc\main.h_save
2023-06-27 11:44:51,832 [INFO] CodeEngine:279 - Generated code: C:\Users\GAMING\STM32CubeIDE\workspace_1.12.1\OTA-Bootloader\Core\Inc\main.h
2023-06-27 11:44:51,834 [INFO] CodeEngine:255 - oldGeneratedFile, C:\Users\GAMING\STM32CubeIDE\workspace_1.12.1\OTA-Bootloader\Core\Src\main.c_save
2023-06-27 11:44:51,913 [INFO] CodeEngine:279 - Generated code: C:\Users\GAMING\STM32CubeIDE\workspace_1.12.1\OTA-Bootloader\Core\Src\main.c
2023-06-27 11:44:52,319 [INFO] ProjectBuilder:2996 - Time for Copy HAL[1] : 108mS.
2023-06-27 11:44:52,322 [INFO] ProjectBuilder:4304 - Project Generator version: 3.19.2
2023-06-27 11:44:52,476 [INFO] ConfigFileManager:1483 - The Die is : DIE435
2023-06-27 11:44:52,483 [INFO] ApiDbMcu:507 - Load IP Config File for FATFS
2023-06-27 11:44:52,490 [INFO] ApiDbMcu:507 - Load IP Config File for FREERTOS
2023-06-27 11:44:52,502 [INFO] ApiDbMcu:507 - Load IP Config File for TOUCHSENSING
2023-06-27 11:44:52,510 [INFO] ApiDbMcu:507 - Load IP Config File for USB_DEVICE
2023-06-27 11:44:54,028 [INFO] ProjectBuilder:4505 - Time for Generating toolchain IDE Files: 1706mS.
2023-06-27 11:44:54,028 [INFO] ProjectBuilder:2867 - Time for Copy CMSIS : 0mS.
2023-06-27 11:44:54,031 [INFO] ProjectBuilder:2867 - Time for Copy CMSIS : 0mS.
2023-06-27 11:44:54,444 [INFO] McuFinderGlobals:66 - Set McuFinderConnectedMode to true
2023-06-27 11:44:54,445 [INFO] ApiDb:448 - Save user favorites file C:\Users\GAMING/.stm32cubeide/favorites.mcus.txt: 0 item(s)
2023-06-27 11:44:54,445 [INFO] ApiDb:452 - User favorites MCUs=[]
2023-06-27 11:45:51,563 [INFO] DmaTabbedPanel:205 - Cannot restore the selected Tab for DMA
2023-06-27 11:45:59,835 [INFO] UtilMem:75 - End SaveConfig() Used Memory: 340702696 Bytes (793772032)
2023-06-27 11:46:04,257 [INFO] UtilMem:75 - End SaveConfig() Used Memory: 358515048 Bytes (793772032)
2023-06-27 11:46:05,658 [INFO] UtilMem:75 - End SaveConfig() Used Memory: 391235320 Bytes (793772032)
2023-06-27 11:46:05,782 [INFO] BlockDiagram:2759 - set Specific Code input for plugin: NVIC
2023-06-27 11:46:05,782 [INFO] BlockDiagram:2759 - set Specific Code input for plugin: USART
2023-06-27 11:46:05,782 [INFO] BlockDiagram:2759 - set Specific Code input for plugin: USART
2023-06-27 11:46:05,782 [INFO] BlockDiagram:2759 - set Specific Code input for plugin: GPIO
2023-06-27 11:46:05,782 [INFO] BlockDiagram:2759 - set Specific Code input for plugin: RCC
2023-06-27 11:46:05,782 [INFO] BlockDiagram:2759 - set Specific Code input for plugin: CRC
2023-06-27 11:46:05,782 [INFO] CodeGenerator:793 - code generatio: config db path: C:\ST\STM32CubeIDE_1.12.1\STM32CubeIDE\plugins\com.st.stm32cube.common.mx_6.8.1.202304191431\\db\
2023-06-27 11:46:05,905 [INFO] CodeEngine:255 - oldGeneratedFile, C:\Users\GAMING\STM32CubeIDE\workspace_1.12.1\OTA-Bootloader\MXTmpFiles\license.tmp_save
2023-06-27 11:46:05,962 [INFO] CodeEngine:279 - Generated code: C:\Users\GAMING\STM32CubeIDE\workspace_1.12.1\OTA-Bootloader\MXTmpFiles\license.tmp
2023-06-27 11:46:05,985 [INFO] CodeEngine:255 - oldGeneratedFile, C:\Users\GAMING\STM32CubeIDE\workspace_1.12.1\OTA-Bootloader\MXTmpFiles\gpio.tmp_save
2023-06-27 11:46:06,041 [INFO] CodeEngine:279 - Generated code: C:\Users\GAMING\STM32CubeIDE\workspace_1.12.1\OTA-Bootloader\MXTmpFiles\gpio.tmp
2023-06-27 11:46:06,113 [INFO] CodeEngine:255 - oldGeneratedFile, C:\Users\GAMING\STM32CubeIDE\workspace_1.12.1\OTA-Bootloader\Core\Src\stm32l4xx_it.c_save
2023-06-27 11:46:06,166 [INFO] CodeEngine:279 - Generated code: C:\Users\GAMING\STM32CubeIDE\workspace_1.12.1\OTA-Bootloader\Core\Src\stm32l4xx_it.c
2023-06-27 11:46:06,175 [INFO] CodeEngine:255 - oldGeneratedFile, C:\Users\GAMING\STM32CubeIDE\workspace_1.12.1\OTA-Bootloader\Core\Inc\stm32l4xx_it.h_save
2023-06-27 11:46:06,217 [INFO] CodeEngine:279 - Generated code: C:\Users\GAMING\STM32CubeIDE\workspace_1.12.1\OTA-Bootloader\Core\Inc\stm32l4xx_it.h
2023-06-27 11:46:06,241 [INFO] CodeEngine:255 - oldGeneratedFile, C:\Users\GAMING\STM32CubeIDE\workspace_1.12.1\OTA-Bootloader\Core\Src\stm32l4xx_hal_msp.c_save
2023-06-27 11:46:06,321 [INFO] CodeEngine:279 - Generated code: C:\Users\GAMING\STM32CubeIDE\workspace_1.12.1\OTA-Bootloader\Core\Src\stm32l4xx_hal_msp.c
2023-06-27 11:46:06,325 [INFO] CodeEngine:255 - oldGeneratedFile, C:\Users\GAMING\STM32CubeIDE\workspace_1.12.1\OTA-Bootloader\MXTmpFiles\system.tmp_save
2023-06-27 11:46:06,369 [INFO] CodeEngine:279 - Generated code: C:\Users\GAMING\STM32CubeIDE\workspace_1.12.1\OTA-Bootloader\MXTmpFiles\system.tmp
2023-06-27 11:46:06,380 [INFO] CodeEngine:311 - oldGeneratedFile, C:\Users\GAMING\STM32CubeIDE\workspace_1.12.1\OTA-Bootloader\Core\Inc\stm32l4xx_hal_conf.h_save
2023-06-27 11:46:06,448 [INFO] CodeEngine:335 - Generated code: C:\Users\GAMING\STM32CubeIDE\workspace_1.12.1\OTA-Bootloader\Core\Inc\stm32l4xx_hal_conf.h
2023-06-27 11:46:06,478 [INFO] CodeEngine:255 - oldGeneratedFile, C:\Users\GAMING\STM32CubeIDE\workspace_1.12.1\OTA-Bootloader\Core\Inc\main.h_save
2023-06-27 11:46:06,539 [INFO] CodeEngine:279 - Generated code: C:\Users\GAMING\STM32CubeIDE\workspace_1.12.1\OTA-Bootloader\Core\Inc\main.h
2023-06-27 11:46:06,549 [INFO] CodeEngine:255 - oldGeneratedFile, C:\Users\GAMING\STM32CubeIDE\workspace_1.12.1\OTA-Bootloader\Core\Src\main.c_save
2023-06-27 11:46:06,631 [INFO] CodeEngine:279 - Generated code: C:\Users\GAMING\STM32CubeIDE\workspace_1.12.1\OTA-Bootloader\Core\Src\main.c
2023-06-27 11:46:07,117 [INFO] ProjectBuilder:2996 - Time for Copy HAL[1] : 138mS.
2023-06-27 11:46:07,120 [INFO] ProjectBuilder:4304 - Project Generator version: 3.19.2
2023-06-27 11:46:07,270 [INFO] ConfigFileManager:1483 - The Die is : DIE435
2023-06-27 11:46:08,011 [INFO] ProjectBuilder:4505 - Time for Generating toolchain IDE Files: 892mS.
2023-06-27 11:46:08,012 [INFO] ProjectBuilder:2867 - Time for Copy CMSIS : 0mS.
2023-06-27 11:46:08,015 [INFO] ProjectBuilder:2867 - Time for Copy CMSIS : 0mS.
