2023-07-14 10:50:04,328 [INFO] Activator:176 - 


2023-07-14 10:50:04,332 [INFO] Activator:177 - !SESSION log4j initialized
2023-07-14 10:50:09,722 [INFO] LogOutputStream:77 - [STDOUT_REDIRECT] 
2023-07-14 10:50:37,273 [ERROR] LogOutputStream:75 - [STDERR_REDIRECT] SLF4J: Failed to load class "org.slf4j.impl.StaticLoggerBinder".
2023-07-14 10:50:37,274 [ERROR] LogOutputStream:75 - [STDERR_REDIRECT] SLF4J: Defaulting to no-operation (NOP) logger implementation
2023-07-14 10:50:37,276 [ERROR] LogOutputStream:75 - [STDERR_REDIRECT] SLF4J: See http://www.slf4j.org/codes.html#StaticLoggerBinder for further details.
2023-07-14 12:19:17,242 [INFO] Activator:176 - 


2023-07-14 12:19:17,243 [INFO] Activator:177 - !SESSION log4j initialized
2023-07-14 12:19:21,744 [INFO] LogOutputStream:77 - [STDOUT_REDIRECT] 
2023-07-14 12:19:47,821 [ERROR] LogOutputStream:75 - [STDERR_REDIRECT] SLF4J: Failed to load class "org.slf4j.impl.StaticLoggerBinder".
2023-07-14 12:19:47,821 [ERROR] LogOutputStream:75 - [STDERR_REDIRECT] SLF4J: Defaulting to no-operation (NOP) logger implementation
2023-07-14 12:19:47,822 [ERROR] LogOutputStream:75 - [STDERR_REDIRECT] SLF4J: See http://www.slf4j.org/codes.html#StaticLoggerBinder for further details.
2023-07-14 12:19:50,283 [INFO] ApplicationProperties:184 - Using Application install path: C:\ST\STM32CubeIDE_1.12.1\STM32CubeIDE\plugins\com.st.stm32cube.common.mx_6.8.1.202304191431
2023-07-14 12:19:50,301 [INFO] DbMcusXml:78 - Set database path to: C:\ST\STM32CubeIDE_1.12.1\STM32CubeIDE\plugins\com.st.stm32cube.common.mx_6.8.1.202304191431\\db\/mcu/
2023-07-14 12:19:50,301 [INFO] ApiDb:274 - Set plugin database path to: C:\ST\STM32CubeIDE_1.12.1\STM32CubeIDE\plugins\com.st.stm32cube.common.mx_6.8.1.202304191431\\db\/plugins/boardmanager/
2023-07-14 12:19:50,303 [WARN] ApiDb:259 - Overriding images path with different value:  => C:\ST\STM32CubeIDE_1.12.1\STM32CubeIDE\plugins\com.st.stm32cube.common.mx_6.8.1.202304191431\\db\/plugins/mcufinder/images/
2023-07-14 12:19:50,315 [INFO] ApiDb:250 - Set database path to: C:\Users\GAMING\.stmcufinder\plugins\mcufinder//mcu/
2023-07-14 12:19:50,317 [INFO] DbMcusAds:125 - Set database path to: C:\Users\GAMING\.stmcufinder\plugins\mcufinder//mcu/
2023-07-14 12:19:50,320 [INFO] CrossReferenceDbSqlite:203 - Set database path to: C:\Users\GAMING\.stmcufinder\plugins\mcufinder//mcu/cs/
2023-07-14 12:19:50,430 [INFO] RulesReader:64 - Compatibility file has been processed (293 Rules)
2023-07-14 12:19:50,509 [INFO] DbMcusXml:78 - Set database path to: C:\ST\STM32CubeIDE_1.12.1\STM32CubeIDE\plugins\com.st.stm32cube.common.mx_6.8.1.202304191431\\db\/mcu/
2023-07-14 12:19:50,509 [INFO] ApiDb:274 - Set plugin database path to: C:\ST\STM32CubeIDE_1.12.1\STM32CubeIDE\plugins\com.st.stm32cube.common.mx_6.8.1.202304191431\\db\/plugins/boardmanager/
2023-07-14 12:19:50,510 [INFO] ApiDb:261 - Set plugin images path to: C:\ST\STM32CubeIDE_1.12.1\STM32CubeIDE\plugins\com.st.stm32cube.common.mx_6.8.1.202304191431\\db\/plugins/mcufinder/images/
2023-07-14 12:19:50,510 [WARN] DbFile:41 - Overriding database path with different value: C:\Users\GAMING\.stmcufinder\plugins\mcufinder/ => C:\Users\GAMING\.stmcufinder\plugins\mcufinder
2023-07-14 12:19:50,510 [INFO] ApiDb:250 - Set database path to: C:\Users\GAMING\.stmcufinder\plugins\mcufinder//mcu/
2023-07-14 12:19:50,510 [WARN] DbFile:41 - Overriding database path with different value: C:\Users\GAMING\.stmcufinder\plugins\mcufinder/ => C:\Users\GAMING\.stmcufinder\plugins\mcufinder
2023-07-14 12:19:50,510 [INFO] DbMcusAds:125 - Set database path to: C:\Users\GAMING\.stmcufinder\plugins\mcufinder//mcu/
2023-07-14 12:19:50,510 [WARN] DbFile:41 - Overriding database path with different value: C:\Users\GAMING\.stmcufinder\plugins\mcufinder/ => C:\Users\GAMING\.stmcufinder\plugins\mcufinder
2023-07-14 12:19:50,510 [WARN] DbFile:41 - Overriding database path with different value: C:\Users\GAMING\.stmcufinder\plugins\mcufinder/ => C:\Users\GAMING\.stmcufinder\plugins\mcufinder
2023-07-14 12:19:50,510 [INFO] CrossReferenceDbSqlite:203 - Set database path to: C:\Users\GAMING\.stmcufinder\plugins\mcufinder//mcu/cs/
2023-07-14 12:19:50,568 [INFO] MainPanel:253 - HeapMemory: 268435456
2023-07-14 12:19:50,667 [INFO] DbMcusXml:78 - Set database path to: C:\ST\STM32CubeIDE_1.12.1\STM32CubeIDE\plugins\com.st.stm32cube.common.mx_6.8.1.202304191431\\db\/mcu/
2023-07-14 12:19:50,667 [INFO] ApiDb:274 - Set plugin database path to: C:\ST\STM32CubeIDE_1.12.1\STM32CubeIDE\plugins\com.st.stm32cube.common.mx_6.8.1.202304191431\\db\/plugins/boardmanager/
2023-07-14 12:19:50,667 [INFO] ApiDb:261 - Set plugin images path to: C:\ST\STM32CubeIDE_1.12.1\STM32CubeIDE\plugins\com.st.stm32cube.common.mx_6.8.1.202304191431\\db\/plugins/mcufinder/images/
2023-07-14 12:19:50,667 [WARN] DbFile:41 - Overriding database path with different value: C:\Users\GAMING\.stmcufinder\plugins\mcufinder/ => C:\Users\GAMING\.stmcufinder\plugins\mcufinder
2023-07-14 12:19:50,667 [INFO] ApiDb:250 - Set database path to: C:\Users\GAMING\.stmcufinder\plugins\mcufinder//mcu/
2023-07-14 12:19:50,668 [WARN] DbFile:41 - Overriding database path with different value: C:\Users\GAMING\.stmcufinder\plugins\mcufinder/ => C:\Users\GAMING\.stmcufinder\plugins\mcufinder
2023-07-14 12:19:50,668 [INFO] DbMcusAds:125 - Set database path to: C:\Users\GAMING\.stmcufinder\plugins\mcufinder//mcu/
2023-07-14 12:19:50,668 [WARN] DbFile:41 - Overriding database path with different value: C:\Users\GAMING\.stmcufinder\plugins\mcufinder/ => C:\Users\GAMING\.stmcufinder\plugins\mcufinder
2023-07-14 12:19:50,668 [WARN] DbFile:41 - Overriding database path with different value: C:\Users\GAMING\.stmcufinder\plugins\mcufinder/ => C:\Users\GAMING\.stmcufinder\plugins\mcufinder
2023-07-14 12:19:50,668 [INFO] CrossReferenceDbSqlite:203 - Set database path to: C:\Users\GAMING\.stmcufinder\plugins\mcufinder//mcu/cs/
2023-07-14 12:19:50,684 [INFO] ApplicationProperties:184 - Using Application install path: C:\ST\STM32CubeIDE_1.12.1\STM32CubeIDE\plugins\com.st.stm32cube.common.mx_6.8.1.202304191431
2023-07-14 12:19:50,686 [INFO] PluginManage:196 - Search for loadable plugins [exclusion list=, ]
2023-07-14 12:19:50,687 [INFO] PluginManage:310 - Check plugin analytics
2023-07-14 12:19:55,353 [INFO] AnalyticsPlugin:253 - Accepted Software Licenses: 
2023-07-14 12:19:55,353 [INFO] AnalyticsPlugin:255 - Accepted CMSIS Pack Licenses: 
2023-07-14 12:19:55,353 [INFO] AnalyticsPlugin:257 - Accepted Firmware Licenses: 
2023-07-14 12:19:55,358 [INFO] PluginManage:359 - Loaded plugin analytics (category:tool,tabindex:-1)
2023-07-14 12:19:55,358 [INFO] PluginManage:310 - Check plugin cadmodel
2023-07-14 12:19:55,370 [INFO] CADModel:105 - Init CAD model plugin
2023-07-14 12:19:55,370 [INFO] PluginManage:359 - Loaded plugin cadmodel (category:power,tabindex:5)
2023-07-14 12:19:55,370 [INFO] PluginManage:310 - Check plugin clock
2023-07-14 12:19:55,385 [INFO] PluginManage:359 - Loaded plugin clock (category:base,tabindex:2)
2023-07-14 12:19:55,385 [INFO] PluginManage:310 - Check plugin ddr
2023-07-14 12:19:55,388 [INFO] PluginManage:359 - Loaded plugin ddr (category:tool,tabindex:6)
2023-07-14 12:19:55,388 [INFO] PluginManage:310 - Check plugin filemanager
2023-07-14 12:19:55,491 [INFO] PluginManage:359 - Loaded plugin filemanager (category:base,tabindex:10)
2023-07-14 12:19:55,491 [INFO] PluginManage:310 - Check plugin ipmanager
2023-07-14 12:19:55,497 [INFO] PluginManage:359 - Loaded plugin ipmanager (category:base,tabindex:5)
2023-07-14 12:19:55,497 [INFO] PluginManage:310 - Check plugin lpbam
2023-07-14 12:19:55,510 [INFO] PluginManage:359 - Loaded plugin lpbam (category:base,tabindex:0)
2023-07-14 12:19:55,510 [INFO] PluginManage:310 - Check plugin pinoutandconfiguration
2023-07-14 12:19:55,525 [INFO] PluginManage:359 - Loaded plugin pinoutandconfiguration (category:base,tabindex:1)
2023-07-14 12:19:55,525 [INFO] PluginManage:310 - Check plugin pinoutconfig
2023-07-14 12:19:55,599 [WARN] SupportedApi:132 - Cannot load RTOS API schema: s4s-elt-must-match.1: The content of 'definitions' must match (annotation?, (simpleType | complexType)?, (unique | key | keyref)*)). A problem was found starting at: attribute.
2023-07-14 12:19:55,707 [INFO] PluginManage:359 - Loaded plugin pinoutconfig (category:base,tabindex:0)
2023-07-14 12:19:55,707 [INFO] PluginManage:310 - Check plugin power
2023-07-14 12:19:55,722 [INFO] PluginManage:359 - Loaded plugin power (category:power,tabindex:4)
2023-07-14 12:19:55,722 [INFO] PluginManage:310 - Check plugin projectmanager
2023-07-14 12:19:55,741 [INFO] PluginManage:359 - Loaded plugin projectmanager (category:projectmanager,tabindex:3)
2023-07-14 12:19:55,741 [INFO] PluginManage:310 - Check plugin thirdparty
2023-07-14 12:19:55,923 [INFO] PluginManage:359 - Loaded plugin thirdparty (category:base,tabindex:-1)
2023-07-14 12:19:55,924 [INFO] PluginManage:310 - Check plugin tools
2023-07-14 12:19:55,923 [WARN] IntegrityCheckThread:84 - waiting for thirdparty lock release [integrity check]
2023-07-14 12:19:55,924 [INFO] IntegrityCheckThread:86 - entering critical section [integrity check]
2023-07-14 12:19:55,925 [INFO] ThirdPartyUpdaterWithRetryManager:70 - Updater plugin not ready yet. [1/15]
2023-07-14 12:19:55,944 [INFO] PluginManage:359 - Loaded plugin tools (category:base,tabindex:7)
2023-07-14 12:19:55,944 [INFO] PluginManage:310 - Check plugin tutovideos
2023-07-14 12:19:56,127 [INFO] PluginManage:359 - Loaded plugin tutovideos (category:base,tabindex:-1)
2023-07-14 12:19:56,127 [INFO] PluginManage:310 - Check plugin updater
2023-07-14 12:19:56,139 [INFO] PluginManage:359 - Loaded plugin updater (category:base,tabindex:12)
2023-07-14 12:19:56,140 [INFO] PluginManage:283 - PluginManage : Loaded plugins [15]
2023-07-14 12:19:56,333 [INFO] PinOutPanel:1499 - setPackage(No Configuration,No Configuration)
2023-07-14 12:19:56,393 [INFO] CADModel:165 - CPN selected for project level
2023-07-14 12:19:56,393 [INFO] CADModel:114 - Register for checkConnection events
2023-07-14 12:19:56,420 [INFO] IPUIPlugin:80 - create IPUIPlugin
2023-07-14 12:19:56,420 [INFO] PluginManager:220 - loadIPPluginJar : add adc
2023-07-14 12:19:56,452 [INFO] IPUIPlugin:80 - create IPUIPlugin
2023-07-14 12:19:56,452 [INFO] PluginManager:220 - loadIPPluginJar : add aes
2023-07-14 12:19:56,485 [INFO] IPUIPlugin:80 - create IPUIPlugin
2023-07-14 12:19:56,485 [INFO] PluginManager:220 - loadIPPluginJar : add can
2023-07-14 12:19:56,510 [INFO] IPUIPlugin:80 - create IPUIPlugin
2023-07-14 12:19:56,510 [INFO] PluginManager:220 - loadIPPluginJar : add comp
2023-07-14 12:19:56,538 [INFO] IPUIPlugin:80 - create IPUIPlugin
2023-07-14 12:19:56,538 [INFO] PluginManager:220 - loadIPPluginJar : add cryp
2023-07-14 12:19:56,563 [INFO] IPUIPlugin:80 - create IPUIPlugin
2023-07-14 12:19:56,563 [INFO] PluginManager:220 - loadIPPluginJar : add dfsdm
2023-07-14 12:19:56,576 [INFO] IPUIPlugin:80 - create IPUIPlugin
2023-07-14 12:19:56,577 [INFO] PluginManager:220 - loadIPPluginJar : add dma
2023-07-14 12:19:56,613 [INFO] IPUIPlugin:80 - create IPUIPlugin
2023-07-14 12:19:56,613 [INFO] PluginManager:220 - loadIPPluginJar : add dma3
2023-07-14 12:19:56,629 [INFO] IPUIPlugin:80 - create IPUIPlugin
2023-07-14 12:19:56,629 [INFO] PluginManager:220 - loadIPPluginJar : add fatfs
2023-07-14 12:19:56,665 [INFO] IPUIPlugin:80 - create IPUIPlugin
2023-07-14 12:19:56,665 [INFO] PluginManager:220 - loadIPPluginJar : add fmc
2023-07-14 12:19:56,677 [INFO] IPUIPlugin:80 - create IPUIPlugin
2023-07-14 12:19:56,678 [INFO] PluginManager:220 - loadIPPluginJar : add freertos
2023-07-14 12:19:56,692 [INFO] IPUIPlugin:80 - create IPUIPlugin
2023-07-14 12:19:56,692 [INFO] PluginManager:220 - loadIPPluginJar : add genericplugin
2023-07-14 12:19:56,758 [INFO] IPUIPlugin:80 - create IPUIPlugin
2023-07-14 12:19:56,758 [INFO] PluginManager:220 - loadIPPluginJar : add gfxmmu
2023-07-14 12:19:56,862 [INFO] IPUIPlugin:80 - create IPUIPlugin
2023-07-14 12:19:56,862 [INFO] PluginManager:220 - loadIPPluginJar : add gic
2023-07-14 12:19:56,872 [INFO] IPUIPlugin:80 - create IPUIPlugin
2023-07-14 12:19:56,872 [INFO] PluginManager:220 - loadIPPluginJar : add gpio
2023-07-14 12:19:56,947 [INFO] IPUIPlugin:80 - create IPUIPlugin
2023-07-14 12:19:56,947 [INFO] PluginManager:220 - loadIPPluginJar : add gtzc
2023-07-14 12:19:56,974 [INFO] IPUIPlugin:80 - create IPUIPlugin
2023-07-14 12:19:56,974 [INFO] PluginManager:220 - loadIPPluginJar : add hash
2023-07-14 12:19:57,065 [INFO] IPUIPlugin:80 - create IPUIPlugin
2023-07-14 12:19:57,066 [INFO] PluginManager:220 - loadIPPluginJar : add i2c
2023-07-14 12:19:57,093 [INFO] IPUIPlugin:80 - create IPUIPlugin
2023-07-14 12:19:57,093 [INFO] PluginManager:220 - loadIPPluginJar : add i2s
2023-07-14 12:19:57,124 [INFO] IPUIPlugin:80 - create IPUIPlugin
2023-07-14 12:19:57,124 [INFO] PluginManager:220 - loadIPPluginJar : add i3c
2023-07-14 12:19:57,200 [INFO] IPUIPlugin:80 - create IPUIPlugin
2023-07-14 12:19:57,200 [INFO] PluginManager:220 - loadIPPluginJar : add ipddr
2023-07-14 12:19:57,265 [INFO] IPUIPlugin:80 - create IPUIPlugin
2023-07-14 12:19:57,265 [INFO] PluginManager:220 - loadIPPluginJar : add linkedlist
2023-07-14 12:19:57,290 [INFO] IPUIPlugin:80 - create IPUIPlugin
2023-07-14 12:19:57,290 [INFO] PluginManager:220 - loadIPPluginJar : add lorawan
2023-07-14 12:19:57,315 [INFO] IPUIPlugin:80 - create IPUIPlugin
2023-07-14 12:19:57,315 [INFO] PluginManager:220 - loadIPPluginJar : add ltdc
2023-07-14 12:19:57,326 [INFO] IPUIPlugin:80 - create IPUIPlugin
2023-07-14 12:19:57,326 [INFO] PluginManager:220 - loadIPPluginJar : add mdma
2023-07-14 12:19:57,336 [INFO] IPUIPlugin:80 - create IPUIPlugin
2023-07-14 12:19:57,336 [INFO] PluginManager:220 - loadIPPluginJar : add nvic
2023-07-14 12:19:57,361 [INFO] IPUIPlugin:80 - create IPUIPlugin
2023-07-14 12:19:57,361 [INFO] PluginManager:220 - loadIPPluginJar : add opamp
2023-07-14 12:19:57,405 [INFO] IPUIPlugin:80 - create IPUIPlugin
2023-07-14 12:19:57,406 [INFO] PluginManager:220 - loadIPPluginJar : add openamp
2023-07-14 12:19:57,434 [INFO] IPUIPlugin:80 - create IPUIPlugin
2023-07-14 12:19:57,434 [INFO] PluginManager:220 - loadIPPluginJar : add pdm2pcm
2023-07-14 12:19:57,445 [INFO] IPUIPlugin:80 - create IPUIPlugin
2023-07-14 12:19:57,447 [INFO] PluginManager:220 - loadIPPluginJar : add plateformsettings
2023-07-14 12:19:57,462 [INFO] IPUIPlugin:80 - create IPUIPlugin
2023-07-14 12:19:57,462 [INFO] PluginManager:220 - loadIPPluginJar : add quadspi
2023-07-14 12:19:57,471 [INFO] IPUIPlugin:80 - create IPUIPlugin
2023-07-14 12:19:57,471 [INFO] PluginManager:220 - loadIPPluginJar : add resmgrutility
2023-07-14 12:19:57,503 [INFO] IPUIPlugin:80 - create IPUIPlugin
2023-07-14 12:19:57,503 [INFO] PluginManager:220 - loadIPPluginJar : add sai
2023-07-14 12:19:57,528 [INFO] IPUIPlugin:80 - create IPUIPlugin
2023-07-14 12:19:57,528 [INFO] PluginManager:220 - loadIPPluginJar : add spi
2023-07-14 12:19:57,570 [INFO] IPUIPlugin:80 - create IPUIPlugin
2023-07-14 12:19:57,570 [INFO] PluginManager:220 - loadIPPluginJar : add stm32_wpan
2023-07-14 12:19:57,586 [INFO] IPUIPlugin:80 - create IPUIPlugin
2023-07-14 12:19:57,586 [INFO] PluginManager:220 - loadIPPluginJar : add tim
2023-07-14 12:19:57,621 [INFO] IPUIPlugin:80 - create IPUIPlugin
2023-07-14 12:19:57,621 [INFO] PluginManager:220 - loadIPPluginJar : add touchsensing
2023-07-14 12:19:57,636 [INFO] IPUIPlugin:80 - create IPUIPlugin
2023-07-14 12:19:57,636 [INFO] PluginManager:220 - loadIPPluginJar : add tracer_emb
2023-07-14 12:19:57,653 [INFO] IPUIPlugin:80 - create IPUIPlugin
2023-07-14 12:19:57,653 [INFO] PluginManager:220 - loadIPPluginJar : add ts
2023-07-14 12:19:57,668 [INFO] IPUIPlugin:80 - create IPUIPlugin
2023-07-14 12:19:57,668 [INFO] PluginManager:220 - loadIPPluginJar : add tsc
2023-07-14 12:19:57,682 [INFO] IPUIPlugin:80 - create IPUIPlugin
2023-07-14 12:19:57,682 [INFO] PluginManager:220 - loadIPPluginJar : add ucpd
2023-07-14 12:19:57,709 [INFO] IPUIPlugin:80 - create IPUIPlugin
2023-07-14 12:19:57,709 [INFO] PluginManager:220 - loadIPPluginJar : add usart
2023-07-14 12:19:57,735 [INFO] IPUIPlugin:80 - create IPUIPlugin
2023-07-14 12:19:57,736 [INFO] PluginManager:220 - loadIPPluginJar : add usbx
2023-07-14 12:19:57,849 [INFO] CADModel:165 - CPN selected for project level
2023-07-14 12:19:57,849 [INFO] CADModel:114 - Register for checkConnection events
2023-07-14 12:19:57,849 [FATAL] Updater:308 - Updater called before beeing initialized
2023-07-14 12:19:57,849 [ERROR] CADModel:125 - Updater not yet initialized, retry later 
2023-07-14 12:19:57,953 [INFO] CADModel:165 - CPN selected for project level
2023-07-14 12:19:57,953 [INFO] CADModel:114 - Register for checkConnection events
2023-07-14 12:19:57,953 [FATAL] Updater:308 - Updater called before beeing initialized
2023-07-14 12:19:57,953 [ERROR] CADModel:125 - Updater not yet initialized, retry later 
2023-07-14 12:19:57,956 [FATAL] Updater:308 - Updater called before beeing initialized
2023-07-14 12:19:58,058 [FATAL] Updater:308 - Updater called before beeing initialized
2023-07-14 12:19:58,067 [INFO] DbMcusAds:53 - JSON generation date=Tue Mar 07 00:50:55 PST 2023 (1678179055335)
2023-07-14 12:19:58,067 [FATAL] Updater:308 - Updater called before beeing initialized
2023-07-14 12:19:58,120 [WARN] DetailPanel:346 - Failed to get advertising image, set to default
2023-07-14 12:19:58,198 [FATAL] Updater:308 - Updater called before beeing initialized
2023-07-14 12:19:58,200 [FATAL] Updater:308 - Updater called before beeing initialized
2023-07-14 12:19:58,200 [FATAL] Updater:308 - Updater called before beeing initialized
2023-07-14 12:19:58,200 [WARN] DetailPanel:346 - Failed to get advertising image, set to default
2023-07-14 12:19:58,201 [FATAL] Updater:308 - Updater called before beeing initialized
2023-07-14 12:19:58,247 [ERROR] Updater:1120 - MainUpdater not yet initialized. External WinMGr cannot be set.
2023-07-14 12:19:58,255 [INFO] Updater:1056 - Updater Version found : 6.8.1
2023-07-14 12:19:58,270 [INFO] ApplicationProperties:184 - Using Application install path: C:\ST\STM32CubeIDE_1.12.1\STM32CubeIDE\plugins\com.st.stm32cube.common.mx_6.8.1.202304191431
2023-07-14 12:19:58,383 [INFO] MainUpdater:2854 - connection check result : 10
2023-07-14 12:19:58,383 [INFO] MainUpdater:283 - Updater Check For Update Now.
2023-07-14 12:19:58,383 [INFO] MicroXplorer:498 - Change Database Version : DB.6.0.81
2023-07-14 12:19:58,554 [INFO] CheckServerUpdateThread:120 - End of CheckServer Thread
2023-07-14 12:19:58,614 [INFO] MainUpdater:2854 - connection check result : 10
2023-07-14 12:19:58,630 [INFO] McuFinderGlobals:66 - Set McuFinderConnectedMode to true
2023-07-14 12:19:58,913 [INFO] ServerAccessManage:473 - Download File mcusAds.json._tmp_
2023-07-14 12:19:58,925 [WARN] MainUpdater:1187 - Updater busy. Cannot search thirdparties
2023-07-14 12:19:58,925 [INFO] ThirdPartyUpdaterWithRetryManager:96 - Updater plugin is busy. [1/15]
2023-07-14 12:19:59,025 [INFO] LoadUrlFilesThread:156 - End of LoadUrlFiles Thread
2023-07-14 12:19:59,166 [INFO] ServerAccessManage:473 - Download File cube-finder-db.zip
2023-07-14 12:19:59,579 [INFO] FileExtend:240 - Unzip File : cube-finder-db.zip
2023-07-14 12:19:59,580 [INFO] FileExtend:255 - Standard Zip Deflate
2023-07-14 12:20:00,083 [INFO] LoadUrlFilesThread:156 - End of LoadUrlFiles Thread
2023-07-14 12:20:00,867 [INFO] ServerAccessManage:473 - Download File crdb.zip
2023-07-14 12:20:01,831 [INFO] FileExtend:240 - Unzip File : crdb.zip
2023-07-14 12:20:01,832 [INFO] FileExtend:255 - Standard Zip Deflate
2023-07-14 12:20:01,925 [WARN] MainUpdater:1187 - Updater busy. Cannot search thirdparties
2023-07-14 12:20:01,925 [INFO] ThirdPartyUpdaterWithRetryManager:96 - Updater plugin is busy. [2/15]
2023-07-14 12:20:01,960 [INFO] LoadUrlFilesThread:156 - End of LoadUrlFiles Thread
2023-07-14 12:20:02,081 [INFO] ServerAccessManage:473 - Download File tutoVideoDB.zip
2023-07-14 12:20:02,087 [INFO] FileExtend:240 - Unzip File : tutoVideoDB.zip
2023-07-14 12:20:02,087 [INFO] FileExtend:255 - Standard Zip Deflate
2023-07-14 12:20:02,206 [INFO] LoadUrlFilesThread:156 - End of LoadUrlFiles Thread
2023-07-14 12:20:02,210 [WARN] DbFile:41 - Overriding database path with different value: C:\Users\GAMING\.stmcufinder\plugins\mcufinder/ => C:\Users\GAMING\.stmcufinder\plugins\mcufinder
2023-07-14 12:20:04,925 [WARN] MainUpdater:1187 - Updater busy. Cannot search thirdparties
2023-07-14 12:20:04,925 [INFO] ThirdPartyUpdaterWithRetryManager:96 - Updater plugin is busy. [3/15]
2023-07-14 12:20:05,275 [INFO] ServerAccessManage:473 - Download File api_config.json
2023-07-14 12:20:05,382 [INFO] LoadUrlFilesThread:156 - End of LoadUrlFiles Thread
2023-07-14 12:20:05,383 [INFO] DbMcusAds:53 - JSON generation date=Tue Mar 07 00:50:55 PST 2023 (1678179055114)
2023-07-14 12:20:05,397 [INFO] LoadUrlFilesThread:185 - End of LoadServerUrlFiles without Thread
2023-07-14 12:20:05,397 [INFO] TargetSelectorAdapter:259 - Refresh data is successful
2023-07-14 12:20:05,475 [INFO] ApiDb:581 - Connected to CubeFinder SQLite database (C:\Users\GAMING\.stmcufinder\plugins\mcufinder\mcu\cube-finder-db.db)
2023-07-14 12:20:05,526 [INFO] ApiDb:668 - CubeFinder database Data Model version=2.1
2023-07-14 12:20:05,526 [INFO] ApiDb:669 - CubeFinder database Configuration version=3.0.37
2023-07-14 12:20:05,527 [INFO] ApiDb:670 - CubeFinder database generation date=2023-06-26 (1687786131)
2023-07-14 12:20:05,527 [INFO] ApiDb:671 - CubeFinder database FW Pack versions=[FP-ATR-ASTRA1_V2.0.0, FP-SNS-FLIGHT1_V5.0.1, FP-SNS-MOTENV1_V4.3.1, STM32Cube_FW_C0_V1.1.0, STM32Cube_FW_F4_V1.27.1, STM32Cube_FW_F7_V1.17.0, STM32Cube_FW_G0_V1.6.1, STM32Cube_FW_G4_V1.5.1, STM32Cube_FW_H5_V0.5.1, STM32Cube_FW_H5_V1.1.0, STM32Cube_FW_H7_V1.11.0, STM32Cube_FW_L0_V1.12.2, STM32Cube_FW_L5_V1.5.0, STM32Cube_FW_U5_V1.3.0, STM32Cube_FW_U5_V1.3.0RC4, STM32Cube_FW_WBA_V1.0.0RC1, STM32Cube_FW_WBA_V1.1.0, STM32Cube_FW_WBA_V1.1.0RC1, STM32Cube_FW_WB_V1.15.0RC1, STM32Cube_FW_WB_V1.16.0, STM32Cube_FW_WB_V1.16.0RC2, STM32Cube_FW_WB_V1.17.0, STM32Cube_FW_WL_V1.3.0, X-CUBE-ALGOBUILD_V1.3.0, X-CUBE-ALS_V1.0.1, X-CUBE-AZRTOS-F4_V1.1.0, X-CUBE-AZRTOS-F7_V1.1.0, X-CUBE-AZRTOS-G0_V1.1.0, X-CUBE-AZRTOS-G4_V2.0.0, X-CUBE-AZRTOS-H7_V3.1.0, X-CUBE-AZRTOS-L4_V1.0.0, X-CUBE-AZRTOS-L4_V2.0.0, X-CUBE-AZRTOS-L5_V1.1.0, X-CUBE-AZRTOS-WB_V1.1.0, X-CUBE-AZRTOS-WL_V2.0.0, X-CUBE-BLE1_V6.2.4, X-CUBE-BLE2_V3.3.0, X-CUBE-BLEMGR_V2.0.0, X-CUBE-EEPRMA1_V4.1.0, X-CUBE-FREERTOS_V1.0.1, X-CUBE-GNSS1_V6.0.0, X-CUBE-MEMS1_V9.1.0, X-CUBE-MEMS1_V9.4.0, X-CUBE-MEMS1_V9.6.0, X-CUBE-NFC4_V3.0.0, X-CUBE-NFC7_V1.0.0, X-CUBE-SFXS2LP1_V4.0.0, X-CUBE-SUBG2_V5.0.0]
2023-07-14 12:20:06,996 [INFO] ApiDb:240 - Found 297 in-development CPN: [B-G473E-ZEST1S, B-WB1M-WPAN1, B-WL5M-SUBG1, NUCLEO-C031C6, NUCLEO-H503RB, NUCLEO-H563ZI, NUCLEO-U545RE-Q, NUCLEO-U5A5ZJ-Q, NUCLEO-WBA52CG, STEVAL-PROTEUS1, STEVAL-STWINBX1, STM320518-EVAL, STM32C0116-DK, STM32C011D6Y3TR, STM32C011D6Y6TR, STM32C011F4P3, STM32C011F4P6, STM32C011F4U3, STM32C011F4U6TR, STM32C011F6P3, STM32C011F6P6, STM32C011F6U3, STM32C011F6U6TR, STM32C011J4M3, STM32C011J4M6, STM32C011J6M3, STM32C011J6M6, STM32C0316-DK, STM32C031C4T3, STM32C031C4T6, STM32C031C4U3, STM32C031C4U6, STM32C031C6T3, STM32C031C6T6, STM32C031C6U3, STM32C031C6U6, STM32C031F4P3, STM32C031F4P6, STM32C031F6P3, STM32C031F6P6, STM32C031G4U3, STM32C031G4U6, STM32C031G6U3, STM32C031G6U6, STM32C031K4T3, STM32C031K4T6, STM32C031K4U3, STM32C031K4U6, STM32C031K6T3, STM32C031K6T6, STM32C031K6U3, STM32C031K6U6, STM32G071K8TXN, STM32G071K8UXN, STM32G081GBU6N, STM32G081KBT6N, STM32G081KBUXN, STM32G0B1CCT6N, STM32G0B1KCT6, STM32G0B1NEY6TR, STM32G0B1RCT6N, STM32G0C1CCT6, STM32G0C1CCT6N, STM32G0C1CCU6N, STM32G0C1CET6N, STM32G0C1CEU6N, STM32G0C1KCT6, STM32G0C1NEY6TR, STM32G0C1RCI6N, STM32G0C1RCT6N, STM32G0C1REI6N, STM32G0C1RET6N, STM32G0C1VCI6, STM32G0C1VEI6, STM32G471CCT6, STM32G471CCU6, STM32G471CET3, STM32G471CET6, STM32G471CEU3, STM32G471CEU6, STM32G471MCT6, STM32G471MET3, STM32G471MET6, STM32G471MEY6TR, STM32G471QCT6, STM32G471QET3, STM32G471RCT6, STM32G471RET3, STM32G471RET6, STM32G471VCH6, STM32G471VCI6, STM32G471VCT6, STM32G471VEH3, STM32G471VEH6, STM32G471VEI3, STM32G471VEI6, STM32G471VET3, STM32G471VET6, STM32G474CCT6, STM32H503CBT6, STM32H503CBU6, STM32H503EBY6TR, STM32H503KBU6, STM32H503RBT6, STM32H562AGI6, STM32H562AII6, STM32H562IGK6, STM32H562IGT6, STM32H562IIK6, STM32H562IIT6, STM32H562RGT6, STM32H562RGV6, STM32H562RIT6, STM32H562RIV6, STM32H562VGT6, STM32H562VIT6, STM32H562ZGT6, STM32H562ZIT6, STM32H563AGI6, STM32H563AII3Q, STM32H563AII6, STM32H563IGK6, STM32H563IGT6, STM32H563IIK3Q, STM32H563IIK6, STM32H563IIT3Q, STM32H563IIT6, STM32H563MIY3QTR, STM32H563RGT6, STM32H563RGV6, STM32H563RIT6, STM32H563RIV6, STM32H563VGT6, STM32H563VIT3Q, STM32H563VIT6, STM32H563ZGT6, STM32H563ZIT3Q, STM32H563ZIT6, STM32H573AII3Q, STM32H573AII6, STM32H573I-DK, STM32H573IIK3Q, STM32H573IIK6, STM32H573IIT3Q, STM32H573IIT6, STM32H573MIY3QTR, STM32H573RIT6, STM32H573RIV6, STM32H573VIT3Q, STM32H573VIT6, STM32H573ZIT3Q, STM32H573ZIT6, STM32L4R5QGI6STR, STM32MP131AAE3, STM32MP131AAF3, STM32MP131AAG3, STM32MP131CAE3, STM32MP131CAF3, STM32MP131CAG3, STM32MP131DAE7, STM32MP131DAF7, STM32MP131DAG7, STM32MP131FAE7, STM32MP131FAF7, STM32MP131FAG7, STM32MP133AAE3, STM32MP133AAF3, STM32MP133AAG3, STM32MP133CAE3, STM32MP133CAF3, STM32MP133CAG3, STM32MP133DAE7, STM32MP133DAF7, STM32MP133DAG7, STM32MP133FAE7, STM32MP133FAF7, STM32MP133FAG7, STM32MP135AAE3, STM32MP135AAF3, STM32MP135AAG3, STM32MP135CAE3, STM32MP135CAF3, STM32MP135CAG3, STM32MP135DAE7, STM32MP135DAF7, STM32MP135DAG7, STM32MP135F-DK, STM32MP135FAE7, STM32MP135FAF7, STM32MP135FAF7T, STM32MP135FAF7U, STM32MP135FAG7, STM32U535CBT6, STM32U535CBT6Q, STM32U535CBU6, STM32U535CBU6Q, STM32U535CCT6, STM32U535CCT6Q, STM32U535CCU6, STM32U535CCU6Q, STM32U535CET6, STM32U535CET6Q, STM32U535CEU6, STM32U535CEU6Q, STM32U535JEY6QTR, STM32U535NCY6QTR, STM32U535NEY6QTR, STM32U535RBI6, STM32U535RBI6Q, STM32U535RBT6, STM32U535RBT6Q, STM32U535RCI6, STM32U535RCI6Q, STM32U535RCT6, STM32U535RCT6Q, STM32U535REI6, STM32U535REI6Q, STM32U535RET6, STM32U535RET6Q, STM32U535VCI6, STM32U535VCI6Q, STM32U535VCT6, STM32U535VCT6Q, STM32U535VEI6, STM32U535VEI6Q, STM32U535VET6, STM32U535VET6Q, STM32U545CET6, STM32U545CET6Q, STM32U545CEU6, STM32U545CEU6Q, STM32U545JEY6QTR, STM32U545NEY6QTR, STM32U545REI6, STM32U545REI6Q, STM32U545RET6, STM32U545RET6Q, STM32U545VEI6, STM32U545VEI6Q, STM32U545VET6, STM32U545VET6Q, STM32U595AIH6, STM32U595AIH6Q, STM32U595AJH6, STM32U595AJH6Q, STM32U595QII6, STM32U595QII6Q, STM32U595QJI6, STM32U595QJI6Q, STM32U595RIT6, STM32U595RIT6Q, STM32U595RJT6, STM32U595RJT6Q, STM32U595VIT6, STM32U595VIT6Q, STM32U595VJT6, STM32U595VJT6Q, STM32U595ZIT6, STM32U595ZIT6Q, STM32U595ZIY6QTR, STM32U595ZJT6, STM32U595ZJT6Q, STM32U595ZJY6QTR, STM32U599BJY6QTR, STM32U599NIH6Q, STM32U599NJH6Q, STM32U599VIT6Q, STM32U599VJT6, STM32U599VJT6Q, STM32U599ZIT6Q, STM32U599ZIY6QTR, STM32U599ZJT6Q, STM32U599ZJY6QTR, STM32U5A5AJH6, STM32U5A5AJH6Q, STM32U5A5QJI6, STM32U5A5QJI6Q, STM32U5A5RJT6, STM32U5A5RJT6Q, STM32U5A5VJT6, STM32U5A5VJT6Q, STM32U5A5ZJT6, STM32U5A5ZJT6Q, STM32U5A5ZJY6QTR, STM32U5A9BJY6QTR, STM32U5A9J-DK, STM32U5A9NJH6Q, STM32U5A9VJT6Q, STM32U5A9ZJT6Q, STM32U5A9ZJY6QTR, STM32WB1MMCH6, STM32WBA52CEU6, STM32WBA52CEU6T, STM32WBA52CGU6, STM32WBA52CGU6T, STM32WL5MOCH6, STM32WL5MOCH6TR]
2023-07-14 12:20:07,000 [INFO] DbMcus:216 - Found 3825 MCUs, 3825 are supported
2023-07-14 12:20:07,002 [INFO] ApiDb:423 - Load user favorites file C:\Users\GAMING/.stm32cubeide/favorites.mcus.txt: 0 item(s)
2023-07-14 12:20:07,002 [INFO] ApiDb:427 - User favorites MCUs=[]
2023-07-14 12:20:07,002 [INFO] DbMcus:222 - Set 0 / 0 favorites MCUs
2023-07-14 12:20:07,216 [INFO] ApiDb:668 - CubeFinder database Data Model version=2.1
2023-07-14 12:20:07,216 [INFO] ApiDb:669 - CubeFinder database Configuration version=3.0.37
2023-07-14 12:20:07,216 [INFO] ApiDb:670 - CubeFinder database generation date=2023-06-26 (1687786131)
2023-07-14 12:20:07,216 [INFO] ApiDb:671 - CubeFinder database FW Pack versions=[FP-ATR-ASTRA1_V2.0.0, FP-SNS-FLIGHT1_V5.0.1, FP-SNS-MOTENV1_V4.3.1, STM32Cube_FW_C0_V1.1.0, STM32Cube_FW_F4_V1.27.1, STM32Cube_FW_F7_V1.17.0, STM32Cube_FW_G0_V1.6.1, STM32Cube_FW_G4_V1.5.1, STM32Cube_FW_H5_V0.5.1, STM32Cube_FW_H5_V1.1.0, STM32Cube_FW_H7_V1.11.0, STM32Cube_FW_L0_V1.12.2, STM32Cube_FW_L5_V1.5.0, STM32Cube_FW_U5_V1.3.0, STM32Cube_FW_U5_V1.3.0RC4, STM32Cube_FW_WBA_V1.0.0RC1, STM32Cube_FW_WBA_V1.1.0, STM32Cube_FW_WBA_V1.1.0RC1, STM32Cube_FW_WB_V1.15.0RC1, STM32Cube_FW_WB_V1.16.0, STM32Cube_FW_WB_V1.16.0RC2, STM32Cube_FW_WB_V1.17.0, STM32Cube_FW_WL_V1.3.0, X-CUBE-ALGOBUILD_V1.3.0, X-CUBE-ALS_V1.0.1, X-CUBE-AZRTOS-F4_V1.1.0, X-CUBE-AZRTOS-F7_V1.1.0, X-CUBE-AZRTOS-G0_V1.1.0, X-CUBE-AZRTOS-G4_V2.0.0, X-CUBE-AZRTOS-H7_V3.1.0, X-CUBE-AZRTOS-L4_V1.0.0, X-CUBE-AZRTOS-L4_V2.0.0, X-CUBE-AZRTOS-L5_V1.1.0, X-CUBE-AZRTOS-WB_V1.1.0, X-CUBE-AZRTOS-WL_V2.0.0, X-CUBE-BLE1_V6.2.4, X-CUBE-BLE2_V3.3.0, X-CUBE-BLEMGR_V2.0.0, X-CUBE-EEPRMA1_V4.1.0, X-CUBE-FREERTOS_V1.0.1, X-CUBE-GNSS1_V6.0.0, X-CUBE-MEMS1_V9.1.0, X-CUBE-MEMS1_V9.4.0, X-CUBE-MEMS1_V9.6.0, X-CUBE-NFC4_V3.0.0, X-CUBE-NFC7_V1.0.0, X-CUBE-SFXS2LP1_V4.0.0, X-CUBE-SUBG2_V5.0.0]
2023-07-14 12:20:07,263 [INFO] DbBoardsSqlite:226 - include board P-NUCLEO-WB55-NUCLEO as a kit item of type 'Nucleo-64'
2023-07-14 12:20:07,264 [INFO] DbBoardsSqlite:226 - include board P-NUCLEO-WB55-USBDONGLE as a kit item of type 'Nucleo USB Dongle'
2023-07-14 12:20:07,264 [INFO] DbBoardsSqlite:226 - include board STEVAL-IDP005V1 as a kit item of type 'Evaluation Board'
2023-07-14 12:20:07,264 [INFO] DbBoardsSqlite:226 - include board STEVAL-IDP005V2 as a kit item of type 'Evaluation Board'
2023-07-14 12:20:07,298 [INFO] ApiDb:240 - Found 297 in-development CPN: [B-G473E-ZEST1S, B-WB1M-WPAN1, B-WL5M-SUBG1, NUCLEO-C031C6, NUCLEO-H503RB, NUCLEO-H563ZI, NUCLEO-U545RE-Q, NUCLEO-U5A5ZJ-Q, NUCLEO-WBA52CG, STEVAL-PROTEUS1, STEVAL-STWINBX1, STM320518-EVAL, STM32C0116-DK, STM32C011D6Y3TR, STM32C011D6Y6TR, STM32C011F4P3, STM32C011F4P6, STM32C011F4U3, STM32C011F4U6TR, STM32C011F6P3, STM32C011F6P6, STM32C011F6U3, STM32C011F6U6TR, STM32C011J4M3, STM32C011J4M6, STM32C011J6M3, STM32C011J6M6, STM32C0316-DK, STM32C031C4T3, STM32C031C4T6, STM32C031C4U3, STM32C031C4U6, STM32C031C6T3, STM32C031C6T6, STM32C031C6U3, STM32C031C6U6, STM32C031F4P3, STM32C031F4P6, STM32C031F6P3, STM32C031F6P6, STM32C031G4U3, STM32C031G4U6, STM32C031G6U3, STM32C031G6U6, STM32C031K4T3, STM32C031K4T6, STM32C031K4U3, STM32C031K4U6, STM32C031K6T3, STM32C031K6T6, STM32C031K6U3, STM32C031K6U6, STM32G071K8TXN, STM32G071K8UXN, STM32G081GBU6N, STM32G081KBT6N, STM32G081KBUXN, STM32G0B1CCT6N, STM32G0B1KCT6, STM32G0B1NEY6TR, STM32G0B1RCT6N, STM32G0C1CCT6, STM32G0C1CCT6N, STM32G0C1CCU6N, STM32G0C1CET6N, STM32G0C1CEU6N, STM32G0C1KCT6, STM32G0C1NEY6TR, STM32G0C1RCI6N, STM32G0C1RCT6N, STM32G0C1REI6N, STM32G0C1RET6N, STM32G0C1VCI6, STM32G0C1VEI6, STM32G471CCT6, STM32G471CCU6, STM32G471CET3, STM32G471CET6, STM32G471CEU3, STM32G471CEU6, STM32G471MCT6, STM32G471MET3, STM32G471MET6, STM32G471MEY6TR, STM32G471QCT6, STM32G471QET3, STM32G471RCT6, STM32G471RET3, STM32G471RET6, STM32G471VCH6, STM32G471VCI6, STM32G471VCT6, STM32G471VEH3, STM32G471VEH6, STM32G471VEI3, STM32G471VEI6, STM32G471VET3, STM32G471VET6, STM32G474CCT6, STM32H503CBT6, STM32H503CBU6, STM32H503EBY6TR, STM32H503KBU6, STM32H503RBT6, STM32H562AGI6, STM32H562AII6, STM32H562IGK6, STM32H562IGT6, STM32H562IIK6, STM32H562IIT6, STM32H562RGT6, STM32H562RGV6, STM32H562RIT6, STM32H562RIV6, STM32H562VGT6, STM32H562VIT6, STM32H562ZGT6, STM32H562ZIT6, STM32H563AGI6, STM32H563AII3Q, STM32H563AII6, STM32H563IGK6, STM32H563IGT6, STM32H563IIK3Q, STM32H563IIK6, STM32H563IIT3Q, STM32H563IIT6, STM32H563MIY3QTR, STM32H563RGT6, STM32H563RGV6, STM32H563RIT6, STM32H563RIV6, STM32H563VGT6, STM32H563VIT3Q, STM32H563VIT6, STM32H563ZGT6, STM32H563ZIT3Q, STM32H563ZIT6, STM32H573AII3Q, STM32H573AII6, STM32H573I-DK, STM32H573IIK3Q, STM32H573IIK6, STM32H573IIT3Q, STM32H573IIT6, STM32H573MIY3QTR, STM32H573RIT6, STM32H573RIV6, STM32H573VIT3Q, STM32H573VIT6, STM32H573ZIT3Q, STM32H573ZIT6, STM32L4R5QGI6STR, STM32MP131AAE3, STM32MP131AAF3, STM32MP131AAG3, STM32MP131CAE3, STM32MP131CAF3, STM32MP131CAG3, STM32MP131DAE7, STM32MP131DAF7, STM32MP131DAG7, STM32MP131FAE7, STM32MP131FAF7, STM32MP131FAG7, STM32MP133AAE3, STM32MP133AAF3, STM32MP133AAG3, STM32MP133CAE3, STM32MP133CAF3, STM32MP133CAG3, STM32MP133DAE7, STM32MP133DAF7, STM32MP133DAG7, STM32MP133FAE7, STM32MP133FAF7, STM32MP133FAG7, STM32MP135AAE3, STM32MP135AAF3, STM32MP135AAG3, STM32MP135CAE3, STM32MP135CAF3, STM32MP135CAG3, STM32MP135DAE7, STM32MP135DAF7, STM32MP135DAG7, STM32MP135F-DK, STM32MP135FAE7, STM32MP135FAF7, STM32MP135FAF7T, STM32MP135FAF7U, STM32MP135FAG7, STM32U535CBT6, STM32U535CBT6Q, STM32U535CBU6, STM32U535CBU6Q, STM32U535CCT6, STM32U535CCT6Q, STM32U535CCU6, STM32U535CCU6Q, STM32U535CET6, STM32U535CET6Q, STM32U535CEU6, STM32U535CEU6Q, STM32U535JEY6QTR, STM32U535NCY6QTR, STM32U535NEY6QTR, STM32U535RBI6, STM32U535RBI6Q, STM32U535RBT6, STM32U535RBT6Q, STM32U535RCI6, STM32U535RCI6Q, STM32U535RCT6, STM32U535RCT6Q, STM32U535REI6, STM32U535REI6Q, STM32U535RET6, STM32U535RET6Q, STM32U535VCI6, STM32U535VCI6Q, STM32U535VCT6, STM32U535VCT6Q, STM32U535VEI6, STM32U535VEI6Q, STM32U535VET6, STM32U535VET6Q, STM32U545CET6, STM32U545CET6Q, STM32U545CEU6, STM32U545CEU6Q, STM32U545JEY6QTR, STM32U545NEY6QTR, STM32U545REI6, STM32U545REI6Q, STM32U545RET6, STM32U545RET6Q, STM32U545VEI6, STM32U545VEI6Q, STM32U545VET6, STM32U545VET6Q, STM32U595AIH6, STM32U595AIH6Q, STM32U595AJH6, STM32U595AJH6Q, STM32U595QII6, STM32U595QII6Q, STM32U595QJI6, STM32U595QJI6Q, STM32U595RIT6, STM32U595RIT6Q, STM32U595RJT6, STM32U595RJT6Q, STM32U595VIT6, STM32U595VIT6Q, STM32U595VJT6, STM32U595VJT6Q, STM32U595ZIT6, STM32U595ZIT6Q, STM32U595ZIY6QTR, STM32U595ZJT6, STM32U595ZJT6Q, STM32U595ZJY6QTR, STM32U599BJY6QTR, STM32U599NIH6Q, STM32U599NJH6Q, STM32U599VIT6Q, STM32U599VJT6, STM32U599VJT6Q, STM32U599ZIT6Q, STM32U599ZIY6QTR, STM32U599ZJT6Q, STM32U599ZJY6QTR, STM32U5A5AJH6, STM32U5A5AJH6Q, STM32U5A5QJI6, STM32U5A5QJI6Q, STM32U5A5RJT6, STM32U5A5RJT6Q, STM32U5A5VJT6, STM32U5A5VJT6Q, STM32U5A5ZJT6, STM32U5A5ZJT6Q, STM32U5A5ZJY6QTR, STM32U5A9BJY6QTR, STM32U5A9J-DK, STM32U5A9NJH6Q, STM32U5A9VJT6Q, STM32U5A9ZJT6Q, STM32U5A9ZJY6QTR, STM32WB1MMCH6, STM32WBA52CEU6, STM32WBA52CEU6T, STM32WBA52CGU6, STM32WBA52CGU6T, STM32WL5MOCH6, STM32WL5MOCH6TR]
2023-07-14 12:20:07,408 [INFO] BoardInfo:880 - No configuration file found for board P-NUCLEO-WB55
2023-07-14 12:20:07,408 [INFO] DbBoards:157 - Kit is not supported: P-NUCLEO-WB55
2023-07-14 12:20:07,411 [INFO] BoardInfo:880 - No configuration file found for board STEVAL-BFA001V1B
2023-07-14 12:20:07,411 [INFO] DbBoards:157 - Kit is not supported: STEVAL-BFA001V1B
2023-07-14 12:20:07,412 [INFO] BoardInfo:880 - No configuration file found for board STEVAL-BFA001V2B
2023-07-14 12:20:07,412 [INFO] DbBoards:157 - Kit is not supported: STEVAL-BFA001V2B
2023-07-14 12:20:07,417 [INFO] BoardInfo:880 - No configuration file found for board STEVAL-SMARTAG2
2023-07-14 12:20:07,417 [INFO] DbBoards:157 - Board is not supported: STEVAL-SMARTAG2
2023-07-14 12:20:07,495 [INFO] DbBoards:161 - Found 188 boards, 184 are supported
2023-07-14 12:20:07,496 [INFO] ApiDb:423 - Load user favorites file C:\Users\GAMING/.stm32cubeide/favorites.boards.txt: 0 item(s)
2023-07-14 12:20:07,497 [INFO] ApiDb:427 - User favorites Boards=[]
2023-07-14 12:20:07,497 [INFO] DbBoards:190 - Set 0 / 0 favorites Boards
2023-07-14 12:20:07,499 [INFO] ApiDb:668 - CubeFinder database Data Model version=2.1
2023-07-14 12:20:07,499 [INFO] ApiDb:669 - CubeFinder database Configuration version=3.0.37
2023-07-14 12:20:07,499 [INFO] ApiDb:670 - CubeFinder database generation date=2023-06-26 (1687786131)
2023-07-14 12:20:07,499 [INFO] ApiDb:671 - CubeFinder database FW Pack versions=[FP-ATR-ASTRA1_V2.0.0, FP-SNS-FLIGHT1_V5.0.1, FP-SNS-MOTENV1_V4.3.1, STM32Cube_FW_C0_V1.1.0, STM32Cube_FW_F4_V1.27.1, STM32Cube_FW_F7_V1.17.0, STM32Cube_FW_G0_V1.6.1, STM32Cube_FW_G4_V1.5.1, STM32Cube_FW_H5_V0.5.1, STM32Cube_FW_H5_V1.1.0, STM32Cube_FW_H7_V1.11.0, STM32Cube_FW_L0_V1.12.2, STM32Cube_FW_L5_V1.5.0, STM32Cube_FW_U5_V1.3.0, STM32Cube_FW_U5_V1.3.0RC4, STM32Cube_FW_WBA_V1.0.0RC1, STM32Cube_FW_WBA_V1.1.0, STM32Cube_FW_WBA_V1.1.0RC1, STM32Cube_FW_WB_V1.15.0RC1, STM32Cube_FW_WB_V1.16.0, STM32Cube_FW_WB_V1.16.0RC2, STM32Cube_FW_WB_V1.17.0, STM32Cube_FW_WL_V1.3.0, X-CUBE-ALGOBUILD_V1.3.0, X-CUBE-ALS_V1.0.1, X-CUBE-AZRTOS-F4_V1.1.0, X-CUBE-AZRTOS-F7_V1.1.0, X-CUBE-AZRTOS-G0_V1.1.0, X-CUBE-AZRTOS-G4_V2.0.0, X-CUBE-AZRTOS-H7_V3.1.0, X-CUBE-AZRTOS-L4_V1.0.0, X-CUBE-AZRTOS-L4_V2.0.0, X-CUBE-AZRTOS-L5_V1.1.0, X-CUBE-AZRTOS-WB_V1.1.0, X-CUBE-AZRTOS-WL_V2.0.0, X-CUBE-BLE1_V6.2.4, X-CUBE-BLE2_V3.3.0, X-CUBE-BLEMGR_V2.0.0, X-CUBE-EEPRMA1_V4.1.0, X-CUBE-FREERTOS_V1.0.1, X-CUBE-GNSS1_V6.0.0, X-CUBE-MEMS1_V9.1.0, X-CUBE-MEMS1_V9.4.0, X-CUBE-MEMS1_V9.6.0, X-CUBE-NFC4_V3.0.0, X-CUBE-NFC7_V1.0.0, X-CUBE-SFXS2LP1_V4.0.0, X-CUBE-SUBG2_V5.0.0]
2023-07-14 12:20:08,077 [WARN] PackLoader:240 - Cannot read IP mode file for STMicroelectronics.X-CUBE-SMBUS.2.1.0
2023-07-14 12:20:08,081 [INFO] DbExamplesSqlite:376 - Ignored 27 examples not supported by CubeIDE
2023-07-14 12:20:08,082 [INFO] DbExamplesSqlite:377 - Found 7164 examples active
2023-07-14 12:20:08,082 [INFO] DbExamplesSqlite:378 - Found 677 examples obsolete
2023-07-14 12:20:08,082 [INFO] DbExamplesSqlite:379 - Found 0 examples under development
2023-07-14 12:20:08,082 [INFO] DbExamplesSqlite:380 - Found 74 examples not building
2023-07-14 12:20:08,084 [INFO] DbExamples:125 - Found 7211 examples
2023-07-14 12:20:08,099 [ERROR] DbExamples:208 - Found 22 examples with invalid data (board or MCU)
2023-07-14 12:20:08,100 [INFO] DbExamples:222 - Found 91 boards with related examples
2023-07-14 12:20:08,100 [INFO] DbExamples:235 - Found 77 MCUs with related examples
2023-07-14 12:20:08,108 [WARN] PackLoader:240 - Cannot read IP mode file for STMicroelectronics.X-CUBE-AZRTOS-F7.1.1.0
2023-07-14 12:20:08,113 [INFO] ApiDb:414 - User favorites file not found: C:\Users\GAMING/.stm32cubeide/favorites.examples.txt
2023-07-14 12:20:08,113 [INFO] DbExamples:250 - Set 0 / 0 favorites Examples
2023-07-14 12:20:08,123 [WARN] PackLoader:240 - Cannot read IP mode file for STMicroelectronics.FP-SNS-MOTENV1.4.3.2
2023-07-14 12:20:08,134 [ERROR] RealEvaluatedCondition:428 - Found unsupported composite condition: CLASS='Data Exchange' GROUP='STM32_MetaDataManager'
2023-07-14 12:20:08,135 [ERROR] RealEvaluatedCondition:428 - Found unsupported composite condition: GROUP='STM32_MetaDataManager' CLASS='Data Exchange'
2023-07-14 12:20:08,136 [WARN] PackLoader:240 - Cannot read IP mode file for STMicroelectronics.FP-SNS-MOTENV1.4.3.1
2023-07-14 12:20:08,146 [WARN] PackLoader:240 - Cannot read IP mode file for STMicroelectronics.FP-SNS-FLIGHT1.5.0.1
2023-07-14 12:20:08,157 [WARN] PackLoader:240 - Cannot read IP mode file for STMicroelectronics.X-CUBE-BLE1.6.2.4
2023-07-14 12:20:08,169 [WARN] PackLoader:240 - Cannot read IP mode file for STMicroelectronics.X-CUBE-DISPLAY.3.0.0
2023-07-14 12:20:08,183 [WARN] PackLoader:240 - Cannot read IP mode file for emotas.I-CUBE-CANOPEN.1.3.0
2023-07-14 12:20:08,193 [WARN] PackLoader:240 - Cannot read IP mode file for STMicroelectronics.X-CUBE-TOUCHGFX.4.22.0
2023-07-14 12:20:08,207 [INFO] LogOutputStream:77 - [STDOUT_REDIRECT] 1 : Invalid condition id : UX_CORESTACK_Condition cause : null
2023-07-14 12:20:08,208 [INFO] LogOutputStream:77 - [STDOUT_REDIRECT] 1 : Invalid condition id : UX_CORESTACK_Condition cause : null
2023-07-14 12:20:08,209 [INFO] LogOutputStream:77 - [STDOUT_REDIRECT] 1 : Invalid condition id : UX_CORESTACK_Condition cause : null
2023-07-14 12:20:08,209 [INFO] LogOutputStream:77 - [STDOUT_REDIRECT] 1 : Invalid condition id : UX_CORESTACK_Condition cause : null
2023-07-14 12:20:08,210 [INFO] LogOutputStream:77 - [STDOUT_REDIRECT] 1 : Invalid condition id : UX_CORESTACK_Condition cause : null
2023-07-14 12:20:08,213 [WARN] PackLoader:240 - Cannot read IP mode file for STMicroelectronics.X-CUBE-AZRTOS-WL.2.0.0
2023-07-14 12:20:08,224 [WARN] PackLoader:240 - Cannot read IP mode file for WES.I-CUBE-Cesium.1.3.0
2023-07-14 12:20:08,233 [WARN] PackLoader:240 - Cannot read IP mode file for STMicroelectronics.X-CUBE-BLE2.3.3.0
2023-07-14 12:20:08,241 [WARN] PackLoader:240 - Cannot read IP mode file for STMicroelectronics.X-CUBE-TOUCHGFX.4.21.4
2023-07-14 12:20:08,250 [WARN] PackLoader:240 - Cannot read IP mode file for STMicroelectronics.X-CUBE-ALGOBUILD.1.3.0
2023-07-14 12:20:08,267 [WARN] PackLoader:240 - Cannot read IP mode file for STMicroelectronics.X-CUBE-AZRTOS-G0.1.1.0
2023-07-14 12:20:08,278 [WARN] PackLoader:240 - Cannot read IP mode file for STMicroelectronics.X-CUBE-NFC4.3.0.0
2023-07-14 12:20:08,287 [WARN] PackLoader:240 - Cannot read IP mode file for STMicroelectronics.FP-ATR-SIGFOX1.3.2.0
2023-07-14 12:20:08,323 [WARN] PackLoader:240 - Cannot read IP mode file for SEGGER.I-CUBE-embOS.1.3.1
2023-07-14 12:20:08,356 [INFO] McuFinderGlobals:66 - Set McuFinderConnectedMode to true
2023-07-14 12:20:08,365 [INFO] MultiScanPanel:200 - Auto-refresh data requested => check proxy status ongoing
2023-07-14 12:20:08,365 [WARN] PackLoader:240 - Cannot read IP mode file for STMicroelectronics.X-CUBE-GNSS1.6.0.0
2023-07-14 12:20:08,368 [INFO] FinderPluginLoader:95 - Searching for filters in installed packs
2023-07-14 12:20:08,386 [WARN] PackLoader:240 - Cannot read IP mode file for STMicroelectronics.X-CUBE-AZRTOS-F4.1.1.0
2023-07-14 12:20:08,397 [WARN] PackLoader:240 - Cannot read IP mode file for wolfSSL.I-CUBE-wolfSSL.5.6.3
2023-07-14 12:20:08,405 [WARN] PackLoader:240 - Cannot read IP mode file for wolfSSL.I-CUBE-wolfSSL.5.6.0
2023-07-14 12:20:08,449 [WARN] PackLoader:240 - Cannot read IP mode file for STMicroelectronics.X-CUBE-MEMS1.9.6.0
2023-07-14 12:20:08,583 [WARN] PackLoader:240 - Cannot read IP mode file for emotas.I-CUBE-CANOPEN.1.1.3
2023-07-14 12:20:08,599 [WARN] PackLoader:240 - Cannot read IP mode file for STMicroelectronics.X-CUBE-BLEMGR.2.0.0
2023-07-14 12:20:08,628 [WARN] ConditionMgr:438 - getConditionDescription Invalid condition id : UX DEVICE CLASS RTOS Condition cause : null
2023-07-14 12:20:08,629 [WARN] ConditionMgr:438 - getConditionDescription Invalid condition id : UX DEVICE CLASS RTOS Condition cause : null
2023-07-14 12:20:08,632 [WARN] PackLoader:240 - Cannot read IP mode file for STMicroelectronics.X-CUBE-AZRTOS-H7.3.1.0
2023-07-14 12:20:08,633 [WARN] ConditionMgr:1039 - genDependencies : Invalid condition id : UX DEVICE CLASS RTOS Condition cause : null
2023-07-14 12:20:08,634 [WARN] ConditionMgr:1039 - genDependencies : Invalid condition id : UX DEVICE CLASS RTOS Condition cause : null
2023-07-14 12:20:08,634 [WARN] ConditionMgr:1039 - genDependencies : Invalid condition id : UX DEVICE CLASS RTOS Condition cause : null
2023-07-14 12:20:08,635 [WARN] ConditionMgr:1039 - genDependencies : Invalid condition id : UX DEVICE CLASS RTOS Condition cause : null
2023-07-14 12:20:08,635 [WARN] ConditionMgr:1039 - genDependencies : Invalid condition id : UX DEVICE CLASS RTOS Condition cause : null
2023-07-14 12:20:08,647 [WARN] PackLoader:240 - Cannot read IP mode file for STMicroelectronics.X-CUBE-NFC7.1.0.1
2023-07-14 12:20:08,661 [WARN] PackLoader:240 - Cannot read IP mode file for STMicroelectronics.X-CUBE-NFC7.1.0.0
2023-07-14 12:20:08,672 [WARN] PackLoader:240 - Cannot read IP mode file for STMicroelectronics.X-CUBE-EEPRMA1.4.1.0
2023-07-14 12:20:08,707 [WARN] ConditionMgr:438 - getConditionDescription Invalid condition id : LAN8742 Phy interface Condition cause : null
2023-07-14 12:20:08,708 [WARN] PackLoader:240 - Cannot read IP mode file for STMicroelectronics.X-CUBE-AZRTOS-L4.2.0.0
2023-07-14 12:20:08,709 [WARN] ConditionMgr:1039 - genDependencies : Invalid condition id : LAN8742 Phy interface Condition cause : null
2023-07-14 12:20:08,710 [WARN] ConditionMgr:1039 - genDependencies : Invalid condition id : LAN8742 Phy interface Condition cause : null
2023-07-14 12:20:08,710 [WARN] ConditionMgr:1039 - genDependencies : Invalid condition id : LAN8742 Phy interface Condition cause : null
2023-07-14 12:20:08,726 [WARN] PackLoader:240 - Cannot read IP mode file for STMicroelectronics.X-CUBE-SFXS2LP1.4.0.0
2023-07-14 12:20:08,737 [WARN] PackLoader:240 - Cannot read IP mode file for STMicroelectronics.X-CUBE-ISPU.1.1.0
2023-07-14 12:20:08,750 [WARN] PackLoader:240 - Cannot read IP mode file for STMicroelectronics.X-CUBE-FREERTOS.1.0.1
2023-07-14 12:20:08,786 [WARN] PackLoader:240 - Cannot read IP mode file for STMicroelectronics.X-CUBE-AZRTOS-L5.1.1.0
2023-07-14 12:20:08,806 [WARN] PackLoader:240 - Cannot read IP mode file for STMicroelectronics.X-CUBE-AI.8.0.1
2023-07-14 12:20:08,830 [WARN] PackLoader:240 - Cannot read IP mode file for STMicroelectronics.X-CUBE-SUBG2.5.0.0
2023-07-14 12:20:08,869 [WARN] PackLoader:240 - Cannot read IP mode file for STMicroelectronics.X-CUBE-AZRTOS-G4.2.0.0
2023-07-14 12:20:08,896 [WARN] PackLoader:240 - Cannot read IP mode file for STMicroelectronics.X-CUBE-TOF1.3.3.0
2023-07-14 12:20:08,920 [WARN] PackLoader:240 - Cannot read IP mode file for portGmbH.I-Cube-SoM-uGOAL.1.1.0
2023-07-14 12:20:08,932 [WARN] PackLoader:240 - Cannot read IP mode file for STMicroelectronics.X-CUBE-ALS.1.0.1
2023-07-14 12:20:08,953 [WARN] PackLoader:240 - Cannot read IP mode file for STMicroelectronics.X-CUBE-AZRTOS-WB.1.1.0
2023-07-14 12:20:08,964 [WARN] PackLoader:240 - Cannot read IP mode file for STMicroelectronics.FP-ATR-ASTRA1.2.0.0
2023-07-14 12:20:08,965 [INFO] ThirdParty:978 - Integrity check success = true
2023-07-14 12:20:08,965 [INFO] IntegrityCheckThread:100 - exiting critical section [integrity check]
2023-07-14 12:20:08,965 [INFO] IntegrityCheckThread:103 - End integrity checks thread
2023-07-14 12:20:09,623 [INFO] LoadUrlFilesThread:185 - End of LoadServerUrlFiles without Thread
2023-07-14 12:20:09,630 [INFO] DetailPanel:341 - Set advertising image to C:/Users/GAMING/STM32Cube/Repository/\en.prom-stm32h5-mcu-finder.jpg
2023-07-14 12:20:36,736 [INFO] MainUpdater:2854 - connection check result : 10
2023-07-14 12:20:36,736 [INFO] MainUpdater:2854 - connection check result : 10
2023-07-14 12:20:36,757 [INFO] MicroXplorer:468 - Change Database Path : 
2023-07-14 12:20:36,757 [INFO] MicroXplorer:498 - Change Database Version : DB.6.0.81
2023-07-14 12:20:36,758 [WARN] ThirdParty:871 - waiting for thirdparty lock release [close project]
2023-07-14 12:20:36,758 [INFO] ThirdParty:873 - entering critical section [close project]
2023-07-14 12:20:36,758 [INFO] ThirdParty:883 - exiting critical section [close project]
2023-07-14 12:20:36,760 [INFO] PinOutPanel:1499 - setPackage(No Configuration,No Configuration)
2023-07-14 12:20:36,763 [INFO] UtilMem:75 - Begin LoadConfig() Used Memory: 607376440 Bytes (724566016)
2023-07-14 12:20:36,764 [INFO] MicroXplorer:468 - Change Database Path : 
2023-07-14 12:20:36,764 [INFO] MicroXplorer:498 - Change Database Version : DB.6.0.81
2023-07-14 12:20:36,764 [INFO] OpenFileManager:308 - Change cursor
2023-07-14 12:20:36,831 [INFO] Mcu:1937 - Initializing MCU STM32L432KCUx STM32L432KCUx 
2023-07-14 12:20:36,832 [INFO] Mcu:1950 - No CPN specified => set CPN to STM32L432KCU3
2023-07-14 12:20:37,816 [INFO] Context:659 - Trying to add GPIOservice into a context  which must be forbidden
2023-07-14 12:20:38,125 [INFO] ImportTextPane:194 - (OptionalMessage_ERROR) Unable to find key (Mcu.ThirdPartyNb) in loaded IOC file
2023-07-14 12:20:38,125 [INFO] ImportTextPane:194 - (OptionalMessage_ERROR) Unable to find key (Mcu.PinsNb) in loaded IOC file
2023-07-14 12:20:38,125 [INFO] ImportTextPane:194 - (OptionalMessage_ERROR) Unable to find key (Mcu.IPNb) in loaded IOC file
2023-07-14 12:20:38,326 [INFO] RtosManager:555 - Registered RTOS mode: class=CMSIS, group=RTOS, mode=CMSIS_V1, owner=FREERTOS
2023-07-14 12:20:38,326 [INFO] RtosManager:555 - Registered RTOS mode: class=CMSIS, group=RTOS2, mode=CMSIS_V2, owner=FREERTOS
2023-07-14 12:20:38,327 [INFO] RtosManager:555 - Registered RTOS mode: class=RTOS, group=Core, mode=CMSIS_V1, owner=FREERTOS
2023-07-14 12:20:38,327 [INFO] RtosManager:555 - Registered RTOS mode: class=RTOS, group=Core, mode=CMSIS_V2, owner=FREERTOS
2023-07-14 12:20:38,327 [WARN] ModelIntegratedComponent:184 - Missing modes for component STMicroelectronics:FreeRTOS:0.0.1:STMicroelectronics:RTOS:FreeRTOS:Core:::10.2.0:
2023-07-14 12:20:38,341 [WARN] ModelIntegratedComponent:63 - No mode defined for component null
2023-07-14 12:20:38,342 [WARN] ModelIntegratedComponent:63 - No mode defined for component null
2023-07-14 12:20:38,342 [WARN] ModelIntegratedComponent:63 - No mode defined for component null
2023-07-14 12:20:38,342 [WARN] ModelIntegratedComponent:63 - No mode defined for component null
2023-07-14 12:20:38,342 [WARN] ModelIntegratedComponent:63 - No mode defined for component null
2023-07-14 12:20:38,342 [WARN] ModelIntegratedComponent:63 - No mode defined for component null
2023-07-14 12:20:38,342 [WARN] ModelIntegratedComponent:63 - No mode defined for component null
2023-07-14 12:20:38,343 [WARN] ModelIntegratedComponent:63 - No mode defined for component null
2023-07-14 12:20:38,343 [WARN] ModelIntegratedComponent:63 - No mode defined for component null
2023-07-14 12:20:38,343 [WARN] ModelIntegratedComponent:63 - No mode defined for component null
2023-07-14 12:20:38,343 [WARN] ModelIntegratedComponent:63 - No mode defined for component null
2023-07-14 12:20:38,343 [WARN] ModelIntegratedComponent:63 - No mode defined for component null
2023-07-14 12:20:38,343 [WARN] ModelIntegratedComponent:63 - No mode defined for component null
2023-07-14 12:20:38,343 [WARN] ModelIntegratedComponent:63 - No mode defined for component null
2023-07-14 12:20:38,343 [WARN] ModelIntegratedComponent:63 - No mode defined for component null
2023-07-14 12:20:38,343 [WARN] ModelIntegratedComponent:63 - No mode defined for component null
2023-07-14 12:20:38,344 [WARN] ModelIntegratedComponent:63 - No mode defined for component null
2023-07-14 12:20:38,344 [WARN] ModelIntegratedComponent:63 - No mode defined for component null
2023-07-14 12:20:38,344 [WARN] ModelIntegratedComponent:63 - No mode defined for component null
2023-07-14 12:20:38,344 [WARN] ModelIntegratedComponent:63 - No mode defined for component null
2023-07-14 12:20:38,344 [WARN] ModelIntegratedComponent:63 - No mode defined for component null
2023-07-14 12:20:38,344 [WARN] ModelIntegratedComponent:63 - No mode defined for component null
2023-07-14 12:20:38,344 [WARN] ModelIntegratedComponent:63 - No mode defined for component null
2023-07-14 12:20:38,344 [WARN] ModelIntegratedComponent:63 - No mode defined for component null
2023-07-14 12:20:38,344 [WARN] ModelIntegratedComponent:63 - No mode defined for component null
2023-07-14 12:20:38,345 [WARN] ModelIntegratedComponent:63 - No mode defined for component null
2023-07-14 12:20:38,345 [WARN] ModelIntegratedComponent:63 - No mode defined for component null
2023-07-14 12:20:38,345 [WARN] ModelIntegratedComponent:63 - No mode defined for component null
2023-07-14 12:20:38,345 [WARN] ModelIntegratedComponent:63 - No mode defined for component null
2023-07-14 12:20:38,345 [WARN] ModelIntegratedComponent:63 - No mode defined for component null
2023-07-14 12:20:38,345 [WARN] ModelIntegratedComponent:63 - No mode defined for component null
2023-07-14 12:20:38,345 [WARN] ModelIntegratedComponent:63 - No mode defined for component null
2023-07-14 12:20:38,345 [WARN] ModelIntegratedComponent:63 - No mode defined for component null
2023-07-14 12:20:38,363 [INFO] ThirdPartyModel:298 - Start build external matchings
2023-07-14 12:20:38,617 [INFO] ThirdPartyModel:316 - End build external matchings
2023-07-14 12:20:38,772 [INFO] UtilMem:75 - End LoadConfig() Used Memory: 507865376 Bytes (724566016)
2023-07-14 12:20:38,793 [WARN] ThirdParty:833 - waiting for thirdparty lock release [change project]
2023-07-14 12:20:38,793 [INFO] ThirdParty:835 - entering critical section [change project]
2023-07-14 12:20:38,794 [INFO] ThirdParty:1030 - CMSIS Pack Vendor :STMicroelectronics X-CUBE-ISPU 1.1.0
2023-07-14 12:20:38,794 [INFO] ThirdParty:1030 - CMSIS Pack Vendor :STMicroelectronics X-CUBE-GNSS1 6.0.0
2023-07-14 12:20:38,794 [INFO] ThirdParty:1030 - CMSIS Pack Vendor :STMicroelectronics USB_HOST 2.0.0
2023-07-14 12:20:38,794 [INFO] ThirdParty:1030 - CMSIS Pack Vendor :STMicroelectronics X-CUBE-AZRTOS-F4 1.1.0
2023-07-14 12:20:38,794 [INFO] ThirdParty:1030 - CMSIS Pack Vendor :STMicroelectronics LIBJPEG 8.0.0
2023-07-14 12:20:38,794 [INFO] ThirdParty:1030 - CMSIS Pack Vendor :wolfSSL I-CUBE-wolfSSL 5.6.3
2023-07-14 12:20:38,794 [INFO] ThirdParty:1030 - CMSIS Pack Vendor :STMicroelectronics X-CUBE-SMBUS 2.1.0
2023-07-14 12:20:38,794 [INFO] ThirdParty:1030 - CMSIS Pack Vendor :wolfSSL I-CUBE-wolfSSL 5.6.0
2023-07-14 12:20:38,794 [INFO] ThirdParty:1030 - CMSIS Pack Vendor :STMicroelectronics USB_DEVICE 3.0.0
2023-07-14 12:20:38,794 [INFO] ThirdParty:1030 - CMSIS Pack Vendor :STMicroelectronics X-CUBE-FREERTOS 1.0.1
2023-07-14 12:20:38,794 [INFO] ThirdParty:1030 - CMSIS Pack Vendor :STMicroelectronics X-CUBE-AZRTOS-F7 1.1.0
2023-07-14 12:20:38,794 [INFO] ThirdParty:1030 - CMSIS Pack Vendor :STMicroelectronics X-CUBE-TOUCHGFX 4.21.4
2023-07-14 12:20:38,794 [INFO] ThirdParty:1030 - CMSIS Pack Vendor :STMicroelectronics USB_DEVICE 2.0.0
2023-07-14 12:20:38,794 [INFO] ThirdParty:1030 - CMSIS Pack Vendor :STMicroelectronics X-CUBE-MEMS1 9.6.0
2023-07-14 12:20:38,794 [INFO] ThirdParty:1030 - CMSIS Pack Vendor :STMicroelectronics FP-SNS-MOTENV1 4.3.2
2023-07-14 12:20:38,795 [INFO] ThirdParty:1030 - CMSIS Pack Vendor :STMicroelectronics FP-SNS-MOTENV1 4.3.1
2023-07-14 12:20:38,795 [INFO] ThirdParty:1030 - CMSIS Pack Vendor :STMicroelectronics FP-SNS-FLIGHT1 5.0.1
2023-07-14 12:20:38,795 [INFO] ThirdParty:1030 - CMSIS Pack Vendor :STMicroelectronics X-CUBE-ALGOBUILD 1.3.0
2023-07-14 12:20:38,795 [INFO] ThirdParty:1030 - CMSIS Pack Vendor :STMicroelectronics X-CUBE-BLE1 6.2.4
2023-07-14 12:20:38,795 [INFO] ThirdParty:1030 - CMSIS Pack Vendor :STMicroelectronics X-CUBE-AZRTOS-L5 1.1.0
2023-07-14 12:20:38,795 [INFO] ThirdParty:1030 - CMSIS Pack Vendor :STMicroelectronics FreeRTOS 0.0.1
2023-07-14 12:20:38,795 [INFO] ThirdParty:1030 - CMSIS Pack Vendor :STMicroelectronics X-CUBE-AZRTOS-G0 1.1.0
2023-07-14 12:20:38,795 [INFO] ThirdParty:1030 - CMSIS Pack Vendor :emotas I-CUBE-CANOPEN 1.1.3
2023-07-14 12:20:38,795 [INFO] ThirdParty:1030 - CMSIS Pack Vendor :STMicroelectronics X-CUBE-BLEMGR 2.0.0
2023-07-14 12:20:38,795 [INFO] ThirdParty:1030 - CMSIS Pack Vendor :STMicroelectronics X-CUBE-AI 8.0.1
2023-07-14 12:20:38,795 [INFO] ThirdParty:1030 - CMSIS Pack Vendor :STMicroelectronics X-CUBE-NFC4 3.0.0
2023-07-14 12:20:38,795 [INFO] ThirdParty:1030 - CMSIS Pack Vendor :STMicroelectronics X-CUBE-SUBG2 5.0.0
2023-07-14 12:20:38,795 [INFO] ThirdParty:1030 - CMSIS Pack Vendor :STMicroelectronics STM32_WPAN 1.0.0
2023-07-14 12:20:38,795 [INFO] ThirdParty:1030 - CMSIS Pack Vendor :STMicroelectronics lwIP 2.0.3
2023-07-14 12:20:38,796 [INFO] ThirdParty:1030 - CMSIS Pack Vendor :STMicroelectronics USB_HOST 1.0.0
2023-07-14 12:20:38,796 [INFO] ThirdParty:1030 - CMSIS Pack Vendor :STMicroelectronics X-CUBE-AZRTOS-G4 2.0.0
2023-07-14 12:20:38,796 [INFO] ThirdParty:1030 - CMSIS Pack Vendor :STMicroelectronics PDM2PCM 3.1.0
2023-07-14 12:20:38,796 [INFO] ThirdParty:1030 - CMSIS Pack Vendor :STMicroelectronics X-CUBE-AZRTOS-H7 3.1.0
2023-07-14 12:20:38,796 [INFO] ThirdParty:1030 - CMSIS Pack Vendor :STMicroelectronics X-CUBE-TOF1 3.3.0
2023-07-14 12:20:38,796 [INFO] ThirdParty:1030 - CMSIS Pack Vendor :STMicroelectronics PDM2PCM 3.3.0
2023-07-14 12:20:38,796 [INFO] ThirdParty:1030 - CMSIS Pack Vendor :STMicroelectronics X-CUBE-DISPLAY 3.0.0
2023-07-14 12:20:38,796 [INFO] ThirdParty:1030 - CMSIS Pack Vendor :STMicroelectronics FP-ATR-SIGFOX1 3.2.0
2023-07-14 12:20:38,796 [INFO] ThirdParty:1030 - CMSIS Pack Vendor :STMicroelectronics HAL Drivers 0.0.0
2023-07-14 12:20:38,796 [INFO] ThirdParty:1030 - CMSIS Pack Vendor :STMicroelectronics MBEDTLS 2.16.2
2023-07-14 12:20:38,796 [INFO] ThirdParty:1030 - CMSIS Pack Vendor :emotas I-CUBE-CANOPEN 1.3.0
2023-07-14 12:20:38,796 [INFO] ThirdParty:1030 - CMSIS Pack Vendor :STMicroelectronics X-CUBE-TOUCHGFX 4.22.0
2023-07-14 12:20:38,796 [INFO] ThirdParty:1030 - CMSIS Pack Vendor :STMicroelectronics X-CUBE-NFC7 1.0.1
2023-07-14 12:20:38,796 [INFO] ThirdParty:1030 - CMSIS Pack Vendor :STMicroelectronics MBEDTLS 2.14.1
2023-07-14 12:20:38,796 [INFO] ThirdParty:1030 - CMSIS Pack Vendor :STMicroelectronics X-CUBE-NFC7 1.0.0
2023-07-14 12:20:38,796 [INFO] ThirdParty:1030 - CMSIS Pack Vendor :STMicroelectronics X-CUBE-EEPRMA1 4.1.0
2023-07-14 12:20:38,796 [INFO] ThirdParty:1030 - CMSIS Pack Vendor :portGmbH I-Cube-SoM-uGOAL 1.1.0
2023-07-14 12:20:38,796 [INFO] ThirdParty:1030 - CMSIS Pack Vendor :STMicroelectronics X-CUBE-ALS 1.0.1
2023-07-14 12:20:38,796 [INFO] ThirdParty:1030 - CMSIS Pack Vendor :STMicroelectronics ThreadX 1.0.0
2023-07-14 12:20:38,796 [INFO] ThirdParty:1030 - CMSIS Pack Vendor :STMicroelectronics X-CUBE-AZRTOS-WB 1.1.0
2023-07-14 12:20:38,796 [INFO] ThirdParty:1030 - CMSIS Pack Vendor :STMicroelectronics X-CUBE-AZRTOS-WL 2.0.0
2023-07-14 12:20:38,796 [INFO] ThirdParty:1030 - CMSIS Pack Vendor :SEGGER I-CUBE-embOS 1.3.1
2023-07-14 12:20:38,797 [INFO] ThirdParty:1030 - CMSIS Pack Vendor :STMicroelectronics USB_DEVICE 1.0.0
2023-07-14 12:20:38,797 [INFO] ThirdParty:1030 - CMSIS Pack Vendor :STMicroelectronics X-CUBE-AZRTOS-L4 2.0.0
2023-07-14 12:20:38,797 [INFO] ThirdParty:1030 - CMSIS Pack Vendor :STMicroelectronics ThreadX 0.0.2
2023-07-14 12:20:38,797 [INFO] ThirdParty:1030 - CMSIS Pack Vendor :WES I-CUBE-Cesium 1.3.0
2023-07-14 12:20:38,797 [INFO] ThirdParty:1030 - CMSIS Pack Vendor :STMicroelectronics FP-ATR-ASTRA1 2.0.0
2023-07-14 12:20:38,797 [INFO] ThirdParty:1030 - CMSIS Pack Vendor :STMicroelectronics lwIP 2.1.2
2023-07-14 12:20:38,797 [INFO] ThirdParty:1030 - CMSIS Pack Vendor :STMicroelectronics X-CUBE-SFXS2LP1 4.0.0
2023-07-14 12:20:38,797 [INFO] ThirdParty:1030 - CMSIS Pack Vendor :STMicroelectronics X-CUBE-BLE2 3.3.0
2023-07-14 12:20:38,797 [INFO] ThirdParty:1030 - CMSIS Pack Vendor :STMicroelectronics PDM2PCM 3.2.0
2023-07-14 12:20:38,797 [INFO] ThirdParty:841 - exiting critical section [change project]
2023-07-14 12:20:39,023 [INFO] PinOutPanel:1499 - setPackage(No Configuration,No Configuration)
2023-07-14 12:20:39,024 [INFO] PinOutPanel:1499 - setPackage(STM32L432KCUx,UFQFPN32)
2023-07-14 12:20:39,491 [INFO] UtilMem:75 - Before build in PCC Used Memory: 545456024 Bytes (724566016)
2023-07-14 12:20:40,244 [INFO] UtilMem:75 - After build in PCC Used Memory: 548873072 Bytes (724566016)
2023-07-14 12:20:40,272 [INFO] IPUIPlugin:80 - create IPUIPlugin
2023-07-14 12:20:40,272 [INFO] IPUIPlugin:80 - create IPUIPlugin
2023-07-14 12:20:40,272 [INFO] IPUIPlugin:80 - create IPUIPlugin
2023-07-14 12:20:40,272 [INFO] IPUIPlugin:80 - create IPUIPlugin
2023-07-14 12:20:40,273 [INFO] IPUIPlugin:80 - create IPUIPlugin
2023-07-14 12:20:40,273 [INFO] IPUIPlugin:80 - create IPUIPlugin
2023-07-14 12:20:40,273 [INFO] IPUIPlugin:80 - create IPUIPlugin
2023-07-14 12:20:40,273 [INFO] IPUIPlugin:80 - create IPUIPlugin
2023-07-14 12:20:40,273 [INFO] IPUIPlugin:80 - create IPUIPlugin
2023-07-14 12:20:40,273 [INFO] IPUIPlugin:80 - create IPUIPlugin
2023-07-14 12:20:40,274 [INFO] IPUIPlugin:80 - create IPUIPlugin
2023-07-14 12:20:40,274 [INFO] IPUIPlugin:80 - create IPUIPlugin
2023-07-14 12:20:40,274 [INFO] IPUIPlugin:80 - create IPUIPlugin
2023-07-14 12:20:40,274 [INFO] IPUIPlugin:80 - create IPUIPlugin
2023-07-14 12:20:40,274 [INFO] IPUIPlugin:80 - create IPUIPlugin
2023-07-14 12:20:40,275 [INFO] IPUIPlugin:80 - create IPUIPlugin
2023-07-14 12:20:40,275 [INFO] IPUIPlugin:80 - create IPUIPlugin
2023-07-14 12:20:40,275 [INFO] IPUIPlugin:80 - create IPUIPlugin
2023-07-14 12:20:40,275 [INFO] IPUIPlugin:80 - create IPUIPlugin
2023-07-14 12:20:40,276 [INFO] IPUIPlugin:80 - create IPUIPlugin
2023-07-14 12:20:40,276 [INFO] IPUIPlugin:80 - create IPUIPlugin
2023-07-14 12:20:40,276 [INFO] IPUIPlugin:80 - create IPUIPlugin
2023-07-14 12:20:40,276 [INFO] IPUIPlugin:80 - create IPUIPlugin
2023-07-14 12:20:40,277 [INFO] IPUIPlugin:80 - create IPUIPlugin
2023-07-14 12:20:40,277 [INFO] IPUIPlugin:80 - create IPUIPlugin
2023-07-14 12:20:40,277 [INFO] IPUIPlugin:80 - create IPUIPlugin
2023-07-14 12:20:40,277 [INFO] IPUIPlugin:80 - create IPUIPlugin
2023-07-14 12:20:40,278 [INFO] IPUIPlugin:80 - create IPUIPlugin
2023-07-14 12:20:40,278 [INFO] IPUIPlugin:80 - create IPUIPlugin
2023-07-14 12:20:40,278 [INFO] IPUIPlugin:80 - create IPUIPlugin
2023-07-14 12:20:40,278 [INFO] IPUIPlugin:80 - create IPUIPlugin
2023-07-14 12:20:40,278 [INFO] IPUIPlugin:80 - create IPUIPlugin
2023-07-14 12:20:40,279 [INFO] IPUIPlugin:80 - create IPUIPlugin
2023-07-14 12:20:40,279 [INFO] IPUIPlugin:80 - create IPUIPlugin
2023-07-14 12:20:40,279 [INFO] IPUIPlugin:80 - create IPUIPlugin
2023-07-14 12:20:40,280 [INFO] IPUIPlugin:80 - create IPUIPlugin
2023-07-14 12:20:40,280 [INFO] IPUIPlugin:80 - create IPUIPlugin
2023-07-14 12:20:40,280 [INFO] IPUIPlugin:80 - create IPUIPlugin
2023-07-14 12:20:40,281 [INFO] IPUIPlugin:80 - create IPUIPlugin
2023-07-14 12:20:40,281 [INFO] IPUIPlugin:80 - create IPUIPlugin
2023-07-14 12:20:40,281 [INFO] IPUIPlugin:80 - create IPUIPlugin
2023-07-14 12:20:40,474 [INFO] CADModel:165 - CPN selected for project levelSTM32L432KCU3
2023-07-14 12:20:40,474 [INFO] CADModel:114 - Register for checkConnection events
2023-07-14 12:20:40,513 [INFO] OpenFileManager:328 - Restore cursor
2023-07-14 12:20:41,202 [INFO] UtilMem:75 - End SaveConfig() Used Memory: 548310800 Bytes (724566016)
2023-07-14 12:20:41,244 [INFO] UtilMem:75 - End SaveConfig() Used Memory: 529698616 Bytes (724566016)
2023-07-14 12:20:41,635 [INFO] BlockDiagram:2759 - set Specific Code input for plugin: NVIC
2023-07-14 12:20:41,635 [INFO] BlockDiagram:2759 - set Specific Code input for plugin: RCC
2023-07-14 12:20:41,637 [INFO] CodeGenerator:793 - code generatio: config db path: C:\ST\STM32CubeIDE_1.12.1\STM32CubeIDE\plugins\com.st.stm32cube.common.mx_6.8.1.202304191431\\db\
2023-07-14 12:20:41,889 [INFO] CodeEngine:255 - oldGeneratedFile, C:\Users\GAMING\STM32CubeIDE\workspace_1.12.1\OTA-FW\MXTmpFiles\license.tmp_save
2023-07-14 12:20:42,170 [INFO] CodeEngine:279 - Generated code: C:\Users\GAMING\STM32CubeIDE\workspace_1.12.1\OTA-FW\MXTmpFiles\license.tmp
2023-07-14 12:20:42,185 [INFO] CodeEngine:255 - oldGeneratedFile, C:\Users\GAMING\STM32CubeIDE\workspace_1.12.1\OTA-FW\Core\Src\stm32l4xx_it.c_save
2023-07-14 12:20:42,342 [INFO] CodeEngine:279 - Generated code: C:\Users\GAMING\STM32CubeIDE\workspace_1.12.1\OTA-FW\Core\Src\stm32l4xx_it.c
2023-07-14 12:20:42,350 [INFO] CodeEngine:255 - oldGeneratedFile, C:\Users\GAMING\STM32CubeIDE\workspace_1.12.1\OTA-FW\Core\Inc\stm32l4xx_it.h_save
2023-07-14 12:20:42,441 [INFO] CodeEngine:279 - Generated code: C:\Users\GAMING\STM32CubeIDE\workspace_1.12.1\OTA-FW\Core\Inc\stm32l4xx_it.h
2023-07-14 12:20:42,609 [INFO] CodeEngine:255 - oldGeneratedFile, C:\Users\GAMING\STM32CubeIDE\workspace_1.12.1\OTA-FW\Core\Src\stm32l4xx_hal_msp.c_save
2023-07-14 12:20:42,733 [INFO] CodeEngine:279 - Generated code: C:\Users\GAMING\STM32CubeIDE\workspace_1.12.1\OTA-FW\Core\Src\stm32l4xx_hal_msp.c
2023-07-14 12:20:42,740 [INFO] CodeEngine:255 - oldGeneratedFile, C:\Users\GAMING\STM32CubeIDE\workspace_1.12.1\OTA-FW\MXTmpFiles\system.tmp_save
2023-07-14 12:20:42,789 [INFO] CodeEngine:279 - Generated code: C:\Users\GAMING\STM32CubeIDE\workspace_1.12.1\OTA-FW\MXTmpFiles\system.tmp
2023-07-14 12:20:42,801 [INFO] CodeEngine:311 - oldGeneratedFile, C:\Users\GAMING\STM32CubeIDE\workspace_1.12.1\OTA-FW\Core\Inc\stm32l4xx_hal_conf.h_save
2023-07-14 12:20:42,901 [INFO] CodeEngine:335 - Generated code: C:\Users\GAMING\STM32CubeIDE\workspace_1.12.1\OTA-FW\Core\Inc\stm32l4xx_hal_conf.h
2023-07-14 12:20:42,958 [INFO] CodeEngine:255 - oldGeneratedFile, C:\Users\GAMING\STM32CubeIDE\workspace_1.12.1\OTA-FW\Core\Inc\main.h_save
2023-07-14 12:20:43,064 [INFO] CodeEngine:279 - Generated code: C:\Users\GAMING\STM32CubeIDE\workspace_1.12.1\OTA-FW\Core\Inc\main.h
2023-07-14 12:20:43,073 [INFO] CodeEngine:255 - oldGeneratedFile, C:\Users\GAMING\STM32CubeIDE\workspace_1.12.1\OTA-FW\Core\Src\main.c_save
2023-07-14 12:20:43,208 [INFO] CodeEngine:279 - Generated code: C:\Users\GAMING\STM32CubeIDE\workspace_1.12.1\OTA-FW\Core\Src\main.c
2023-07-14 12:20:43,723 [INFO] ProjectBuilder:2996 - Time for Copy HAL[1] : 145mS.
2023-07-14 12:20:43,732 [INFO] ProjectBuilder:4304 - Project Generator version: 3.19.2
2023-07-14 12:20:43,970 [INFO] ConfigFileManager:1483 - The Die is : DIE435
2023-07-14 12:20:43,985 [INFO] ApiDbMcu:507 - Load IP Config File for FATFS
2023-07-14 12:20:43,995 [INFO] ApiDbMcu:507 - Load IP Config File for FREERTOS
2023-07-14 12:20:44,011 [INFO] ApiDbMcu:507 - Load IP Config File for TOUCHSENSING
2023-07-14 12:20:44,021 [INFO] ApiDbMcu:507 - Load IP Config File for USB_DEVICE
2023-07-14 12:20:44,794 [INFO] LogOutputStream:77 - [STDOUT_REDIRECT] 
2023-07-14 12:20:47,473 [INFO] ProjectBuilder:4505 - Time for Generating toolchain IDE Files: 3741mS.
2023-07-14 12:20:47,474 [INFO] ProjectBuilder:2867 - Time for Copy CMSIS : 1mS.
2023-07-14 12:20:47,476 [INFO] ProjectBuilder:2867 - Time for Copy CMSIS : 0mS.
2023-07-14 12:20:48,098 [INFO] McuFinderGlobals:66 - Set McuFinderConnectedMode to true
2023-07-14 12:20:48,100 [INFO] ApiDb:448 - Save user favorites file C:\Users\GAMING/.stm32cubeide/favorites.mcus.txt: 0 item(s)
2023-07-14 12:20:48,100 [INFO] ApiDb:452 - User favorites MCUs=[]
2023-07-14 12:21:58,856 [INFO] Gpio:273 - dependency for GPIO [USART1]
2023-07-14 12:22:18,518 [INFO] UtilMem:75 - End SaveConfig() Used Memory: 617702120 Bytes (853540864)
2023-07-14 12:22:18,551 [INFO] UtilMem:75 - End SaveConfig() Used Memory: 631400536 Bytes (853540864)
2023-07-14 12:22:19,030 [INFO] UtilMem:75 - End SaveConfig() Used Memory: 552110488 Bytes (853540864)
2023-07-14 12:22:19,204 [INFO] BlockDiagram:2759 - set Specific Code input for plugin: NVIC
2023-07-14 12:22:19,204 [INFO] BlockDiagram:2759 - set Specific Code input for plugin: USART
2023-07-14 12:22:19,204 [INFO] BlockDiagram:2759 - set Specific Code input for plugin: GPIO
2023-07-14 12:22:19,205 [INFO] BlockDiagram:2759 - set Specific Code input for plugin: RCC
2023-07-14 12:22:19,205 [INFO] BlockDiagram:2759 - set Specific Code input for plugin: CRC
2023-07-14 12:22:19,205 [INFO] CodeGenerator:793 - code generatio: config db path: C:\ST\STM32CubeIDE_1.12.1\STM32CubeIDE\plugins\com.st.stm32cube.common.mx_6.8.1.202304191431\\db\
2023-07-14 12:22:19,314 [INFO] CodeEngine:255 - oldGeneratedFile, C:\Users\GAMING\STM32CubeIDE\workspace_1.12.1\OTA-FW\MXTmpFiles\license.tmp_save
2023-07-14 12:22:19,396 [INFO] CodeEngine:279 - Generated code: C:\Users\GAMING\STM32CubeIDE\workspace_1.12.1\OTA-FW\MXTmpFiles\license.tmp
2023-07-14 12:22:19,461 [INFO] CodeEngine:255 - oldGeneratedFile, C:\Users\GAMING\STM32CubeIDE\workspace_1.12.1\OTA-FW\MXTmpFiles\gpio.tmp_save
2023-07-14 12:22:19,531 [INFO] CodeEngine:279 - Generated code: C:\Users\GAMING\STM32CubeIDE\workspace_1.12.1\OTA-FW\MXTmpFiles\gpio.tmp
2023-07-14 12:22:19,621 [INFO] CodeEngine:255 - oldGeneratedFile, C:\Users\GAMING\STM32CubeIDE\workspace_1.12.1\OTA-FW\Core\Src\stm32l4xx_it.c_save
2023-07-14 12:22:19,675 [INFO] CodeEngine:279 - Generated code: C:\Users\GAMING\STM32CubeIDE\workspace_1.12.1\OTA-FW\Core\Src\stm32l4xx_it.c
2023-07-14 12:22:19,687 [INFO] CodeEngine:255 - oldGeneratedFile, C:\Users\GAMING\STM32CubeIDE\workspace_1.12.1\OTA-FW\Core\Inc\stm32l4xx_it.h_save
2023-07-14 12:22:19,738 [INFO] CodeEngine:279 - Generated code: C:\Users\GAMING\STM32CubeIDE\workspace_1.12.1\OTA-FW\Core\Inc\stm32l4xx_it.h
2023-07-14 12:22:19,764 [INFO] CodeEngine:255 - oldGeneratedFile, C:\Users\GAMING\STM32CubeIDE\workspace_1.12.1\OTA-FW\Core\Src\stm32l4xx_hal_msp.c_save
2023-07-14 12:22:19,859 [INFO] CodeEngine:279 - Generated code: C:\Users\GAMING\STM32CubeIDE\workspace_1.12.1\OTA-FW\Core\Src\stm32l4xx_hal_msp.c
2023-07-14 12:22:19,863 [INFO] CodeEngine:255 - oldGeneratedFile, C:\Users\GAMING\STM32CubeIDE\workspace_1.12.1\OTA-FW\MXTmpFiles\system.tmp_save
2023-07-14 12:22:19,903 [INFO] CodeEngine:279 - Generated code: C:\Users\GAMING\STM32CubeIDE\workspace_1.12.1\OTA-FW\MXTmpFiles\system.tmp
2023-07-14 12:22:19,915 [INFO] CodeEngine:311 - oldGeneratedFile, C:\Users\GAMING\STM32CubeIDE\workspace_1.12.1\OTA-FW\Core\Inc\stm32l4xx_hal_conf.h_save
2023-07-14 12:22:20,000 [INFO] CodeEngine:335 - Generated code: C:\Users\GAMING\STM32CubeIDE\workspace_1.12.1\OTA-FW\Core\Inc\stm32l4xx_hal_conf.h
2023-07-14 12:22:20,037 [INFO] CodeEngine:255 - oldGeneratedFile, C:\Users\GAMING\STM32CubeIDE\workspace_1.12.1\OTA-FW\Core\Inc\main.h_save
2023-07-14 12:22:20,094 [INFO] CodeEngine:279 - Generated code: C:\Users\GAMING\STM32CubeIDE\workspace_1.12.1\OTA-FW\Core\Inc\main.h
2023-07-14 12:22:20,106 [INFO] CodeEngine:255 - oldGeneratedFile, C:\Users\GAMING\STM32CubeIDE\workspace_1.12.1\OTA-FW\Core\Src\main.c_save
2023-07-14 12:22:20,196 [INFO] CodeEngine:279 - Generated code: C:\Users\GAMING\STM32CubeIDE\workspace_1.12.1\OTA-FW\Core\Src\main.c
2023-07-14 12:22:20,660 [INFO] ProjectBuilder:2996 - Time for Copy HAL[1] : 133mS.
2023-07-14 12:22:20,663 [INFO] ProjectBuilder:4304 - Project Generator version: 3.19.2
2023-07-14 12:22:20,899 [INFO] ConfigFileManager:1483 - The Die is : DIE435
2023-07-14 12:22:22,136 [INFO] ProjectBuilder:4505 - Time for Generating toolchain IDE Files: 1473mS.
2023-07-14 12:22:22,137 [INFO] ProjectBuilder:2867 - Time for Copy CMSIS : 1mS.
2023-07-14 12:22:22,139 [INFO] ProjectBuilder:2867 - Time for Copy CMSIS : 0mS.
